

Microchip MPLAB XC8 Assembler V2.31 build 20201012212115 
                                                                                               Wed Feb 24 18:16:35 2021

Microchip MPLAB XC8 C Compiler v2.31 (Free license) build 20201012212115 Og1 
     1                           	processor	18F27Q43
     2                           	fnconf	rparam,??,?,0
     3                           	pagewidth 120
     4                           	opt	flic
     5                           	psect	cinit,global,reloc=2,class=CODE,delta=1
     6                           	psect	bssCOMRAM,global,class=COMRAM,space=1,delta=1,lowdata,noexec
     7                           	psect	cstackCOMRAM,global,class=COMRAM,space=1,delta=1,lowdata,noexec
     8                           	psect	text0,global,reloc=2,class=CODE,delta=1
     9                           	psect	text1,global,reloc=2,class=CODE,delta=1
    10                           	psect	text2,global,reloc=2,class=CODE,delta=1
    11                           	psect	text3,global,reloc=2,class=CODE,delta=1
    12                           	psect	text4,global,reloc=2,class=CODE,delta=1
    13                           	psect	text5,global,reloc=2,class=CODE,delta=1
    14                           	psect	text6,global,reloc=2,class=CODE,delta=1
    15                           	psect	intsave_regs,global,class=BIGRAM,space=1,delta=1,noexec
    16                           	psect	rparam,global,class=COMRAM,space=1,delta=1,noexec
    17                           	psect	idloc,global,abs,ovrld,class=IDLOC,space=5,delta=1,noexec
    18                           	psect	config,global,abs,ovrld,class=CONFIG,space=4,delta=1,noexec
    19  0000                     
    20                           ; Version 2.30
    21                           ; Generated 20/08/2020 GMT
    22                           ; 
    23                           ; Copyright © 2020, Microchip Technology Inc. and its subsidiaries ("Microchip")
    24                           ; All rights reserved.
    25                           ; 
    26                           ; This software is developed by Microchip Technology Inc. and its subsidiaries ("Microch
      +                          ip").
    27                           ; 
    28                           ; Redistribution and use in source and binary forms, with or without modification, are
    29                           ; permitted provided that the following conditions are met:
    30                           ; 
    31                           ;     1. Redistributions of source code must retain the above copyright notice, this lis
      +                          t of
    32                           ;        conditions and the following disclaimer.
    33                           ; 
    34                           ;     2. Redistributions in binary form must reproduce the above copyright notice, this 
      +                          list
    35                           ;        of conditions and the following disclaimer in the documentation and/or other
    36                           ;        materials provided with the distribution. Publication is not required when
    37                           ;        this file is used in an embedded application.
    38                           ; 
    39                           ;     3. Microchip's name may not be used to endorse or promote products derived from th
      +                          is
    40                           ;        software without specific prior written permission.
    41                           ; 
    42                           ; THIS SOFTWARE IS PROVIDED BY MICROCHIP "AS IS" AND ANY EXPRESS OR IMPLIED WARRANTIES,
    43                           ; INCLUDING, BUT NOT LIMITED TO, THE IMPLIED WARRANTIES OF MERCHANTABILITY AND FITNESS F
      +                          OR
    44                           ; PURPOSE ARE DISCLAIMED.  IN NO EVENT SHALL MICROCHIP BE LIABLE FOR ANY DIRECT, INDIREC
      +                          T,
    45                           ; INCIDENTAL, SPECIAL, EXEMPLARY, OR CONSEQUENTIAL DAMAGES (INCLUDING BUT NOT LIMITED TO
    46                           ; PROCUREMENT OF SUBSTITUTE GOODS OR SERVICES; LOSS OF USE, DATA OR PROFITS; OR BUSINESS
    47                           ; INTERRUPTION) HOWSOEVER CAUSED AND ON ANY THEORY OF LIABILITY, WHETHER IN CONTRACT, ST
      +                          RICT
    48                           ; LIABILITY, OR TORT (INCLUDING NEGLIGENCE OR OTHERWISE) ARISING IN ANY WAY OUT OF THE U
      +                          SE OF
    49                           ; THIS SOFTWARE, EVEN IF ADVISED OF THE POSSIBILITY OF SUCH DAMAGE.
    50                           ; 
    51                           ; 
    52                           ; Code-generator required, PIC18F27Q43 Definitions
    53                           ; 
    54                           ; SFR Addresses
    55  0000                     _ANSELB	set	1032
    56  0000                     _ANSELA	set	1024
    57  0000                     _TRISB	set	1223
    58  0000                     _LATB	set	1215
    59  0000                     _PORTB	set	1231
    60  0000                     _TRISA	set	1222
    61  0000                     _LATA	set	1214
    62  0000                     _PORTA	set	1230
    63                           
    64                           ; #config settings
    65                           
    66                           	psect	cinit
    67  01FF06                     __pcinit:
    68                           	callstack 0
    69  01FF06                     start_initialization:
    70                           	callstack 0
    71  01FF06                     __initialization:
    72                           	callstack 0
    73                           
    74                           ; Clear objects allocated to COMRAM (17 bytes)
    75  01FF06  EE01  F101         	lfsr	0,__pbssCOMRAM
    76  01FF0A  0E11               	movlw	17
    77  01FF0C                     clear_0:
    78  01FF0C  6AEE               	clrf	postinc0,c
    79  01FF0E  06E8               	decf	wreg,f,c
    80  01FF10  E1FD               	bnz	clear_0
    81  01FF12                     end_of_initialization:
    82                           	callstack 0
    83  01FF12                     __end_of__initialization:
    84                           	callstack 0
    85  01FF12  0100               	movlb	0
    86  01FF14  EF9D  F0FF         	goto	_main	;jump to C main() function
    87                           
    88                           	psect	bssCOMRAM
    89  000501                     __pbssCOMRAM:
    90                           	callstack 0
    91  000501                     UserAppRun@Button_old:
    92                           	callstack 0
    93  000501                     	ds	4
    94  000505                     _G_u32SystemFlags:
    95                           	callstack 0
    96  000505                     	ds	4
    97  000509                     _G_u32SystemTime1s:
    98                           	callstack 0
    99  000509                     	ds	4
   100  00050D                     _G_u32SystemTime1ms:
   101                           	callstack 0
   102  00050D                     	ds	4
   103  000511                     _G_u8UserAppFlags:
   104                           	callstack 0
   105  000511                     	ds	1
   106                           
   107                           	psect	cstackCOMRAM
   108  000512                     __pcstackCOMRAM:
   109                           	callstack 0
   110  000512                     ??_UserAppRun:
   111  000512                     
   112                           ; 1 bytes @ 0x0
   113  000512                     	ds	1
   114  000513                     UserAppRun@Button_new:
   115                           	callstack 0
   116                           
   117                           ; 4 bytes @ 0x1
   118  000513                     	ds	4
   119  000517                     
   120                           ; 1 bytes @ 0x5
   121 ;;
   122 ;;Main: autosize = 0, tempsize = 0, incstack = 0, save=0
   123 ;;
   124 ;; *************** function _main *****************
   125 ;; Defined at:
   126 ;;		line 35 in file "main.c"
   127 ;; Parameters:    Size  Location     Type
   128 ;;		None
   129 ;; Auto vars:     Size  Location     Type
   130 ;;		None
   131 ;; Return value:  Size  Location     Type
   132 ;;                  1    wreg      void 
   133 ;; Registers used:
   134 ;;		wreg, status,2, status,0, cstack
   135 ;; Tracked objects:
   136 ;;		On entry : 0/0
   137 ;;		On exit  : 0/0
   138 ;;		Unchanged: 0/0
   139 ;; Data sizes:     COMRAM   BANK5   BANK6   BANK7   BANK8   BANK9  BANK10  BANK11  BANK12  BANK13  BANK14  BANK15  BANK1
      +6  BANK17  BANK18  BANK19  BANK20  BANK21  BANK22  BANK23  BANK24  BANK25  BANK26  BANK27  BANK28  BANK29  BANK30  BANK3
      +1  BANK32  BANK33  BANK34  BANK35  BANK36  BANK37
   140 ;;      Params:         0       0       0       0       0       0       0       0       0       0       0       0       
      +0       0       0       0       0       0       0       0       0       0       0       0       0       0       0       
      +0       0       0       0       0       0       0
   141 ;;      Locals:         0       0       0       0       0       0       0       0       0       0       0       0       
      +0       0       0       0       0       0       0       0       0       0       0       0       0       0       0       
      +0       0       0       0       0       0       0
   142 ;;      Temps:          0       0       0       0       0       0       0       0       0       0       0       0       
      +0       0       0       0       0       0       0       0       0       0       0       0       0       0       0       
      +0       0       0       0       0       0       0
   143 ;;      Totals:         0       0       0       0       0       0       0       0       0       0       0       0       
      +0       0       0       0       0       0       0       0       0       0       0       0       0       0       0       
      +0       0       0       0       0       0       0
   144 ;;Total ram usage:        0 bytes
   145 ;; Hardware stack levels required when called:    1
   146 ;; This function calls:
   147 ;;		_ClockSetup
   148 ;;		_GpioSetup
   149 ;;		_SysTickSetup
   150 ;;		_SystemSleep
   151 ;;		_UserAppInitialize
   152 ;;		_UserAppRun
   153 ;; This function is called by:
   154 ;;		Startup code after reset
   155 ;; This function uses a non-reentrant model
   156 ;;
   157                           
   158                           	psect	text0
   159  01FF3A                     __ptext0:
   160                           	callstack 0
   161  01FF3A                     _main:
   162                           	callstack 127
   163  01FF3A                     
   164                           ;main.c: 37:   G_u32SystemFlags |= (u32)0x80000000;
   165  01FF3A  8E08               	bsf	(_G_u32SystemFlags+3)^(0+1280),7,c	;volatile
   166  01FF3C                     
   167                           ;main.c: 40:   ClockSetup();
   168  01FF3C  EC80  F0FF         	call	_ClockSetup	;wreg free
   169  01FF40                     
   170                           ;main.c: 41:   SysTickSetup();
   171  01FF40  EC8C  F0FF         	call	_SysTickSetup	;wreg free
   172  01FF44                     
   173                           ;main.c: 42:   GpioSetup();
   174  01FF44  ECAE  F0FF         	call	_GpioSetup	;wreg free
   175  01FF48                     
   176                           ;main.c: 47:   UserAppInitialize();
   177  01FF48  EC82  F0FF         	call	_UserAppInitialize	;wreg free
   178  01FF4C                     l793:
   179                           
   180                           ;main.c: 53:   {;main.c: 57:     UserAppRun();
   181  01FF4C  ECC0  F0FF         	call	_UserAppRun	;wreg free
   182  01FF50                     
   183                           ;main.c: 62:     SystemSleep();
   184  01FF50  EC81  F0FF         	call	_SystemSleep	;wreg free
   185  01FF54  EFA6  F0FF         	goto	l793
   186  01FF58  EFFE  F0FF         	goto	start
   187  01FF5C                     __end_of_main:
   188                           	callstack 0
   189                           
   190 ;; *************** function _UserAppRun *****************
   191 ;; Defined at:
   192 ;;		line 95 in file "user_app.c"
   193 ;; Parameters:    Size  Location     Type
   194 ;;		None
   195 ;; Auto vars:     Size  Location     Type
   196 ;;  Button_new      4    1[COMRAM] unsigned long 
   197 ;; Return value:  Size  Location     Type
   198 ;;                  1    wreg      void 
   199 ;; Registers used:
   200 ;;		wreg, status,2, status,0
   201 ;; Tracked objects:
   202 ;;		On entry : 0/0
   203 ;;		On exit  : 0/0
   204 ;;		Unchanged: 0/0
   205 ;; Data sizes:     COMRAM   BANK5   BANK6   BANK7   BANK8   BANK9  BANK10  BANK11  BANK12  BANK13  BANK14  BANK15  BANK1
      +6  BANK17  BANK18  BANK19  BANK20  BANK21  BANK22  BANK23  BANK24  BANK25  BANK26  BANK27  BANK28  BANK29  BANK30  BANK3
      +1  BANK32  BANK33  BANK34  BANK35  BANK36  BANK37
   206 ;;      Params:         0       0       0       0       0       0       0       0       0       0       0       0       
      +0       0       0       0       0       0       0       0       0       0       0       0       0       0       0       
      +0       0       0       0       0       0       0
   207 ;;      Locals:         4       0       0       0       0       0       0       0       0       0       0       0       
      +0       0       0       0       0       0       0       0       0       0       0       0       0       0       0       
      +0       0       0       0       0       0       0
   208 ;;      Temps:          1       0       0       0       0       0       0       0       0       0       0       0       
      +0       0       0       0       0       0       0       0       0       0       0       0       0       0       0       
      +0       0       0       0       0       0       0
   209 ;;      Totals:         5       0       0       0       0       0       0       0       0       0       0       0       
      +0       0       0       0       0       0       0       0       0       0       0       0       0       0       0       
      +0       0       0       0       0       0       0
   210 ;;Total ram usage:        5 bytes
   211 ;; Hardware stack levels used:    1
   212 ;; This function calls:
   213 ;;		Nothing
   214 ;; This function is called by:
   215 ;;		_main
   216 ;; This function uses a non-reentrant model
   217 ;;
   218                           
   219                           	psect	text1
   220  01FF80                     __ptext1:
   221                           	callstack 0
   222  01FF80                     _UserAppRun:
   223                           	callstack 127
   224  01FF80                     
   225                           ;user_app.c: 97:   static u32 Button_old=0x00;;user_app.c: 98:     u32 Button_new = PORT
      +                          B & 0x20;
   226  01FF80  0061 F33C  F512    	movff	1231,??_UserAppRun	;volatile
   227  01FF86  0E20               	movlw	32
   228  01FF88  1612               	andwf	??_UserAppRun^(0+1280),f,c
   229  01FF8A  5012               	movf	??_UserAppRun^(0+1280),w,c
   230  01FF8C  6E13               	movwf	UserAppRun@Button_new^(0+1280),c
   231  01FF8E  6A14               	clrf	(UserAppRun@Button_new+1)^(0+1280),c
   232  01FF90  6A15               	clrf	(UserAppRun@Button_new+2)^(0+1280),c
   233  01FF92  6A16               	clrf	(UserAppRun@Button_new+3)^(0+1280),c
   234                           
   235                           ;user_app.c: 99:     if(Button_old != Button_new)
   236  01FF94  5013               	movf	UserAppRun@Button_new^(0+1280),w,c
   237  01FF96  1801               	xorwf	UserAppRun@Button_old^(0+1280),w,c
   238  01FF98  E10F               	bnz	u10
   239  01FF9A  5014               	movf	(UserAppRun@Button_new+1)^(0+1280),w,c
   240  01FF9C  1802               	xorwf	(UserAppRun@Button_old+1)^(0+1280),w,c
   241  01FF9E  E10C               	bnz	u10
   242  01FFA0  5015               	movf	(UserAppRun@Button_new+2)^(0+1280),w,c
   243  01FFA2  1803               	xorwf	(UserAppRun@Button_old+2)^(0+1280),w,c
   244  01FFA4  E109               	bnz	u10
   245  01FFA6  5016               	movf	(UserAppRun@Button_new+3)^(0+1280),w,c
   246  01FFA8  1804               	xorwf	(UserAppRun@Button_old+3)^(0+1280),w,c
   247  01FFAA  B4D8               	btfsc	status,2,c
   248  01FFAC  EFDA  F0FF         	goto	u11
   249  01FFB0  EFDC  F0FF         	goto	u10
   250  01FFB4                     u11:
   251  01FFB4  EFFD  F0FF         	goto	l75
   252  01FFB8                     u10:
   253  01FFB8                     
   254                           ;user_app.c: 100:     {;user_app.c: 101:         if(Button_old != 0x20)
   255  01FFB8  0E20               	movlw	32
   256  01FFBA  1801               	xorwf	UserAppRun@Button_old^(0+1280),w,c
   257  01FFBC  1002               	iorwf	(UserAppRun@Button_old+1)^(0+1280),w,c
   258  01FFBE  1003               	iorwf	(UserAppRun@Button_old+2)^(0+1280),w,c
   259  01FFC0  1004               	iorwf	(UserAppRun@Button_old+3)^(0+1280),w,c
   260  01FFC2  B4D8               	btfsc	status,2,c
   261  01FFC4  EFE6  F0FF         	goto	u21
   262  01FFC8  EFE8  F0FF         	goto	u20
   263  01FFCC                     u21:
   264  01FFCC  EFF5  F0FF         	goto	l765
   265  01FFD0                     u20:
   266  01FFD0                     
   267                           ;user_app.c: 102:         {;user_app.c: 103:             if(LATA==0x3F)
   268  01FFD0  0E3F               	movlw	63
   269  01FFD2  18BE               	xorwf	190,w,c	;volatile
   270  01FFD4  A4D8               	btfss	status,2,c
   271  01FFD6  EFEF  F0FF         	goto	u31
   272  01FFDA  EFF1  F0FF         	goto	u30
   273  01FFDE                     u31:
   274  01FFDE  EFF3  F0FF         	goto	l763
   275  01FFE2                     u30:
   276  01FFE2                     
   277                           ;user_app.c: 104:             {;user_app.c: 105:               LATA=0x80;
   278  01FFE2  0E80               	movlw	128
   279  01FFE4  6EBE               	movwf	190,c	;volatile
   280  01FFE6                     l763:
   281                           
   282                           ;user_app.c: 108:             LATA= LATA+0X01;
   283  01FFE6  28BE               	incf	190,w,c	;volatile
   284  01FFE8  6EBE               	movwf	190,c	;volatile
   285  01FFEA                     l765:
   286                           
   287                           ;user_app.c: 110:         Button_old=Button_new;
   288  01FFEA  C513  F501         	movff	UserAppRun@Button_new,UserAppRun@Button_old
   289  01FFEE  C514  F502         	movff	UserAppRun@Button_new+1,UserAppRun@Button_old+1
   290  01FFF2  C515  F503         	movff	UserAppRun@Button_new+2,UserAppRun@Button_old+2
   291  01FFF6  C516  F504         	movff	UserAppRun@Button_new+3,UserAppRun@Button_old+3
   292  01FFFA                     l75:
   293  01FFFA  0012               	return		;funcret
   294  01FFFC                     __end_of_UserAppRun:
   295                           	callstack 0
   296                           
   297 ;; *************** function _UserAppInitialize *****************
   298 ;; Defined at:
   299 ;;		line 76 in file "user_app.c"
   300 ;; Parameters:    Size  Location     Type
   301 ;;		None
   302 ;; Auto vars:     Size  Location     Type
   303 ;;		None
   304 ;; Return value:  Size  Location     Type
   305 ;;                  1    wreg      void 
   306 ;; Registers used:
   307 ;;		None
   308 ;; Tracked objects:
   309 ;;		On entry : 0/0
   310 ;;		On exit  : 0/0
   311 ;;		Unchanged: 0/0
   312 ;; Data sizes:     COMRAM   BANK5   BANK6   BANK7   BANK8   BANK9  BANK10  BANK11  BANK12  BANK13  BANK14  BANK15  BANK1
      +6  BANK17  BANK18  BANK19  BANK20  BANK21  BANK22  BANK23  BANK24  BANK25  BANK26  BANK27  BANK28  BANK29  BANK30  BANK3
      +1  BANK32  BANK33  BANK34  BANK35  BANK36  BANK37
   313 ;;      Params:         0       0       0       0       0       0       0       0       0       0       0       0       
      +0       0       0       0       0       0       0       0       0       0       0       0       0       0       0       
      +0       0       0       0       0       0       0
   314 ;;      Locals:         0       0       0       0       0       0       0       0       0       0       0       0       
      +0       0       0       0       0       0       0       0       0       0       0       0       0       0       0       
      +0       0       0       0       0       0       0
   315 ;;      Temps:          0       0       0       0       0       0       0       0       0       0       0       0       
      +0       0       0       0       0       0       0       0       0       0       0       0       0       0       0       
      +0       0       0       0       0       0       0
   316 ;;      Totals:         0       0       0       0       0       0       0       0       0       0       0       0       
      +0       0       0       0       0       0       0       0       0       0       0       0       0       0       0       
      +0       0       0       0       0       0       0
   317 ;;Total ram usage:        0 bytes
   318 ;; Hardware stack levels used:    1
   319 ;; This function calls:
   320 ;;		Nothing
   321 ;; This function is called by:
   322 ;;		_main
   323 ;; This function uses a non-reentrant model
   324 ;;
   325                           
   326                           	psect	text2
   327  01FF04                     __ptext2:
   328                           	callstack 0
   329  01FF04                     _UserAppInitialize:
   330                           	callstack 127
   331  01FF04  0012               	return		;funcret
   332  01FF06                     __end_of_UserAppInitialize:
   333                           	callstack 0
   334                           
   335 ;; *************** function _SystemSleep *****************
   336 ;; Defined at:
   337 ;;		line 137 in file "encm369_pic18.c"
   338 ;; Parameters:    Size  Location     Type
   339 ;;		None
   340 ;; Auto vars:     Size  Location     Type
   341 ;;		None
   342 ;; Return value:  Size  Location     Type
   343 ;;                  1    wreg      void 
   344 ;; Registers used:
   345 ;;		None
   346 ;; Tracked objects:
   347 ;;		On entry : 0/0
   348 ;;		On exit  : 0/0
   349 ;;		Unchanged: 0/0
   350 ;; Data sizes:     COMRAM   BANK5   BANK6   BANK7   BANK8   BANK9  BANK10  BANK11  BANK12  BANK13  BANK14  BANK15  BANK1
      +6  BANK17  BANK18  BANK19  BANK20  BANK21  BANK22  BANK23  BANK24  BANK25  BANK26  BANK27  BANK28  BANK29  BANK30  BANK3
      +1  BANK32  BANK33  BANK34  BANK35  BANK36  BANK37
   351 ;;      Params:         0       0       0       0       0       0       0       0       0       0       0       0       
      +0       0       0       0       0       0       0       0       0       0       0       0       0       0       0       
      +0       0       0       0       0       0       0
   352 ;;      Locals:         0       0       0       0       0       0       0       0       0       0       0       0       
      +0       0       0       0       0       0       0       0       0       0       0       0       0       0       0       
      +0       0       0       0       0       0       0
   353 ;;      Temps:          0       0       0       0       0       0       0       0       0       0       0       0       
      +0       0       0       0       0       0       0       0       0       0       0       0       0       0       0       
      +0       0       0       0       0       0       0
   354 ;;      Totals:         0       0       0       0       0       0       0       0       0       0       0       0       
      +0       0       0       0       0       0       0       0       0       0       0       0       0       0       0       
      +0       0       0       0       0       0       0
   355 ;;Total ram usage:        0 bytes
   356 ;; Hardware stack levels used:    1
   357 ;; This function calls:
   358 ;;		Nothing
   359 ;; This function is called by:
   360 ;;		_main
   361 ;; This function uses a non-reentrant model
   362 ;;
   363                           
   364                           	psect	text3
   365  01FF02                     __ptext3:
   366                           	callstack 0
   367  01FF02                     _SystemSleep:
   368                           	callstack 127
   369  01FF02  0012               	return		;funcret
   370  01FF04                     __end_of_SystemSleep:
   371                           	callstack 0
   372                           
   373 ;; *************** function _SysTickSetup *****************
   374 ;; Defined at:
   375 ;;		line 115 in file "encm369_pic18.c"
   376 ;; Parameters:    Size  Location     Type
   377 ;;		None
   378 ;; Auto vars:     Size  Location     Type
   379 ;;		None
   380 ;; Return value:  Size  Location     Type
   381 ;;                  1    wreg      void 
   382 ;; Registers used:
   383 ;;		wreg, status,2
   384 ;; Tracked objects:
   385 ;;		On entry : 0/0
   386 ;;		On exit  : 0/0
   387 ;;		Unchanged: 0/0
   388 ;; Data sizes:     COMRAM   BANK5   BANK6   BANK7   BANK8   BANK9  BANK10  BANK11  BANK12  BANK13  BANK14  BANK15  BANK1
      +6  BANK17  BANK18  BANK19  BANK20  BANK21  BANK22  BANK23  BANK24  BANK25  BANK26  BANK27  BANK28  BANK29  BANK30  BANK3
      +1  BANK32  BANK33  BANK34  BANK35  BANK36  BANK37
   389 ;;      Params:         0       0       0       0       0       0       0       0       0       0       0       0       
      +0       0       0       0       0       0       0       0       0       0       0       0       0       0       0       
      +0       0       0       0       0       0       0
   390 ;;      Locals:         0       0       0       0       0       0       0       0       0       0       0       0       
      +0       0       0       0       0       0       0       0       0       0       0       0       0       0       0       
      +0       0       0       0       0       0       0
   391 ;;      Temps:          0       0       0       0       0       0       0       0       0       0       0       0       
      +0       0       0       0       0       0       0       0       0       0       0       0       0       0       0       
      +0       0       0       0       0       0       0
   392 ;;      Totals:         0       0       0       0       0       0       0       0       0       0       0       0       
      +0       0       0       0       0       0       0       0       0       0       0       0       0       0       0       
      +0       0       0       0       0       0       0
   393 ;;Total ram usage:        0 bytes
   394 ;; Hardware stack levels used:    1
   395 ;; This function calls:
   396 ;;		Nothing
   397 ;; This function is called by:
   398 ;;		_main
   399 ;; This function uses a non-reentrant model
   400 ;;
   401                           
   402                           	psect	text4
   403  01FF18                     __ptext4:
   404                           	callstack 0
   405  01FF18                     _SysTickSetup:
   406                           	callstack 127
   407  01FF18                     
   408                           ;encm369_pic18.c: 117:   G_u32SystemTime1ms = 0;
   409  01FF18  0E00               	movlw	0
   410  01FF1A  6E0D               	movwf	_G_u32SystemTime1ms^(0+1280),c	;volatile
   411  01FF1C  0E00               	movlw	0
   412  01FF1E  6E0E               	movwf	(_G_u32SystemTime1ms+1)^(0+1280),c	;volatile
   413  01FF20  0E00               	movlw	0
   414  01FF22  6E0F               	movwf	(_G_u32SystemTime1ms+2)^(0+1280),c	;volatile
   415  01FF24  0E00               	movlw	0
   416  01FF26  6E10               	movwf	(_G_u32SystemTime1ms+3)^(0+1280),c	;volatile
   417                           
   418                           ;encm369_pic18.c: 118:   G_u32SystemTime1s = 0;
   419  01FF28  0E00               	movlw	0
   420  01FF2A  6E09               	movwf	_G_u32SystemTime1s^(0+1280),c	;volatile
   421  01FF2C  0E00               	movlw	0
   422  01FF2E  6E0A               	movwf	(_G_u32SystemTime1s+1)^(0+1280),c	;volatile
   423  01FF30  0E00               	movlw	0
   424  01FF32  6E0B               	movwf	(_G_u32SystemTime1s+2)^(0+1280),c	;volatile
   425  01FF34  0E00               	movlw	0
   426  01FF36  6E0C               	movwf	(_G_u32SystemTime1s+3)^(0+1280),c	;volatile
   427  01FF38  0012               	return		;funcret
   428  01FF3A                     __end_of_SysTickSetup:
   429                           	callstack 0
   430                           
   431 ;; *************** function _GpioSetup *****************
   432 ;; Defined at:
   433 ;;		line 89 in file "encm369_pic18.c"
   434 ;; Parameters:    Size  Location     Type
   435 ;;		None
   436 ;; Auto vars:     Size  Location     Type
   437 ;;		None
   438 ;; Return value:  Size  Location     Type
   439 ;;                  1    wreg      void 
   440 ;; Registers used:
   441 ;;		wreg, status,2
   442 ;; Tracked objects:
   443 ;;		On entry : 0/0
   444 ;;		On exit  : 0/0
   445 ;;		Unchanged: 0/0
   446 ;; Data sizes:     COMRAM   BANK5   BANK6   BANK7   BANK8   BANK9  BANK10  BANK11  BANK12  BANK13  BANK14  BANK15  BANK1
      +6  BANK17  BANK18  BANK19  BANK20  BANK21  BANK22  BANK23  BANK24  BANK25  BANK26  BANK27  BANK28  BANK29  BANK30  BANK3
      +1  BANK32  BANK33  BANK34  BANK35  BANK36  BANK37
   447 ;;      Params:         0       0       0       0       0       0       0       0       0       0       0       0       
      +0       0       0       0       0       0       0       0       0       0       0       0       0       0       0       
      +0       0       0       0       0       0       0
   448 ;;      Locals:         0       0       0       0       0       0       0       0       0       0       0       0       
      +0       0       0       0       0       0       0       0       0       0       0       0       0       0       0       
      +0       0       0       0       0       0       0
   449 ;;      Temps:          0       0       0       0       0       0       0       0       0       0       0       0       
      +0       0       0       0       0       0       0       0       0       0       0       0       0       0       0       
      +0       0       0       0       0       0       0
   450 ;;      Totals:         0       0       0       0       0       0       0       0       0       0       0       0       
      +0       0       0       0       0       0       0       0       0       0       0       0       0       0       0       
      +0       0       0       0       0       0       0
   451 ;;Total ram usage:        0 bytes
   452 ;; Hardware stack levels used:    1
   453 ;; This function calls:
   454 ;;		Nothing
   455 ;; This function is called by:
   456 ;;		_main
   457 ;; This function uses a non-reentrant model
   458 ;;
   459                           
   460                           	psect	text5
   461  01FF5C                     __ptext5:
   462                           	callstack 0
   463  01FF5C                     _GpioSetup:
   464                           	callstack 127
   465  01FF5C                     
   466                           ;encm369_pic18.c: 91: PORTA = 0x00;
   467  01FF5C  0E00               	movlw	0
   468  01FF5E  6ECE               	movwf	206,c	;volatile
   469                           
   470                           ;encm369_pic18.c: 92: LATA = 0x80;
   471  01FF60  0E80               	movlw	128
   472  01FF62  6EBE               	movwf	190,c	;volatile
   473                           
   474                           ;encm369_pic18.c: 93: ANSELA = 0x00;
   475  01FF64  0E00               	movlw	0
   476  01FF66  0104               	movlb	4	; () banked
   477  01FF68  6F00               	movwf	0,b	;volatile
   478                           
   479                           ;encm369_pic18.c: 94: TRISA = 0x00;
   480  01FF6A  0E00               	movlw	0
   481  01FF6C  6EC6               	movwf	198,c	;volatile
   482                           
   483                           ;encm369_pic18.c: 96: PORTB = 0X00;
   484  01FF6E  0E00               	movlw	0
   485  01FF70  6ECF               	movwf	207,c	;volatile
   486                           
   487                           ;encm369_pic18.c: 97: LATB = 0x00;
   488  01FF72  0E00               	movlw	0
   489  01FF74  6EBF               	movwf	191,c	;volatile
   490                           
   491                           ;encm369_pic18.c: 98: ANSELB = 0x00;
   492  01FF76  0E00               	movlw	0
   493  01FF78  6F08               	movwf	8,b	;volatile
   494                           
   495                           ;encm369_pic18.c: 99: TRISB = 0x20;
   496  01FF7A  0E20               	movlw	32
   497  01FF7C  6EC7               	movwf	199,c	;volatile
   498  01FF7E                     
   499                           ; BSR set to: 4
   500  01FF7E  0012               	return		;funcret
   501  01FF80                     __end_of_GpioSetup:
   502                           	callstack 0
   503                           
   504 ;; *************** function _ClockSetup *****************
   505 ;; Defined at:
   506 ;;		line 70 in file "encm369_pic18.c"
   507 ;; Parameters:    Size  Location     Type
   508 ;;		None
   509 ;; Auto vars:     Size  Location     Type
   510 ;;		None
   511 ;; Return value:  Size  Location     Type
   512 ;;                  1    wreg      void 
   513 ;; Registers used:
   514 ;;		None
   515 ;; Tracked objects:
   516 ;;		On entry : 0/0
   517 ;;		On exit  : 0/0
   518 ;;		Unchanged: 0/0
   519 ;; Data sizes:     COMRAM   BANK5   BANK6   BANK7   BANK8   BANK9  BANK10  BANK11  BANK12  BANK13  BANK14  BANK15  BANK1
      +6  BANK17  BANK18  BANK19  BANK20  BANK21  BANK22  BANK23  BANK24  BANK25  BANK26  BANK27  BANK28  BANK29  BANK30  BANK3
      +1  BANK32  BANK33  BANK34  BANK35  BANK36  BANK37
   520 ;;      Params:         0       0       0       0       0       0       0       0       0       0       0       0       
      +0       0       0       0       0       0       0       0       0       0       0       0       0       0       0       
      +0       0       0       0       0       0       0
   521 ;;      Locals:         0       0       0       0       0       0       0       0       0       0       0       0       
      +0       0       0       0       0       0       0       0       0       0       0       0       0       0       0       
      +0       0       0       0       0       0       0
   522 ;;      Temps:          0       0       0       0       0       0       0       0       0       0       0       0       
      +0       0       0       0       0       0       0       0       0       0       0       0       0       0       0       
      +0       0       0       0       0       0       0
   523 ;;      Totals:         0       0       0       0       0       0       0       0       0       0       0       0       
      +0       0       0       0       0       0       0       0       0       0       0       0       0       0       0       
      +0       0       0       0       0       0       0
   524 ;;Total ram usage:        0 bytes
   525 ;; Hardware stack levels used:    1
   526 ;; This function calls:
   527 ;;		Nothing
   528 ;; This function is called by:
   529 ;;		_main
   530 ;; This function uses a non-reentrant model
   531 ;;
   532                           
   533                           	psect	text6
   534  01FF00                     __ptext6:
   535                           	callstack 0
   536  01FF00                     _ClockSetup:
   537                           	callstack 127
   538  01FF00  0012               	return		;funcret
   539  01FF02                     __end_of_ClockSetup:
   540                           	callstack 0
   541  0000                     
   542                           	psect	rparam
   543  0000                     
   544                           	psect	idloc
   545                           
   546                           ;Config register IDLOC0 @ 0x200000
   547                           ;	unspecified, using default values
   548  200000                     	org	2097152
   549  200000  0FFF               	dw	4095
   550                           
   551                           ;Config register IDLOC1 @ 0x200002
   552                           ;	unspecified, using default values
   553  200002                     	org	2097154
   554  200002  0FFF               	dw	4095
   555                           
   556                           ;Config register IDLOC2 @ 0x200004
   557                           ;	unspecified, using default values
   558  200004                     	org	2097156
   559  200004  0FFF               	dw	4095
   560                           
   561                           ;Config register IDLOC3 @ 0x200006
   562                           ;	unspecified, using default values
   563  200006                     	org	2097158
   564  200006  0FFF               	dw	4095
   565                           
   566                           ;Config register IDLOC4 @ 0x200008
   567                           ;	unspecified, using default values
   568  200008                     	org	2097160
   569  200008  0FFF               	dw	4095
   570                           
   571                           ;Config register IDLOC5 @ 0x20000A
   572                           ;	unspecified, using default values
   573  20000A                     	org	2097162
   574  20000A  0FFF               	dw	4095
   575                           
   576                           ;Config register IDLOC6 @ 0x20000C
   577                           ;	unspecified, using default values
   578  20000C                     	org	2097164
   579  20000C  0FFF               	dw	4095
   580                           
   581                           ;Config register IDLOC7 @ 0x20000E
   582                           ;	unspecified, using default values
   583  20000E                     	org	2097166
   584  20000E  0FFF               	dw	4095
   585                           
   586                           ;Config register IDLOC8 @ 0x200010
   587                           ;	unspecified, using default values
   588  200010                     	org	2097168
   589  200010  0FFF               	dw	4095
   590                           
   591                           ;Config register IDLOC9 @ 0x200012
   592                           ;	unspecified, using default values
   593  200012                     	org	2097170
   594  200012  0FFF               	dw	4095
   595                           
   596                           ;Config register IDLOC10 @ 0x200014
   597                           ;	unspecified, using default values
   598  200014                     	org	2097172
   599  200014  0FFF               	dw	4095
   600                           
   601                           ;Config register IDLOC11 @ 0x200016
   602                           ;	unspecified, using default values
   603  200016                     	org	2097174
   604  200016  0FFF               	dw	4095
   605                           
   606                           ;Config register IDLOC12 @ 0x200018
   607                           ;	unspecified, using default values
   608  200018                     	org	2097176
   609  200018  0FFF               	dw	4095
   610                           
   611                           ;Config register IDLOC13 @ 0x20001A
   612                           ;	unspecified, using default values
   613  20001A                     	org	2097178
   614  20001A  0FFF               	dw	4095
   615                           
   616                           ;Config register IDLOC14 @ 0x20001C
   617                           ;	unspecified, using default values
   618  20001C                     	org	2097180
   619  20001C  0FFF               	dw	4095
   620                           
   621                           ;Config register IDLOC15 @ 0x20001E
   622                           ;	unspecified, using default values
   623  20001E                     	org	2097182
   624  20001E  0FFF               	dw	4095
   625                           
   626                           	psect	config
   627                           
   628                           ;Config register CONFIG1 @ 0x300000
   629                           ;	External Oscillator Selection
   630                           ;	FEXTOSC = OFF, Oscillator not enabled
   631                           ;	Reset Oscillator Selection
   632                           ;	RSTOSC = HFINTOSC_64MHZ, HFINTOSC with HFFRQ = 64 MHz and CDIV = 1:1
   633  300000                     	org	3145728
   634  300000  8C                 	db	140
   635                           
   636                           ;Config register CONFIG2 @ 0x300001
   637                           ;	Clock out Enable bit
   638                           ;	CLKOUTEN = ON, CLKOUT function is enabled
   639                           ;	PRLOCKED One-Way Set Enable bit
   640                           ;	PR1WAY = ON, PRLOCKED bit can be cleared and set only once
   641                           ;	Clock Switch Enable bit
   642                           ;	CSWEN = ON, Writing to NOSC and NDIV is allowed
   643                           ;	Fail-Safe Clock Monitor Enable bit
   644                           ;	FCMEN = ON, Fail-Safe Clock Monitor enabled
   645  300001                     	org	3145729
   646  300001  FE                 	db	254
   647                           
   648                           ;Config register CONFIG3 @ 0x300002
   649                           ;	MCLR Enable bit
   650                           ;	MCLRE = EXTMCLR, If LVP = 0, MCLR pin is MCLR; If LVP = 1, RE3 pin function is MCLR
   651                           ;	Power-up timer selection bits
   652                           ;	PWRTS = PWRT_OFF, PWRT is disabled
   653                           ;	Multi-vector enable bit
   654                           ;	MVECEN = ON, Multi-vector enabled, Vector table used for interrupts
   655                           ;	IVTLOCK bit One-way set enable bit
   656                           ;	IVT1WAY = ON, IVTLOCKED bit can be cleared and set only once
   657                           ;	Low Power BOR Enable bit
   658                           ;	LPBOREN = OFF, Low-Power BOR disabled
   659                           ;	Brown-out Reset Enable bits
   660                           ;	BOREN = SBORDIS, Brown-out Reset enabled , SBOREN bit is ignored
   661  300002                     	org	3145730
   662  300002  FF                 	db	255
   663                           
   664                           ;Config register CONFIG4 @ 0x300003
   665                           ;	Brown-out Reset Voltage Selection bits
   666                           ;	BORV = VBOR_2P85, Brown-out Reset Voltage (VBOR) set to 2.8V
   667                           ;	ZCD Disable bit
   668                           ;	ZCD = OFF, ZCD module is disabled. ZCD can be enabled by setting the ZCDSEN bit of ZCD
      +                          CON
   669                           ;	PPSLOCK bit One-Way Set Enable bit
   670                           ;	PPS1WAY = ON, PPSLOCKED bit can be cleared and set only once; PPS registers remain loc
      +                          ked after one clear/set cycle
   671                           ;	Stack Full/Underflow Reset Enable bit
   672                           ;	STVREN = ON, Stack full/underflow will cause Reset
   673                           ;	Low Voltage Programming Enable bit
   674                           ;	LVP = ON, Low voltage programming enabled. MCLR/VPP pin function is MCLR. MCLRE config
      +                          uration bit is ignored
   675                           ;	Extended Instruction Set Enable bit
   676                           ;	XINST = OFF, Extended Instruction Set and Indexed Addressing Mode disabled
   677  300003                     	org	3145731
   678  300003  FC                 	db	252
   679                           
   680                           ;Config register CONFIG5 @ 0x300004
   681                           ;	WDT Period selection bits
   682                           ;	WDTCPS = WDTCPS_31, Divider ratio 1:65536; software control of WDTPS
   683                           ;	WDT operating mode
   684                           ;	WDTE = OFF, WDT Disabled; SWDTEN is ignored
   685  300004                     	org	3145732
   686  300004  9F                 	db	159
   687                           
   688                           ;Config register CONFIG6 @ 0x300005
   689                           ;	WDT Window Select bits
   690                           ;	WDTCWS = WDTCWS_7, window always open (100%); software control; keyed access not requi
      +                          red
   691                           ;	WDT input clock selector
   692                           ;	WDTCCS = SC, Software Control
   693  300005                     	org	3145733
   694  300005  FF                 	db	255
   695                           
   696                           ;Config register CONFIG7 @ 0x300006
   697                           ;	Boot Block Size selection bits
   698                           ;	BBSIZE = BBSIZE_512, Boot Block size is 512 words
   699                           ;	Boot Block enable bit
   700                           ;	BBEN = OFF, Boot block disabled
   701                           ;	Storage Area Flash enable bit
   702                           ;	SAFEN = OFF, SAF disabled
   703                           ;	Background Debugger
   704                           ;	DEBUG = OFF, Background Debugger disabled
   705  300006                     	org	3145734
   706  300006  FF                 	db	255
   707                           
   708                           ;Config register CONFIG8 @ 0x300007
   709                           ;	Boot Block Write Protection bit
   710                           ;	WRTB = OFF, Boot Block not Write protected
   711                           ;	Configuration Register Write Protection bit
   712                           ;	WRTC = OFF, Configuration registers not Write protected
   713                           ;	Data EEPROM Write Protection bit
   714                           ;	WRTD = OFF, Data EEPROM not Write protected
   715                           ;	SAF Write protection bit
   716                           ;	WRTSAF = OFF, SAF not Write Protected
   717                           ;	Application Block write protection bit
   718                           ;	WRTAPP = OFF, Application Block not write protected
   719  300007                     	org	3145735
   720  300007  FF                 	db	255
   721                           
   722                           ; Padding undefined space
   723  300008                     	org	3145736
   724  300008  FF                 	db	255
   725                           
   726                           ;Config register CONFIG10 @ 0x300009
   727                           ;	PFM and Data EEPROM Code Protection bit
   728                           ;	CP = OFF, PFM and Data EEPROM code protection disabled
   729  300009                     	org	3145737
   730  300009  FF                 	db	255
   731                           tosu	equ	0x4FF
   732                           tosh	equ	0x4FE
   733                           tosl	equ	0x4FD
   734                           stkptr	equ	0x4FC
   735                           pclatu	equ	0x4FB
   736                           pclath	equ	0x4FA
   737                           pcl	equ	0x4F9
   738                           tblptru	equ	0x4F8
   739                           tblptrh	equ	0x4F7
   740                           tblptrl	equ	0x4F6
   741                           tablat	equ	0x4F5
   742                           prodh	equ	0x4F4
   743                           prodl	equ	0x4F3
   744                           indf0	equ	0x4EF
   745                           postinc0	equ	0x4EE
   746                           postdec0	equ	0x4ED
   747                           preinc0	equ	0x4EC
   748                           plusw0	equ	0x4EB
   749                           fsr0h	equ	0x4EA
   750                           fsr0l	equ	0x4E9
   751                           wreg	equ	0x4E8
   752                           indf1	equ	0x4E7
   753                           postinc1	equ	0x4E6
   754                           postdec1	equ	0x4E5
   755                           preinc1	equ	0x4E4
   756                           plusw1	equ	0x4E3
   757                           fsr1h	equ	0x4E2
   758                           fsr1l	equ	0x4E1
   759                           bsr	equ	0x4E0
   760                           indf2	equ	0x4DF
   761                           postinc2	equ	0x4DE
   762                           postdec2	equ	0x4DD
   763                           preinc2	equ	0x4DC
   764                           plusw2	equ	0x4DB
   765                           fsr2h	equ	0x4DA
   766                           fsr2l	equ	0x4D9
   767                           status	equ	0x4D8

Data Sizes:
    Strings     0
    Constant    0
    Data        0
    BSS         17
    Persistent  0
    Stack       0

Auto Spaces:
    Space          Size  Autos    Used
    COMRAM           95      5      22
    BANK5           160      0       0
    BANK6           256      0       0
    BANK7           256      0       0
    BANK8           256      0       0
    BANK9           256      0       0
    BANK10          256      0       0
    BANK11          256      0       0
    BANK12          256      0       0
    BANK13          256      0       0
    BANK14          256      0       0
    BANK15          256      0       0
    BANK16          256      0       0
    BANK17          256      0       0
    BANK18          256      0       0
    BANK19          256      0       0
    BANK20          256      0       0
    BANK21          256      0       0
    BANK22          256      0       0
    BANK23          256      0       0
    BANK24          256      0       0
    BANK25          256      0       0
    BANK26          256      0       0
    BANK27          256      0       0
    BANK28          256      0       0
    BANK29          256      0       0
    BANK30          256      0       0
    BANK31          256      0       0
    BANK32          256      0       0
    BANK33          256      0       0
    BANK34          256      0       0
    BANK35          256      0       0
    BANK36          256      0       0
    BANK37          256      0       0

Pointer List with Targets:

    None.

Critical Paths under _main in COMRAM

    _main->_UserAppRun

Critical Paths under _main in BANK5

    None.

Critical Paths under _main in BANK6

    None.

Critical Paths under _main in BANK7

    None.

Critical Paths under _main in BANK8

    None.

Critical Paths under _main in BANK9

    None.

Critical Paths under _main in BANK10

    None.

Critical Paths under _main in BANK11

    None.

Critical Paths under _main in BANK12

    None.

Critical Paths under _main in BANK13

    None.

Critical Paths under _main in BANK14

    None.

Critical Paths under _main in BANK15

    None.

Critical Paths under _main in BANK16

    None.

Critical Paths under _main in BANK17

    None.

Critical Paths under _main in BANK18

    None.

Critical Paths under _main in BANK19

    None.

Critical Paths under _main in BANK20

    None.

Critical Paths under _main in BANK21

    None.

Critical Paths under _main in BANK22

    None.

Critical Paths under _main in BANK23

    None.

Critical Paths under _main in BANK24

    None.

Critical Paths under _main in BANK25

    None.

Critical Paths under _main in BANK26

    None.

Critical Paths under _main in BANK27

    None.

Critical Paths under _main in BANK28

    None.

Critical Paths under _main in BANK29

    None.

Critical Paths under _main in BANK30

    None.

Critical Paths under _main in BANK31

    None.

Critical Paths under _main in BANK32

    None.

Critical Paths under _main in BANK33

    None.

Critical Paths under _main in BANK34

    None.

Critical Paths under _main in BANK35

    None.

Critical Paths under _main in BANK36

    None.

Critical Paths under _main in BANK37

    None.

Call Graph Tables:

 ---------------------------------------------------------------------------------
 (Depth) Function   	        Calls       Base Space   Used Autos Params    Refs
 ---------------------------------------------------------------------------------
 (0) _main                                                 0     0      0      30
                         _ClockSetup
                          _GpioSetup
                       _SysTickSetup
                        _SystemSleep
                  _UserAppInitialize
                         _UserAppRun
 ---------------------------------------------------------------------------------
 (1) _UserAppRun                                           5     5      0      30
                                              0 COMRAM     5     5      0
 ---------------------------------------------------------------------------------
 (1) _UserAppInitialize                                    0     0      0       0
 ---------------------------------------------------------------------------------
 (1) _SystemSleep                                          0     0      0       0
 ---------------------------------------------------------------------------------
 (1) _SysTickSetup                                         0     0      0       0
 ---------------------------------------------------------------------------------
 (1) _GpioSetup                                            0     0      0       0
 ---------------------------------------------------------------------------------
 (1) _ClockSetup                                           0     0      0       0
 ---------------------------------------------------------------------------------
 Estimated maximum stack depth 1
 ---------------------------------------------------------------------------------

 Call Graph Graphs:

 _main (ROOT)
   _ClockSetup
   _GpioSetup
   _SysTickSetup
   _SystemSleep
   _UserAppInitialize
   _UserAppRun

 Address spaces:
Name               Size   Autos  Total    Cost      Usage
BIGRAM            20FF      0       0      71        0.0%
EEDATA             400      0       0       0        0.0%
BITBANK37          100      0       0      70        0.0%
BANK37             100      0       0      68        0.0%
BITBANK36          100      0       0      66        0.0%
BANK36             100      0       0      67        0.0%
BITBANK35          100      0       0      64        0.0%
BANK35             100      0       0      65        0.0%
BITBANK34          100      0       0      62        0.0%
BANK34             100      0       0      63        0.0%
BITBANK33          100      0       0      60        0.0%
BANK33             100      0       0      61        0.0%
BITBANK32          100      0       0      58        0.0%
BANK32             100      0       0      59        0.0%
BITBANK31          100      0       0      56        0.0%
BANK31             100      0       0      57        0.0%
BITBANK30          100      0       0      54        0.0%
BANK30             100      0       0      55        0.0%
BITBANK29          100      0       0      52        0.0%
BANK29             100      0       0      53        0.0%
BITBANK28          100      0       0      50        0.0%
BANK28             100      0       0      51        0.0%
BITBANK27          100      0       0      48        0.0%
BANK27             100      0       0      49        0.0%
BITBANK26          100      0       0      46        0.0%
BANK26             100      0       0      47        0.0%
BITBANK25          100      0       0      44        0.0%
BANK25             100      0       0      45        0.0%
BITBANK24          100      0       0      42        0.0%
BANK24             100      0       0      43        0.0%
BITBANK23          100      0       0      40        0.0%
BANK23             100      0       0      41        0.0%
BITBANK22          100      0       0      38        0.0%
BANK22             100      0       0      39        0.0%
BITBANK21          100      0       0      36        0.0%
BANK21             100      0       0      37        0.0%
BITBANK20          100      0       0      34        0.0%
BANK20             100      0       0      35        0.0%
BITBANK19          100      0       0      32        0.0%
BANK19             100      0       0      33        0.0%
BITBANK18          100      0       0      30        0.0%
BANK18             100      0       0      31        0.0%
BITBANK17          100      0       0      28        0.0%
BANK17             100      0       0      29        0.0%
BITBANK16          100      0       0      26        0.0%
BANK16             100      0       0      27        0.0%
BITBANK15          100      0       0      24        0.0%
BANK15             100      0       0      25        0.0%
BITBANK14          100      0       0      22        0.0%
BANK14             100      0       0      23        0.0%
BITBANK13          100      0       0      20        0.0%
BANK13             100      0       0      21        0.0%
BITBANK12          100      0       0      18        0.0%
BANK12             100      0       0      19        0.0%
BITBANK11          100      0       0      16        0.0%
BANK11             100      0       0      17        0.0%
BITBANK10          100      0       0      14        0.0%
BANK10             100      0       0      15        0.0%
BITBANK9           100      0       0      12        0.0%
BANK9              100      0       0      13        0.0%
BITBANK8           100      0       0      10        0.0%
BANK8              100      0       0      11        0.0%
BITBANK7           100      0       0       8        0.0%
BANK7              100      0       0       9        0.0%
BITBANK6           100      0       0       6        0.0%
BANK6              100      0       0       7        0.0%
BITBANK5            A0      0       0       4        0.0%
BANK5               A0      0       0       5        0.0%
BITCOMRAM           5F      0       0       0        0.0%
COMRAM              5F      5      16       1       23.2%
BITSFR_5             0      0       0     200        0.0%
SFR_5                0      0       0     200        0.0%
BITSFR_4             0      0       0     200        0.0%
SFR_4                0      0       0     200        0.0%
BITSFR_3             0      0       0     200        0.0%
SFR_3                0      0       0     200        0.0%
BITSFR_2             0      0       0     200        0.0%
SFR_2                0      0       0     200        0.0%
BITSFR_1             0      0       0     200        0.0%
SFR_1                0      0       0     200        0.0%
BITSFR               0      0       0     200        0.0%
SFR                  0      0       0     200        0.0%
STACK                0      0       0       2        0.0%
NULL                 0      0       0       0        0.0%
ABS                  0      0      16      69        0.0%
DATA                 0      0      16       3        0.0%
CODE                 0      0       0       0        0.0%


Microchip Technology PIC18 Macro Assembler V2.31 build 20201012212115 
Symbol Table                                                                                   Wed Feb 24 18:16:35 2021

     __size_of_SysTickSetup 0022                          l23 FF00                          l32 FF02  
                        l26 FF7E                          l29 FF38                          l67 FF04  
                        l75 FFFA                          u10 FFB8                          u11 FFB4  
                        u20 FFD0                          u21 FFCC                          u30 FFE2  
                        u31 FFDE                         l751 FF5C                         l761 FFE2  
                       l763 FFE6                         l755 FF80                         l781 FF18  
                       l765 FFEA                         l757 FFB8                         l759 FFD0  
                       l791 FF48                         l783 FF3A                         l793 FF4C  
                       l785 FF3C                         l795 FF50                         l787 FF40  
                       l789 FF44                         wreg 0004E8                        _LATA 0004BE  
                      _LATB 0004BF                        _main FF3A                _SysTickSetup FF18  
                      start FFFC        __size_of_SystemSleep 0002                ___param_bank 000000  
                _ClockSetup FF00                       ?_main 0512                       _PORTA 0004CE  
                     _PORTB 0004CF                       _TRISA 0004C6                       _TRISB 0004C7  
                     status 0004D8             __initialization FF06                __end_of_main FF5C  
                    ??_main 0517               __activetblptr 000000                      _ANSELA 000400  
                    _ANSELB 000408          __size_of_GpioSetup 0024                 ?_ClockSetup 0512  
                    clear_0 FF0C                  _UserAppRun FF80                  __accesstop 0560  
   __end_of__initialization FF12               ___rparam_used 000001            _G_u8UserAppFlags 0511  
            __pcstackCOMRAM 0512           __end_of_GpioSetup FF80         __size_of_ClockSetup 0002  
               ?_UserAppRun 0512               ??_SystemSleep 0512                     __Hparam 0000  
                   __Lparam 0000                     __pcinit FF06                     __ramtop 2600  
                   __ptext0 FF3A                     __ptext1 FF80                     __ptext2 FF04  
                   __ptext3 FF02                     __ptext4 FF18                     __ptext5 FF5C  
                   __ptext6 FF00        end_of_initialization FF12            _G_u32SystemFlags 0505  
                   postinc0 0004EE         __end_of_SystemSleep FF04                ??_ClockSetup 0512  
       __size_of_UserAppRun 007C          __end_of_ClockSetup FF02        UserAppRun@Button_old 0501  
      UserAppRun@Button_new 0513                   _GpioSetup FF5C         start_initialization FF06  
             ?_SysTickSetup 0512                 _SystemSleep FF02                  ?_GpioSetup 0512  
               __pbssCOMRAM 0501           _UserAppInitialize FF04                ??_UserAppRun 0512  
        ?_UserAppInitialize 0512              ??_SysTickSetup 0512         ??_UserAppInitialize 0512  
        __end_of_UserAppRun FFFC   __end_of_UserAppInitialize FF06                 ??_GpioSetup 0512  
                  __Hrparam 0000                    __Lrparam 0000        __end_of_SysTickSetup FF3A  
__size_of_UserAppInitialize 0002               __size_of_main 0022                ?_SystemSleep 0512  
        _G_u32SystemTime1ms 050D           _G_u32SystemTime1s 0509  
