

Microchip MPLAB XC8 Assembler V2.31 build 20201012212115 
                                                                                               Mon Feb 01 21:32:52 2021

Microchip MPLAB XC8 C Compiler v2.31 (Free license) build 20201012212115 Og1 
     1                           	processor	18F27Q43
     2                           	fnconf	rparam,??,?,0
     3                           	pagewidth 120
     4                           	opt	flic
     5                           	psect	cinit,global,reloc=2,class=CODE,delta=1
     6                           	psect	bssCOMRAM,global,class=COMRAM,space=1,delta=1,lowdata,noexec
     7                           	psect	cstackCOMRAM,global,class=COMRAM,space=1,delta=1,lowdata,noexec
     8                           	psect	text0,global,reloc=2,class=CODE,delta=1
     9                           	psect	text1,global,reloc=2,class=CODE,delta=1
    10                           	psect	text2,global,reloc=2,class=CODE,delta=1
    11                           	psect	text3,global,reloc=2,class=CODE,delta=1
    12                           	psect	text4,global,reloc=2,class=CODE,delta=1
    13                           	psect	text5,global,reloc=2,class=CODE,delta=1
    14                           	psect	text6,global,reloc=2,class=CODE,delta=1
    15                           	psect	intsave_regs,global,class=BIGRAM,space=1,delta=1,noexec
    16                           	psect	rparam,global,class=COMRAM,space=1,delta=1,noexec
    17                           	psect	idloc,global,abs,ovrld,class=IDLOC,space=5,delta=1,noexec
    18                           	psect	config,global,abs,ovrld,class=CONFIG,space=4,delta=1,noexec
    19  0000                     
    20                           ; Version 2.30
    21                           ; Generated 20/08/2020 GMT
    22                           ; 
    23                           ; Copyright © 2020, Microchip Technology Inc. and its subsidiaries ("Microchip")
    24                           ; All rights reserved.
    25                           ; 
    26                           ; This software is developed by Microchip Technology Inc. and its subsidiaries ("Microch
      +                          ip").
    27                           ; 
    28                           ; Redistribution and use in source and binary forms, with or without modification, are
    29                           ; permitted provided that the following conditions are met:
    30                           ; 
    31                           ;     1. Redistributions of source code must retain the above copyright notice, this lis
      +                          t of
    32                           ;        conditions and the following disclaimer.
    33                           ; 
    34                           ;     2. Redistributions in binary form must reproduce the above copyright notice, this 
      +                          list
    35                           ;        of conditions and the following disclaimer in the documentation and/or other
    36                           ;        materials provided with the distribution. Publication is not required when
    37                           ;        this file is used in an embedded application.
    38                           ; 
    39                           ;     3. Microchip's name may not be used to endorse or promote products derived from th
      +                          is
    40                           ;        software without specific prior written permission.
    41                           ; 
    42                           ; THIS SOFTWARE IS PROVIDED BY MICROCHIP "AS IS" AND ANY EXPRESS OR IMPLIED WARRANTIES,
    43                           ; INCLUDING, BUT NOT LIMITED TO, THE IMPLIED WARRANTIES OF MERCHANTABILITY AND FITNESS F
      +                          OR
    44                           ; PURPOSE ARE DISCLAIMED.  IN NO EVENT SHALL MICROCHIP BE LIABLE FOR ANY DIRECT, INDIREC
      +                          T,
    45                           ; INCIDENTAL, SPECIAL, EXEMPLARY, OR CONSEQUENTIAL DAMAGES (INCLUDING BUT NOT LIMITED TO
    46                           ; PROCUREMENT OF SUBSTITUTE GOODS OR SERVICES; LOSS OF USE, DATA OR PROFITS; OR BUSINESS
    47                           ; INTERRUPTION) HOWSOEVER CAUSED AND ON ANY THEORY OF LIABILITY, WHETHER IN CONTRACT, ST
      +                          RICT
    48                           ; LIABILITY, OR TORT (INCLUDING NEGLIGENCE OR OTHERWISE) ARISING IN ANY WAY OUT OF THE U
      +                          SE OF
    49                           ; THIS SOFTWARE, EVEN IF ADVISED OF THE POSSIBILITY OF SUCH DAMAGE.
    50                           ; 
    51                           ; 
    52                           ; Code-generator required, PIC18F27Q43 Definitions
    53                           ; 
    54                           ; SFR Addresses
    55  0000                     _ANSELA	set	1024
    56  0000                     _TRISA	set	1222
    57  0000                     _LATA	set	1214
    58  0000                     _PORTA	set	1230
    59                           
    60                           ; #config settings
    61                           
    62                           	psect	cinit
    63  01FF56                     __pcinit:
    64                           	callstack 0
    65  01FF56                     start_initialization:
    66                           	callstack 0
    67  01FF56                     __initialization:
    68                           	callstack 0
    69                           
    70                           ; Clear objects allocated to COMRAM (13 bytes)
    71  01FF56  EE01  F101         	lfsr	0,__pbssCOMRAM
    72  01FF5A  0E0D               	movlw	13
    73  01FF5C                     clear_0:
    74  01FF5C  6AEE               	clrf	postinc0,c
    75  01FF5E  06E8               	decf	wreg,f,c
    76  01FF60  E1FD               	bnz	clear_0
    77  01FF62                     end_of_initialization:
    78                           	callstack 0
    79  01FF62                     __end_of__initialization:
    80                           	callstack 0
    81  01FF62  0100               	movlb	0
    82  01FF64  EFCF  F0FF         	goto	_main	;jump to C main() function
    83                           
    84                           	psect	bssCOMRAM
    85  000501                     __pbssCOMRAM:
    86                           	callstack 0
    87  000501                     _G_u32SystemFlags:
    88                           	callstack 0
    89  000501                     	ds	4
    90  000505                     _G_u32SystemTime1s:
    91                           	callstack 0
    92  000505                     	ds	4
    93  000509                     _G_u32SystemTime1ms:
    94                           	callstack 0
    95  000509                     	ds	4
    96  00050D                     _G_u8UserAppFlags:
    97                           	callstack 0
    98  00050D                     	ds	1
    99                           
   100                           	psect	cstackCOMRAM
   101  00050E                     __pcstackCOMRAM:
   102                           	callstack 0
   103  00050E                     UserAppRun@u32Counter:
   104                           	callstack 0
   105                           
   106                           ; 4 bytes @ 0x0
   107  00050E                     	ds	4
   108  000512                     
   109                           ; 1 bytes @ 0x4
   110 ;;
   111 ;;Main: autosize = 0, tempsize = 0, incstack = 0, save=0
   112 ;;
   113 ;; *************** function _main *****************
   114 ;; Defined at:
   115 ;;		line 35 in file "main.c"
   116 ;; Parameters:    Size  Location     Type
   117 ;;		None
   118 ;; Auto vars:     Size  Location     Type
   119 ;;		None
   120 ;; Return value:  Size  Location     Type
   121 ;;                  1    wreg      void 
   122 ;; Registers used:
   123 ;;		wreg, status,2, status,0, cstack
   124 ;; Tracked objects:
   125 ;;		On entry : 0/0
   126 ;;		On exit  : 0/0
   127 ;;		Unchanged: 0/0
   128 ;; Data sizes:     COMRAM   BANK5   BANK6   BANK7   BANK8   BANK9  BANK10  BANK11  BANK12  BANK13  BANK14  BANK15  BANK1
      +6  BANK17  BANK18  BANK19  BANK20  BANK21  BANK22  BANK23  BANK24  BANK25  BANK26  BANK27  BANK28  BANK29  BANK30  BANK3
      +1  BANK32  BANK33  BANK34  BANK35  BANK36  BANK37
   129 ;;      Params:         0       0       0       0       0       0       0       0       0       0       0       0       
      +0       0       0       0       0       0       0       0       0       0       0       0       0       0       0       
      +0       0       0       0       0       0       0
   130 ;;      Locals:         0       0       0       0       0       0       0       0       0       0       0       0       
      +0       0       0       0       0       0       0       0       0       0       0       0       0       0       0       
      +0       0       0       0       0       0       0
   131 ;;      Temps:          0       0       0       0       0       0       0       0       0       0       0       0       
      +0       0       0       0       0       0       0       0       0       0       0       0       0       0       0       
      +0       0       0       0       0       0       0
   132 ;;      Totals:         0       0       0       0       0       0       0       0       0       0       0       0       
      +0       0       0       0       0       0       0       0       0       0       0       0       0       0       0       
      +0       0       0       0       0       0       0
   133 ;;Total ram usage:        0 bytes
   134 ;; Hardware stack levels required when called:    1
   135 ;; This function calls:
   136 ;;		_ClockSetup
   137 ;;		_GpioSetup
   138 ;;		_SysTickSetup
   139 ;;		_SystemSleep
   140 ;;		_UserAppInitialize
   141 ;;		_UserAppRun
   142 ;; This function is called by:
   143 ;;		Startup code after reset
   144 ;; This function uses a non-reentrant model
   145 ;;
   146                           
   147                           	psect	text0
   148  01FF9E                     __ptext0:
   149                           	callstack 0
   150  01FF9E                     _main:
   151                           	callstack 127
   152  01FF9E                     
   153                           ;main.c: 37:   G_u32SystemFlags |= (u32)0x80000000;
   154  01FF9E  8E04               	bsf	(_G_u32SystemFlags+3)^(0+1280),7,c	;volatile
   155  01FFA0                     
   156                           ;main.c: 40:   ClockSetup();
   157  01FFA0  ECA8  F0FF         	call	_ClockSetup	;wreg free
   158  01FFA4                     
   159                           ;main.c: 41:   SysTickSetup();
   160  01FFA4  ECBE  F0FF         	call	_SysTickSetup	;wreg free
   161  01FFA8                     
   162                           ;main.c: 42:   GpioSetup();
   163  01FFA8  ECB4  F0FF         	call	_GpioSetup	;wreg free
   164  01FFAC                     
   165                           ;main.c: 47:   UserAppInitialize();
   166  01FFAC  ECAA  F0FF         	call	_UserAppInitialize	;wreg free
   167  01FFB0                     l775:
   168                           
   169                           ;main.c: 53:   {;main.c: 57:     UserAppRun();
   170  01FFB0  ECE0  F0FF         	call	_UserAppRun	;wreg free
   171  01FFB4                     
   172                           ;main.c: 62:     SystemSleep();
   173  01FFB4  ECA9  F0FF         	call	_SystemSleep	;wreg free
   174  01FFB8  EFD8  F0FF         	goto	l775
   175  01FFBC  EFFE  F0FF         	goto	start
   176  01FFC0                     __end_of_main:
   177                           	callstack 0
   178                           
   179 ;; *************** function _UserAppRun *****************
   180 ;; Defined at:
   181 ;;		line 95 in file "user_app.c"
   182 ;; Parameters:    Size  Location     Type
   183 ;;		None
   184 ;; Auto vars:     Size  Location     Type
   185 ;;  u32Counter      4    0[COMRAM] unsigned long 
   186 ;; Return value:  Size  Location     Type
   187 ;;                  1    wreg      void 
   188 ;; Registers used:
   189 ;;		wreg, status,2, status,0
   190 ;; Tracked objects:
   191 ;;		On entry : 0/0
   192 ;;		On exit  : 0/0
   193 ;;		Unchanged: 0/0
   194 ;; Data sizes:     COMRAM   BANK5   BANK6   BANK7   BANK8   BANK9  BANK10  BANK11  BANK12  BANK13  BANK14  BANK15  BANK1
      +6  BANK17  BANK18  BANK19  BANK20  BANK21  BANK22  BANK23  BANK24  BANK25  BANK26  BANK27  BANK28  BANK29  BANK30  BANK3
      +1  BANK32  BANK33  BANK34  BANK35  BANK36  BANK37
   195 ;;      Params:         0       0       0       0       0       0       0       0       0       0       0       0       
      +0       0       0       0       0       0       0       0       0       0       0       0       0       0       0       
      +0       0       0       0       0       0       0
   196 ;;      Locals:         4       0       0       0       0       0       0       0       0       0       0       0       
      +0       0       0       0       0       0       0       0       0       0       0       0       0       0       0       
      +0       0       0       0       0       0       0
   197 ;;      Temps:          0       0       0       0       0       0       0       0       0       0       0       0       
      +0       0       0       0       0       0       0       0       0       0       0       0       0       0       0       
      +0       0       0       0       0       0       0
   198 ;;      Totals:         4       0       0       0       0       0       0       0       0       0       0       0       
      +0       0       0       0       0       0       0       0       0       0       0       0       0       0       0       
      +0       0       0       0       0       0       0
   199 ;;Total ram usage:        4 bytes
   200 ;; Hardware stack levels used:    1
   201 ;; This function calls:
   202 ;;		Nothing
   203 ;; This function is called by:
   204 ;;		_main
   205 ;; This function uses a non-reentrant model
   206 ;;
   207                           
   208                           	psect	text1
   209  01FFC0                     __ptext1:
   210                           	callstack 0
   211  01FFC0                     _UserAppRun:
   212                           	callstack 127
   213  01FFC0                     
   214                           ;user_app.c: 97:     LATA = LATA^0X01;
   215  01FFC0  50BE               	movf	190,w,c	;volatile
   216  01FFC2  0A01               	xorlw	1
   217  01FFC4  6EBE               	movwf	190,c	;volatile
   218  01FFC6                     
   219                           ;user_app.c: 98:     u32 u32Counter= 0x45dfb;
   220  01FFC6  0EFB               	movlw	251
   221  01FFC8  6E0E               	movwf	UserAppRun@u32Counter^(0+1280),c
   222  01FFCA  0E5D               	movlw	93
   223  01FFCC  6E0F               	movwf	(UserAppRun@u32Counter+1)^(0+1280),c
   224  01FFCE  0E04               	movlw	4
   225  01FFD0  6E10               	movwf	(UserAppRun@u32Counter+2)^(0+1280),c
   226  01FFD2  0E00               	movlw	0
   227  01FFD4  6E11               	movwf	(UserAppRun@u32Counter+3)^(0+1280),c
   228                           
   229                           ;user_app.c: 100:     while (u32Counter>0){
   230  01FFD6  EFF2  F0FF         	goto	l60
   231  01FFDA                     l747:
   232                           
   233                           ;user_app.c: 101:         u32Counter--;
   234  01FFDA  060E               	decf	UserAppRun@u32Counter^(0+1280),f,c
   235  01FFDC  0E00               	movlw	0
   236  01FFDE  5A0F               	subwfb	(UserAppRun@u32Counter+1)^(0+1280),f,c
   237  01FFE0  5A10               	subwfb	(UserAppRun@u32Counter+2)^(0+1280),f,c
   238  01FFE2  5A11               	subwfb	(UserAppRun@u32Counter+3)^(0+1280),f,c
   239  01FFE4                     l60:
   240                           
   241                           ;user_app.c: 100:     while (u32Counter>0){
   242  01FFE4  500E               	movf	UserAppRun@u32Counter^(0+1280),w,c
   243  01FFE6  100F               	iorwf	(UserAppRun@u32Counter+1)^(0+1280),w,c
   244  01FFE8  1010               	iorwf	(UserAppRun@u32Counter+2)^(0+1280),w,c
   245  01FFEA  1011               	iorwf	(UserAppRun@u32Counter+3)^(0+1280),w,c
   246  01FFEC  A4D8               	btfss	status,2,c
   247  01FFEE  EFFB  F0FF         	goto	u11
   248  01FFF2  EFFD  F0FF         	goto	u10
   249  01FFF6                     u11:
   250  01FFF6  EFED  F0FF         	goto	l747
   251  01FFFA                     u10:
   252  01FFFA  0012               	return		;funcret
   253  01FFFC                     __end_of_UserAppRun:
   254                           	callstack 0
   255                           
   256 ;; *************** function _UserAppInitialize *****************
   257 ;; Defined at:
   258 ;;		line 76 in file "user_app.c"
   259 ;; Parameters:    Size  Location     Type
   260 ;;		None
   261 ;; Auto vars:     Size  Location     Type
   262 ;;		None
   263 ;; Return value:  Size  Location     Type
   264 ;;                  1    wreg      void 
   265 ;; Registers used:
   266 ;;		None
   267 ;; Tracked objects:
   268 ;;		On entry : 0/0
   269 ;;		On exit  : 0/0
   270 ;;		Unchanged: 0/0
   271 ;; Data sizes:     COMRAM   BANK5   BANK6   BANK7   BANK8   BANK9  BANK10  BANK11  BANK12  BANK13  BANK14  BANK15  BANK1
      +6  BANK17  BANK18  BANK19  BANK20  BANK21  BANK22  BANK23  BANK24  BANK25  BANK26  BANK27  BANK28  BANK29  BANK30  BANK3
      +1  BANK32  BANK33  BANK34  BANK35  BANK36  BANK37
   272 ;;      Params:         0       0       0       0       0       0       0       0       0       0       0       0       
      +0       0       0       0       0       0       0       0       0       0       0       0       0       0       0       
      +0       0       0       0       0       0       0
   273 ;;      Locals:         0       0       0       0       0       0       0       0       0       0       0       0       
      +0       0       0       0       0       0       0       0       0       0       0       0       0       0       0       
      +0       0       0       0       0       0       0
   274 ;;      Temps:          0       0       0       0       0       0       0       0       0       0       0       0       
      +0       0       0       0       0       0       0       0       0       0       0       0       0       0       0       
      +0       0       0       0       0       0       0
   275 ;;      Totals:         0       0       0       0       0       0       0       0       0       0       0       0       
      +0       0       0       0       0       0       0       0       0       0       0       0       0       0       0       
      +0       0       0       0       0       0       0
   276 ;;Total ram usage:        0 bytes
   277 ;; Hardware stack levels used:    1
   278 ;; This function calls:
   279 ;;		Nothing
   280 ;; This function is called by:
   281 ;;		_main
   282 ;; This function uses a non-reentrant model
   283 ;;
   284                           
   285                           	psect	text2
   286  01FF54                     __ptext2:
   287                           	callstack 0
   288  01FF54                     _UserAppInitialize:
   289                           	callstack 127
   290  01FF54  0012               	return		;funcret
   291  01FF56                     __end_of_UserAppInitialize:
   292                           	callstack 0
   293                           
   294 ;; *************** function _SystemSleep *****************
   295 ;; Defined at:
   296 ;;		line 133 in file "encm369_pic18.c"
   297 ;; Parameters:    Size  Location     Type
   298 ;;		None
   299 ;; Auto vars:     Size  Location     Type
   300 ;;		None
   301 ;; Return value:  Size  Location     Type
   302 ;;                  1    wreg      void 
   303 ;; Registers used:
   304 ;;		None
   305 ;; Tracked objects:
   306 ;;		On entry : 0/0
   307 ;;		On exit  : 0/0
   308 ;;		Unchanged: 0/0
   309 ;; Data sizes:     COMRAM   BANK5   BANK6   BANK7   BANK8   BANK9  BANK10  BANK11  BANK12  BANK13  BANK14  BANK15  BANK1
      +6  BANK17  BANK18  BANK19  BANK20  BANK21  BANK22  BANK23  BANK24  BANK25  BANK26  BANK27  BANK28  BANK29  BANK30  BANK3
      +1  BANK32  BANK33  BANK34  BANK35  BANK36  BANK37
   310 ;;      Params:         0       0       0       0       0       0       0       0       0       0       0       0       
      +0       0       0       0       0       0       0       0       0       0       0       0       0       0       0       
      +0       0       0       0       0       0       0
   311 ;;      Locals:         0       0       0       0       0       0       0       0       0       0       0       0       
      +0       0       0       0       0       0       0       0       0       0       0       0       0       0       0       
      +0       0       0       0       0       0       0
   312 ;;      Temps:          0       0       0       0       0       0       0       0       0       0       0       0       
      +0       0       0       0       0       0       0       0       0       0       0       0       0       0       0       
      +0       0       0       0       0       0       0
   313 ;;      Totals:         0       0       0       0       0       0       0       0       0       0       0       0       
      +0       0       0       0       0       0       0       0       0       0       0       0       0       0       0       
      +0       0       0       0       0       0       0
   314 ;;Total ram usage:        0 bytes
   315 ;; Hardware stack levels used:    1
   316 ;; This function calls:
   317 ;;		Nothing
   318 ;; This function is called by:
   319 ;;		_main
   320 ;; This function uses a non-reentrant model
   321 ;;
   322                           
   323                           	psect	text3
   324  01FF52                     __ptext3:
   325                           	callstack 0
   326  01FF52                     _SystemSleep:
   327                           	callstack 127
   328  01FF52  0012               	return		;funcret
   329  01FF54                     __end_of_SystemSleep:
   330                           	callstack 0
   331                           
   332 ;; *************** function _SysTickSetup *****************
   333 ;; Defined at:
   334 ;;		line 111 in file "encm369_pic18.c"
   335 ;; Parameters:    Size  Location     Type
   336 ;;		None
   337 ;; Auto vars:     Size  Location     Type
   338 ;;		None
   339 ;; Return value:  Size  Location     Type
   340 ;;                  1    wreg      void 
   341 ;; Registers used:
   342 ;;		wreg, status,2
   343 ;; Tracked objects:
   344 ;;		On entry : 0/0
   345 ;;		On exit  : 0/0
   346 ;;		Unchanged: 0/0
   347 ;; Data sizes:     COMRAM   BANK5   BANK6   BANK7   BANK8   BANK9  BANK10  BANK11  BANK12  BANK13  BANK14  BANK15  BANK1
      +6  BANK17  BANK18  BANK19  BANK20  BANK21  BANK22  BANK23  BANK24  BANK25  BANK26  BANK27  BANK28  BANK29  BANK30  BANK3
      +1  BANK32  BANK33  BANK34  BANK35  BANK36  BANK37
   348 ;;      Params:         0       0       0       0       0       0       0       0       0       0       0       0       
      +0       0       0       0       0       0       0       0       0       0       0       0       0       0       0       
      +0       0       0       0       0       0       0
   349 ;;      Locals:         0       0       0       0       0       0       0       0       0       0       0       0       
      +0       0       0       0       0       0       0       0       0       0       0       0       0       0       0       
      +0       0       0       0       0       0       0
   350 ;;      Temps:          0       0       0       0       0       0       0       0       0       0       0       0       
      +0       0       0       0       0       0       0       0       0       0       0       0       0       0       0       
      +0       0       0       0       0       0       0
   351 ;;      Totals:         0       0       0       0       0       0       0       0       0       0       0       0       
      +0       0       0       0       0       0       0       0       0       0       0       0       0       0       0       
      +0       0       0       0       0       0       0
   352 ;;Total ram usage:        0 bytes
   353 ;; Hardware stack levels used:    1
   354 ;; This function calls:
   355 ;;		Nothing
   356 ;; This function is called by:
   357 ;;		_main
   358 ;; This function uses a non-reentrant model
   359 ;;
   360                           
   361                           	psect	text4
   362  01FF7C                     __ptext4:
   363                           	callstack 0
   364  01FF7C                     _SysTickSetup:
   365                           	callstack 127
   366  01FF7C                     
   367                           ;encm369_pic18.c: 113:   G_u32SystemTime1ms = 0;
   368  01FF7C  0E00               	movlw	0
   369  01FF7E  6E09               	movwf	_G_u32SystemTime1ms^(0+1280),c	;volatile
   370  01FF80  0E00               	movlw	0
   371  01FF82  6E0A               	movwf	(_G_u32SystemTime1ms+1)^(0+1280),c	;volatile
   372  01FF84  0E00               	movlw	0
   373  01FF86  6E0B               	movwf	(_G_u32SystemTime1ms+2)^(0+1280),c	;volatile
   374  01FF88  0E00               	movlw	0
   375  01FF8A  6E0C               	movwf	(_G_u32SystemTime1ms+3)^(0+1280),c	;volatile
   376                           
   377                           ;encm369_pic18.c: 114:   G_u32SystemTime1s = 0;
   378  01FF8C  0E00               	movlw	0
   379  01FF8E  6E05               	movwf	_G_u32SystemTime1s^(0+1280),c	;volatile
   380  01FF90  0E00               	movlw	0
   381  01FF92  6E06               	movwf	(_G_u32SystemTime1s+1)^(0+1280),c	;volatile
   382  01FF94  0E00               	movlw	0
   383  01FF96  6E07               	movwf	(_G_u32SystemTime1s+2)^(0+1280),c	;volatile
   384  01FF98  0E00               	movlw	0
   385  01FF9A  6E08               	movwf	(_G_u32SystemTime1s+3)^(0+1280),c	;volatile
   386  01FF9C  0012               	return		;funcret
   387  01FF9E                     __end_of_SysTickSetup:
   388                           	callstack 0
   389                           
   390 ;; *************** function _GpioSetup *****************
   391 ;; Defined at:
   392 ;;		line 89 in file "encm369_pic18.c"
   393 ;; Parameters:    Size  Location     Type
   394 ;;		None
   395 ;; Auto vars:     Size  Location     Type
   396 ;;		None
   397 ;; Return value:  Size  Location     Type
   398 ;;                  1    wreg      void 
   399 ;; Registers used:
   400 ;;		wreg, status,2
   401 ;; Tracked objects:
   402 ;;		On entry : 0/0
   403 ;;		On exit  : 0/0
   404 ;;		Unchanged: 0/0
   405 ;; Data sizes:     COMRAM   BANK5   BANK6   BANK7   BANK8   BANK9  BANK10  BANK11  BANK12  BANK13  BANK14  BANK15  BANK1
      +6  BANK17  BANK18  BANK19  BANK20  BANK21  BANK22  BANK23  BANK24  BANK25  BANK26  BANK27  BANK28  BANK29  BANK30  BANK3
      +1  BANK32  BANK33  BANK34  BANK35  BANK36  BANK37
   406 ;;      Params:         0       0       0       0       0       0       0       0       0       0       0       0       
      +0       0       0       0       0       0       0       0       0       0       0       0       0       0       0       
      +0       0       0       0       0       0       0
   407 ;;      Locals:         0       0       0       0       0       0       0       0       0       0       0       0       
      +0       0       0       0       0       0       0       0       0       0       0       0       0       0       0       
      +0       0       0       0       0       0       0
   408 ;;      Temps:          0       0       0       0       0       0       0       0       0       0       0       0       
      +0       0       0       0       0       0       0       0       0       0       0       0       0       0       0       
      +0       0       0       0       0       0       0
   409 ;;      Totals:         0       0       0       0       0       0       0       0       0       0       0       0       
      +0       0       0       0       0       0       0       0       0       0       0       0       0       0       0       
      +0       0       0       0       0       0       0
   410 ;;Total ram usage:        0 bytes
   411 ;; Hardware stack levels used:    1
   412 ;; This function calls:
   413 ;;		Nothing
   414 ;; This function is called by:
   415 ;;		_main
   416 ;; This function uses a non-reentrant model
   417 ;;
   418                           
   419                           	psect	text5
   420  01FF68                     __ptext5:
   421                           	callstack 0
   422  01FF68                     _GpioSetup:
   423                           	callstack 127
   424  01FF68                     
   425                           ;encm369_pic18.c: 91: PORTA = 0x80;
   426  01FF68  0E80               	movlw	128
   427  01FF6A  6ECE               	movwf	206,c	;volatile
   428                           
   429                           ;encm369_pic18.c: 92: LATA = 0x00;
   430  01FF6C  0E00               	movlw	0
   431  01FF6E  6EBE               	movwf	190,c	;volatile
   432                           
   433                           ;encm369_pic18.c: 93: ANSELA = 0x00;
   434  01FF70  0E00               	movlw	0
   435  01FF72  0104               	movlb	4	; () banked
   436  01FF74  6F00               	movwf	0,b	;volatile
   437                           
   438                           ;encm369_pic18.c: 94: TRISA = 0x00;
   439  01FF76  0E00               	movlw	0
   440  01FF78  6EC6               	movwf	198,c	;volatile
   441  01FF7A                     
   442                           ; BSR set to: 4
   443  01FF7A  0012               	return		;funcret
   444  01FF7C                     __end_of_GpioSetup:
   445                           	callstack 0
   446                           
   447 ;; *************** function _ClockSetup *****************
   448 ;; Defined at:
   449 ;;		line 70 in file "encm369_pic18.c"
   450 ;; Parameters:    Size  Location     Type
   451 ;;		None
   452 ;; Auto vars:     Size  Location     Type
   453 ;;		None
   454 ;; Return value:  Size  Location     Type
   455 ;;                  1    wreg      void 
   456 ;; Registers used:
   457 ;;		None
   458 ;; Tracked objects:
   459 ;;		On entry : 0/0
   460 ;;		On exit  : 0/0
   461 ;;		Unchanged: 0/0
   462 ;; Data sizes:     COMRAM   BANK5   BANK6   BANK7   BANK8   BANK9  BANK10  BANK11  BANK12  BANK13  BANK14  BANK15  BANK1
      +6  BANK17  BANK18  BANK19  BANK20  BANK21  BANK22  BANK23  BANK24  BANK25  BANK26  BANK27  BANK28  BANK29  BANK30  BANK3
      +1  BANK32  BANK33  BANK34  BANK35  BANK36  BANK37
   463 ;;      Params:         0       0       0       0       0       0       0       0       0       0       0       0       
      +0       0       0       0       0       0       0       0       0       0       0       0       0       0       0       
      +0       0       0       0       0       0       0
   464 ;;      Locals:         0       0       0       0       0       0       0       0       0       0       0       0       
      +0       0       0       0       0       0       0       0       0       0       0       0       0       0       0       
      +0       0       0       0       0       0       0
   465 ;;      Temps:          0       0       0       0       0       0       0       0       0       0       0       0       
      +0       0       0       0       0       0       0       0       0       0       0       0       0       0       0       
      +0       0       0       0       0       0       0
   466 ;;      Totals:         0       0       0       0       0       0       0       0       0       0       0       0       
      +0       0       0       0       0       0       0       0       0       0       0       0       0       0       0       
      +0       0       0       0       0       0       0
   467 ;;Total ram usage:        0 bytes
   468 ;; Hardware stack levels used:    1
   469 ;; This function calls:
   470 ;;		Nothing
   471 ;; This function is called by:
   472 ;;		_main
   473 ;; This function uses a non-reentrant model
   474 ;;
   475                           
   476                           	psect	text6
   477  01FF50                     __ptext6:
   478                           	callstack 0
   479  01FF50                     _ClockSetup:
   480                           	callstack 127
   481  01FF50  0012               	return		;funcret
   482  01FF52                     __end_of_ClockSetup:
   483                           	callstack 0
   484  0000                     
   485                           	psect	rparam
   486  0000                     
   487                           	psect	idloc
   488                           
   489                           ;Config register IDLOC0 @ 0x200000
   490                           ;	unspecified, using default values
   491  200000                     	org	2097152
   492  200000  0FFF               	dw	4095
   493                           
   494                           ;Config register IDLOC1 @ 0x200002
   495                           ;	unspecified, using default values
   496  200002                     	org	2097154
   497  200002  0FFF               	dw	4095
   498                           
   499                           ;Config register IDLOC2 @ 0x200004
   500                           ;	unspecified, using default values
   501  200004                     	org	2097156
   502  200004  0FFF               	dw	4095
   503                           
   504                           ;Config register IDLOC3 @ 0x200006
   505                           ;	unspecified, using default values
   506  200006                     	org	2097158
   507  200006  0FFF               	dw	4095
   508                           
   509                           ;Config register IDLOC4 @ 0x200008
   510                           ;	unspecified, using default values
   511  200008                     	org	2097160
   512  200008  0FFF               	dw	4095
   513                           
   514                           ;Config register IDLOC5 @ 0x20000A
   515                           ;	unspecified, using default values
   516  20000A                     	org	2097162
   517  20000A  0FFF               	dw	4095
   518                           
   519                           ;Config register IDLOC6 @ 0x20000C
   520                           ;	unspecified, using default values
   521  20000C                     	org	2097164
   522  20000C  0FFF               	dw	4095
   523                           
   524                           ;Config register IDLOC7 @ 0x20000E
   525                           ;	unspecified, using default values
   526  20000E                     	org	2097166
   527  20000E  0FFF               	dw	4095
   528                           
   529                           ;Config register IDLOC8 @ 0x200010
   530                           ;	unspecified, using default values
   531  200010                     	org	2097168
   532  200010  0FFF               	dw	4095
   533                           
   534                           ;Config register IDLOC9 @ 0x200012
   535                           ;	unspecified, using default values
   536  200012                     	org	2097170
   537  200012  0FFF               	dw	4095
   538                           
   539                           ;Config register IDLOC10 @ 0x200014
   540                           ;	unspecified, using default values
   541  200014                     	org	2097172
   542  200014  0FFF               	dw	4095
   543                           
   544                           ;Config register IDLOC11 @ 0x200016
   545                           ;	unspecified, using default values
   546  200016                     	org	2097174
   547  200016  0FFF               	dw	4095
   548                           
   549                           ;Config register IDLOC12 @ 0x200018
   550                           ;	unspecified, using default values
   551  200018                     	org	2097176
   552  200018  0FFF               	dw	4095
   553                           
   554                           ;Config register IDLOC13 @ 0x20001A
   555                           ;	unspecified, using default values
   556  20001A                     	org	2097178
   557  20001A  0FFF               	dw	4095
   558                           
   559                           ;Config register IDLOC14 @ 0x20001C
   560                           ;	unspecified, using default values
   561  20001C                     	org	2097180
   562  20001C  0FFF               	dw	4095
   563                           
   564                           ;Config register IDLOC15 @ 0x20001E
   565                           ;	unspecified, using default values
   566  20001E                     	org	2097182
   567  20001E  0FFF               	dw	4095
   568                           
   569                           	psect	config
   570                           
   571                           ;Config register CONFIG1 @ 0x300000
   572                           ;	External Oscillator Selection
   573                           ;	FEXTOSC = OFF, Oscillator not enabled
   574                           ;	Reset Oscillator Selection
   575                           ;	RSTOSC = HFINTOSC_64MHZ, HFINTOSC with HFFRQ = 64 MHz and CDIV = 1:1
   576  300000                     	org	3145728
   577  300000  8C                 	db	140
   578                           
   579                           ;Config register CONFIG2 @ 0x300001
   580                           ;	Clock out Enable bit
   581                           ;	CLKOUTEN = ON, CLKOUT function is enabled
   582                           ;	PRLOCKED One-Way Set Enable bit
   583                           ;	PR1WAY = ON, PRLOCKED bit can be cleared and set only once
   584                           ;	Clock Switch Enable bit
   585                           ;	CSWEN = ON, Writing to NOSC and NDIV is allowed
   586                           ;	Fail-Safe Clock Monitor Enable bit
   587                           ;	FCMEN = ON, Fail-Safe Clock Monitor enabled
   588  300001                     	org	3145729
   589  300001  FE                 	db	254
   590                           
   591                           ;Config register CONFIG3 @ 0x300002
   592                           ;	MCLR Enable bit
   593                           ;	MCLRE = EXTMCLR, If LVP = 0, MCLR pin is MCLR; If LVP = 1, RE3 pin function is MCLR
   594                           ;	Power-up timer selection bits
   595                           ;	PWRTS = PWRT_OFF, PWRT is disabled
   596                           ;	Multi-vector enable bit
   597                           ;	MVECEN = ON, Multi-vector enabled, Vector table used for interrupts
   598                           ;	IVTLOCK bit One-way set enable bit
   599                           ;	IVT1WAY = ON, IVTLOCKED bit can be cleared and set only once
   600                           ;	Low Power BOR Enable bit
   601                           ;	LPBOREN = OFF, Low-Power BOR disabled
   602                           ;	Brown-out Reset Enable bits
   603                           ;	BOREN = SBORDIS, Brown-out Reset enabled , SBOREN bit is ignored
   604  300002                     	org	3145730
   605  300002  FF                 	db	255
   606                           
   607                           ;Config register CONFIG4 @ 0x300003
   608                           ;	Brown-out Reset Voltage Selection bits
   609                           ;	BORV = VBOR_2P85, Brown-out Reset Voltage (VBOR) set to 2.8V
   610                           ;	ZCD Disable bit
   611                           ;	ZCD = OFF, ZCD module is disabled. ZCD can be enabled by setting the ZCDSEN bit of ZCD
      +                          CON
   612                           ;	PPSLOCK bit One-Way Set Enable bit
   613                           ;	PPS1WAY = ON, PPSLOCKED bit can be cleared and set only once; PPS registers remain loc
      +                          ked after one clear/set cycle
   614                           ;	Stack Full/Underflow Reset Enable bit
   615                           ;	STVREN = ON, Stack full/underflow will cause Reset
   616                           ;	Low Voltage Programming Enable bit
   617                           ;	LVP = ON, Low voltage programming enabled. MCLR/VPP pin function is MCLR. MCLRE config
      +                          uration bit is ignored
   618                           ;	Extended Instruction Set Enable bit
   619                           ;	XINST = OFF, Extended Instruction Set and Indexed Addressing Mode disabled
   620  300003                     	org	3145731
   621  300003  FC                 	db	252
   622                           
   623                           ;Config register CONFIG5 @ 0x300004
   624                           ;	WDT Period selection bits
   625                           ;	WDTCPS = WDTCPS_31, Divider ratio 1:65536; software control of WDTPS
   626                           ;	WDT operating mode
   627                           ;	WDTE = OFF, WDT Disabled; SWDTEN is ignored
   628  300004                     	org	3145732
   629  300004  9F                 	db	159
   630                           
   631                           ;Config register CONFIG6 @ 0x300005
   632                           ;	WDT Window Select bits
   633                           ;	WDTCWS = WDTCWS_7, window always open (100%); software control; keyed access not requi
      +                          red
   634                           ;	WDT input clock selector
   635                           ;	WDTCCS = SC, Software Control
   636  300005                     	org	3145733
   637  300005  FF                 	db	255
   638                           
   639                           ;Config register CONFIG7 @ 0x300006
   640                           ;	Boot Block Size selection bits
   641                           ;	BBSIZE = BBSIZE_512, Boot Block size is 512 words
   642                           ;	Boot Block enable bit
   643                           ;	BBEN = OFF, Boot block disabled
   644                           ;	Storage Area Flash enable bit
   645                           ;	SAFEN = OFF, SAF disabled
   646                           ;	Background Debugger
   647                           ;	DEBUG = OFF, Background Debugger disabled
   648  300006                     	org	3145734
   649  300006  FF                 	db	255
   650                           
   651                           ;Config register CONFIG8 @ 0x300007
   652                           ;	Boot Block Write Protection bit
   653                           ;	WRTB = OFF, Boot Block not Write protected
   654                           ;	Configuration Register Write Protection bit
   655                           ;	WRTC = OFF, Configuration registers not Write protected
   656                           ;	Data EEPROM Write Protection bit
   657                           ;	WRTD = OFF, Data EEPROM not Write protected
   658                           ;	SAF Write protection bit
   659                           ;	WRTSAF = OFF, SAF not Write Protected
   660                           ;	Application Block write protection bit
   661                           ;	WRTAPP = OFF, Application Block not write protected
   662  300007                     	org	3145735
   663  300007  FF                 	db	255
   664                           
   665                           ; Padding undefined space
   666  300008                     	org	3145736
   667  300008  FF                 	db	255
   668                           
   669                           ;Config register CONFIG10 @ 0x300009
   670                           ;	PFM and Data EEPROM Code Protection bit
   671                           ;	CP = OFF, PFM and Data EEPROM code protection disabled
   672  300009                     	org	3145737
   673  300009  FF                 	db	255
   674                           tosu	equ	0x4FF
   675                           tosh	equ	0x4FE
   676                           tosl	equ	0x4FD
   677                           stkptr	equ	0x4FC
   678                           pclatu	equ	0x4FB
   679                           pclath	equ	0x4FA
   680                           pcl	equ	0x4F9
   681                           tblptru	equ	0x4F8
   682                           tblptrh	equ	0x4F7
   683                           tblptrl	equ	0x4F6
   684                           tablat	equ	0x4F5
   685                           prodh	equ	0x4F4
   686                           prodl	equ	0x4F3
   687                           indf0	equ	0x4EF
   688                           postinc0	equ	0x4EE
   689                           postdec0	equ	0x4ED
   690                           preinc0	equ	0x4EC
   691                           plusw0	equ	0x4EB
   692                           fsr0h	equ	0x4EA
   693                           fsr0l	equ	0x4E9
   694                           wreg	equ	0x4E8
   695                           indf1	equ	0x4E7
   696                           postinc1	equ	0x4E6
   697                           postdec1	equ	0x4E5
   698                           preinc1	equ	0x4E4
   699                           plusw1	equ	0x4E3
   700                           fsr1h	equ	0x4E2
   701                           fsr1l	equ	0x4E1
   702                           bsr	equ	0x4E0
   703                           indf2	equ	0x4DF
   704                           postinc2	equ	0x4DE
   705                           postdec2	equ	0x4DD
   706                           preinc2	equ	0x4DC
   707                           plusw2	equ	0x4DB
   708                           fsr2h	equ	0x4DA
   709                           fsr2l	equ	0x4D9
   710                           status	equ	0x4D8

Data Sizes:
    Strings     0
    Constant    0
    Data        0
    BSS         13
    Persistent  0
    Stack       0

Auto Spaces:
    Space          Size  Autos    Used
    COMRAM           95      4      17
    BANK5           160      0       0
    BANK6           256      0       0
    BANK7           256      0       0
    BANK8           256      0       0
    BANK9           256      0       0
    BANK10          256      0       0
    BANK11          256      0       0
    BANK12          256      0       0
    BANK13          256      0       0
    BANK14          256      0       0
    BANK15          256      0       0
    BANK16          256      0       0
    BANK17          256      0       0
    BANK18          256      0       0
    BANK19          256      0       0
    BANK20          256      0       0
    BANK21          256      0       0
    BANK22          256      0       0
    BANK23          256      0       0
    BANK24          256      0       0
    BANK25          256      0       0
    BANK26          256      0       0
    BANK27          256      0       0
    BANK28          256      0       0
    BANK29          256      0       0
    BANK30          256      0       0
    BANK31          256      0       0
    BANK32          256      0       0
    BANK33          256      0       0
    BANK34          256      0       0
    BANK35          256      0       0
    BANK36          256      0       0
    BANK37          256      0       0

Pointer List with Targets:

    None.

Critical Paths under _main in COMRAM

    _main->_UserAppRun

Critical Paths under _main in BANK5

    None.

Critical Paths under _main in BANK6

    None.

Critical Paths under _main in BANK7

    None.

Critical Paths under _main in BANK8

    None.

Critical Paths under _main in BANK9

    None.

Critical Paths under _main in BANK10

    None.

Critical Paths under _main in BANK11

    None.

Critical Paths under _main in BANK12

    None.

Critical Paths under _main in BANK13

    None.

Critical Paths under _main in BANK14

    None.

Critical Paths under _main in BANK15

    None.

Critical Paths under _main in BANK16

    None.

Critical Paths under _main in BANK17

    None.

Critical Paths under _main in BANK18

    None.

Critical Paths under _main in BANK19

    None.

Critical Paths under _main in BANK20

    None.

Critical Paths under _main in BANK21

    None.

Critical Paths under _main in BANK22

    None.

Critical Paths under _main in BANK23

    None.

Critical Paths under _main in BANK24

    None.

Critical Paths under _main in BANK25

    None.

Critical Paths under _main in BANK26

    None.

Critical Paths under _main in BANK27

    None.

Critical Paths under _main in BANK28

    None.

Critical Paths under _main in BANK29

    None.

Critical Paths under _main in BANK30

    None.

Critical Paths under _main in BANK31

    None.

Critical Paths under _main in BANK32

    None.

Critical Paths under _main in BANK33

    None.

Critical Paths under _main in BANK34

    None.

Critical Paths under _main in BANK35

    None.

Critical Paths under _main in BANK36

    None.

Critical Paths under _main in BANK37

    None.

Call Graph Tables:

 ---------------------------------------------------------------------------------
 (Depth) Function   	        Calls       Base Space   Used Autos Params    Refs
 ---------------------------------------------------------------------------------
 (0) _main                                                 0     0      0      15
                         _ClockSetup
                          _GpioSetup
                       _SysTickSetup
                        _SystemSleep
                  _UserAppInitialize
                         _UserAppRun
 ---------------------------------------------------------------------------------
 (1) _UserAppRun                                           4     4      0      15
                                              0 COMRAM     4     4      0
 ---------------------------------------------------------------------------------
 (1) _UserAppInitialize                                    0     0      0       0
 ---------------------------------------------------------------------------------
 (1) _SystemSleep                                          0     0      0       0
 ---------------------------------------------------------------------------------
 (1) _SysTickSetup                                         0     0      0       0
 ---------------------------------------------------------------------------------
 (1) _GpioSetup                                            0     0      0       0
 ---------------------------------------------------------------------------------
 (1) _ClockSetup                                           0     0      0       0
 ---------------------------------------------------------------------------------
 Estimated maximum stack depth 1
 ---------------------------------------------------------------------------------

 Call Graph Graphs:

 _main (ROOT)
   _ClockSetup
   _GpioSetup
   _SysTickSetup
   _SystemSleep
   _UserAppInitialize
   _UserAppRun

 Address spaces:
Name               Size   Autos  Total    Cost      Usage
BIGRAM            20FF      0       0      71        0.0%
EEDATA             400      0       0       0        0.0%
BITBANK37          100      0       0      70        0.0%
BANK37             100      0       0      68        0.0%
BITBANK36          100      0       0      66        0.0%
BANK36             100      0       0      67        0.0%
BITBANK35          100      0       0      64        0.0%
BANK35             100      0       0      65        0.0%
BITBANK34          100      0       0      62        0.0%
BANK34             100      0       0      63        0.0%
BITBANK33          100      0       0      60        0.0%
BANK33             100      0       0      61        0.0%
BITBANK32          100      0       0      58        0.0%
BANK32             100      0       0      59        0.0%
BITBANK31          100      0       0      56        0.0%
BANK31             100      0       0      57        0.0%
BITBANK30          100      0       0      54        0.0%
BANK30             100      0       0      55        0.0%
BITBANK29          100      0       0      52        0.0%
BANK29             100      0       0      53        0.0%
BITBANK28          100      0       0      50        0.0%
BANK28             100      0       0      51        0.0%
BITBANK27          100      0       0      48        0.0%
BANK27             100      0       0      49        0.0%
BITBANK26          100      0       0      46        0.0%
BANK26             100      0       0      47        0.0%
BITBANK25          100      0       0      44        0.0%
BANK25             100      0       0      45        0.0%
BITBANK24          100      0       0      42        0.0%
BANK24             100      0       0      43        0.0%
BITBANK23          100      0       0      40        0.0%
BANK23             100      0       0      41        0.0%
BITBANK22          100      0       0      38        0.0%
BANK22             100      0       0      39        0.0%
BITBANK21          100      0       0      36        0.0%
BANK21             100      0       0      37        0.0%
BITBANK20          100      0       0      34        0.0%
BANK20             100      0       0      35        0.0%
BITBANK19          100      0       0      32        0.0%
BANK19             100      0       0      33        0.0%
BITBANK18          100      0       0      30        0.0%
BANK18             100      0       0      31        0.0%
BITBANK17          100      0       0      28        0.0%
BANK17             100      0       0      29        0.0%
BITBANK16          100      0       0      26        0.0%
BANK16             100      0       0      27        0.0%
BITBANK15          100      0       0      24        0.0%
BANK15             100      0       0      25        0.0%
BITBANK14          100      0       0      22        0.0%
BANK14             100      0       0      23        0.0%
BITBANK13          100      0       0      20        0.0%
BANK13             100      0       0      21        0.0%
BITBANK12          100      0       0      18        0.0%
BANK12             100      0       0      19        0.0%
BITBANK11          100      0       0      16        0.0%
BANK11             100      0       0      17        0.0%
BITBANK10          100      0       0      14        0.0%
BANK10             100      0       0      15        0.0%
BITBANK9           100      0       0      12        0.0%
BANK9              100      0       0      13        0.0%
BITBANK8           100      0       0      10        0.0%
BANK8              100      0       0      11        0.0%
BITBANK7           100      0       0       8        0.0%
BANK7              100      0       0       9        0.0%
BITBANK6           100      0       0       6        0.0%
BANK6              100      0       0       7        0.0%
BITBANK5            A0      0       0       4        0.0%
BANK5               A0      0       0       5        0.0%
BITCOMRAM           5F      0       0       0        0.0%
COMRAM              5F      4      11       1       17.9%
BITSFR_5             0      0       0     200        0.0%
SFR_5                0      0       0     200        0.0%
BITSFR_4             0      0       0     200        0.0%
SFR_4                0      0       0     200        0.0%
BITSFR_3             0      0       0     200        0.0%
SFR_3                0      0       0     200        0.0%
BITSFR_2             0      0       0     200        0.0%
SFR_2                0      0       0     200        0.0%
BITSFR_1             0      0       0     200        0.0%
SFR_1                0      0       0     200        0.0%
BITSFR               0      0       0     200        0.0%
SFR                  0      0       0     200        0.0%
STACK                0      0       0       2        0.0%
NULL                 0      0       0       0        0.0%
ABS                  0      0      11      69        0.0%
DATA                 0      0      11       3        0.0%
CODE                 0      0       0       0        0.0%


Microchip Technology PIC18 Macro Assembler V2.31 build 20201012212115 
Symbol Table                                                                                   Mon Feb 01 21:32:52 2021

     __size_of_SysTickSetup 0022                          l21 FF9C                          l15 FF50  
                        l24 FF52                          l18 FF7A                          l60 FFE4  
                        l63 FFFA                          l57 FF54                          u10 FFFA  
                        u11 FFF6                         l743 FFC0                         l745 FFC6  
                       l739 FF68                         l763 FF7C                         l747 FFDA  
                       l771 FFA8                         l773 FFAC                         l765 FF9E  
                       l775 FFB0                         l767 FFA0                         l777 FFB4  
                       l769 FFA4                         wreg 0004E8                        _LATA 0004BE  
                      _main FF9E                _SysTickSetup FF7C                        start FFFC  
      __size_of_SystemSleep 0002                ___param_bank 000000                  _ClockSetup FF50  
                     ?_main 050E                       _PORTA 0004CE                       _TRISA 0004C6  
                     status 0004D8             __initialization FF56                __end_of_main FFC0  
                    ??_main 0512               __activetblptr 000000                      _ANSELA 000400  
        __size_of_GpioSetup 0014                 ?_ClockSetup 050E                      clear_0 FF5C  
                _UserAppRun FFC0                  __accesstop 0560     __end_of__initialization FF62  
             ___rparam_used 000001            _G_u8UserAppFlags 050D              __pcstackCOMRAM 050E  
         __end_of_GpioSetup FF7C         __size_of_ClockSetup 0002                 ?_UserAppRun 050E  
             ??_SystemSleep 050E                     __Hparam 0000                     __Lparam 0000  
                   __pcinit FF56                     __ramtop 2600                     __ptext0 FF9E  
                   __ptext1 FFC0                     __ptext2 FF54                     __ptext3 FF52  
                   __ptext4 FF7C                     __ptext5 FF68                     __ptext6 FF50  
      end_of_initialization FF62            _G_u32SystemFlags 0501                     postinc0 0004EE  
       __end_of_SystemSleep FF54                ??_ClockSetup 050E         __size_of_UserAppRun 003C  
      UserAppRun@u32Counter 050E          __end_of_ClockSetup FF52                   _GpioSetup FF68  
       start_initialization FF56               ?_SysTickSetup 050E                 _SystemSleep FF52  
                ?_GpioSetup 050E                 __pbssCOMRAM 0501           _UserAppInitialize FF54  
              ??_UserAppRun 050E          ?_UserAppInitialize 050E              ??_SysTickSetup 050E  
       ??_UserAppInitialize 050E          __end_of_UserAppRun FFFC   __end_of_UserAppInitialize FF56  
               ??_GpioSetup 050E                    __Hrparam 0000                    __Lrparam 0000  
      __end_of_SysTickSetup FF9E  __size_of_UserAppInitialize 0002               __size_of_main 0022  
              ?_SystemSleep 050E          _G_u32SystemTime1ms 0509           _G_u32SystemTime1s 0505  
