

Microchip MPLAB XC8 Assembler V2.31 build 20201012212115 
                                                                                               Wed Feb 24 01:26:56 2021

Microchip MPLAB XC8 C Compiler v2.31 (Free license) build 20201012212115 Og1 
     1                           	processor	18F27Q43
     2                           	fnconf	rparam,??,?,0
     3                           	pagewidth 120
     4                           	opt	flic
     5                           	psect	cinit,global,reloc=2,class=CODE,delta=1
     6                           	psect	bssCOMRAM,global,class=COMRAM,space=1,delta=1,lowdata,noexec
     7                           	psect	cstackCOMRAM,global,class=COMRAM,space=1,delta=1,lowdata,noexec
     8                           	psect	text0,global,reloc=2,class=CODE,delta=1
     9                           	psect	text1,global,reloc=2,class=CODE,delta=1
    10                           	psect	text2,global,reloc=2,class=CODE,delta=1
    11                           	psect	text3,global,reloc=2,class=CODE,delta=1
    12                           	psect	text4,global,reloc=2,class=CODE,delta=1
    13                           	psect	text5,global,reloc=2,class=CODE,delta=1
    14                           	psect	text6,global,reloc=2,class=CODE,delta=1
    15                           	psect	intsave_regs,global,class=BIGRAM,space=1,delta=1,noexec
    16                           	psect	rparam,global,class=COMRAM,space=1,delta=1,noexec
    17                           	psect	idloc,global,abs,ovrld,class=IDLOC,space=5,delta=1,noexec
    18                           	psect	config,global,abs,ovrld,class=CONFIG,space=4,delta=1,noexec
    19  0000                     
    20                           ; Version 2.30
    21                           ; Generated 20/08/2020 GMT
    22                           ; 
    23                           ; Copyright © 2020, Microchip Technology Inc. and its subsidiaries ("Microchip")
    24                           ; All rights reserved.
    25                           ; 
    26                           ; This software is developed by Microchip Technology Inc. and its subsidiaries ("Microch
      +                          ip").
    27                           ; 
    28                           ; Redistribution and use in source and binary forms, with or without modification, are
    29                           ; permitted provided that the following conditions are met:
    30                           ; 
    31                           ;     1. Redistributions of source code must retain the above copyright notice, this lis
      +                          t of
    32                           ;        conditions and the following disclaimer.
    33                           ; 
    34                           ;     2. Redistributions in binary form must reproduce the above copyright notice, this 
      +                          list
    35                           ;        of conditions and the following disclaimer in the documentation and/or other
    36                           ;        materials provided with the distribution. Publication is not required when
    37                           ;        this file is used in an embedded application.
    38                           ; 
    39                           ;     3. Microchip's name may not be used to endorse or promote products derived from th
      +                          is
    40                           ;        software without specific prior written permission.
    41                           ; 
    42                           ; THIS SOFTWARE IS PROVIDED BY MICROCHIP "AS IS" AND ANY EXPRESS OR IMPLIED WARRANTIES,
    43                           ; INCLUDING, BUT NOT LIMITED TO, THE IMPLIED WARRANTIES OF MERCHANTABILITY AND FITNESS F
      +                          OR
    44                           ; PURPOSE ARE DISCLAIMED.  IN NO EVENT SHALL MICROCHIP BE LIABLE FOR ANY DIRECT, INDIREC
      +                          T,
    45                           ; INCIDENTAL, SPECIAL, EXEMPLARY, OR CONSEQUENTIAL DAMAGES (INCLUDING BUT NOT LIMITED TO
    46                           ; PROCUREMENT OF SUBSTITUTE GOODS OR SERVICES; LOSS OF USE, DATA OR PROFITS; OR BUSINESS
    47                           ; INTERRUPTION) HOWSOEVER CAUSED AND ON ANY THEORY OF LIABILITY, WHETHER IN CONTRACT, ST
      +                          RICT
    48                           ; LIABILITY, OR TORT (INCLUDING NEGLIGENCE OR OTHERWISE) ARISING IN ANY WAY OUT OF THE U
      +                          SE OF
    49                           ; THIS SOFTWARE, EVEN IF ADVISED OF THE POSSIBILITY OF SUCH DAMAGE.
    50                           ; 
    51                           ; 
    52                           ; Code-generator required, PIC18F27Q43 Definitions
    53                           ; 
    54                           ; SFR Addresses
    55  0000                     _ANSELB	set	1032
    56  0000                     _ANSELA	set	1024
    57  0000                     _TRISB	set	1223
    58  0000                     _LATB	set	1215
    59  0000                     _PORTB	set	1231
    60  0000                     _TRISA	set	1222
    61  0000                     _LATA	set	1214
    62  0000                     _PORTA	set	1230
    63                           
    64                           ; #config settings
    65                           
    66                           	psect	cinit
    67  01FF5C                     __pcinit:
    68                           	callstack 0
    69  01FF5C                     start_initialization:
    70                           	callstack 0
    71  01FF5C                     __initialization:
    72                           	callstack 0
    73                           
    74                           ; Clear objects allocated to COMRAM (17 bytes)
    75  01FF5C  EE01  F101         	lfsr	0,__pbssCOMRAM
    76  01FF60  0E11               	movlw	17
    77  01FF62                     clear_0:
    78  01FF62  6AEE               	clrf	postinc0,c
    79  01FF64  06E8               	decf	wreg,f,c
    80  01FF66  E1FD               	bnz	clear_0
    81  01FF68                     end_of_initialization:
    82                           	callstack 0
    83  01FF68                     __end_of__initialization:
    84                           	callstack 0
    85  01FF68  0100               	movlb	0
    86  01FF6A  EFC8  F0FF         	goto	_main	;jump to C main() function
    87                           
    88                           	psect	bssCOMRAM
    89  000501                     __pbssCOMRAM:
    90                           	callstack 0
    91  000501                     	ds	4
    92  000505                     _G_u32SystemFlags:
    93                           	callstack 0
    94  000505                     	ds	4
    95  000509                     _G_u32SystemTime1s:
    96                           	callstack 0
    97  000509                     	ds	4
    98  00050D                     _G_u32SystemTime1ms:
    99                           	callstack 0
   100  00050D                     	ds	4
   101  000511                     _G_u8UserAppFlags:
   102                           	callstack 0
   103  000511                     	ds	1
   104                           
   105                           	psect	cstackCOMRAM
   106  000512                     __pcstackCOMRAM:
   107                           	callstack 0
   108  000512                     ??_UserAppRun:
   109  000512                     
   110                           ; 1 bytes @ 0x0
   111  000512                     	ds	2
   112  000514                     
   113                           ; 1 bytes @ 0x2
   114 ;;
   115 ;;Main: autosize = 0, tempsize = 0, incstack = 0, save=0
   116 ;;
   117 ;; *************** function _main *****************
   118 ;; Defined at:
   119 ;;		line 35 in file "main.c"
   120 ;; Parameters:    Size  Location     Type
   121 ;;		None
   122 ;; Auto vars:     Size  Location     Type
   123 ;;		None
   124 ;; Return value:  Size  Location     Type
   125 ;;                  1    wreg      void 
   126 ;; Registers used:
   127 ;;		wreg, status,2, status,0, cstack
   128 ;; Tracked objects:
   129 ;;		On entry : 0/0
   130 ;;		On exit  : 0/0
   131 ;;		Unchanged: 0/0
   132 ;; Data sizes:     COMRAM   BANK5   BANK6   BANK7   BANK8   BANK9  BANK10  BANK11  BANK12  BANK13  BANK14  BANK15  BANK1
      +6  BANK17  BANK18  BANK19  BANK20  BANK21  BANK22  BANK23  BANK24  BANK25  BANK26  BANK27  BANK28  BANK29  BANK30  BANK3
      +1  BANK32  BANK33  BANK34  BANK35  BANK36  BANK37
   133 ;;      Params:         0       0       0       0       0       0       0       0       0       0       0       0       
      +0       0       0       0       0       0       0       0       0       0       0       0       0       0       0       
      +0       0       0       0       0       0       0
   134 ;;      Locals:         0       0       0       0       0       0       0       0       0       0       0       0       
      +0       0       0       0       0       0       0       0       0       0       0       0       0       0       0       
      +0       0       0       0       0       0       0
   135 ;;      Temps:          0       0       0       0       0       0       0       0       0       0       0       0       
      +0       0       0       0       0       0       0       0       0       0       0       0       0       0       0       
      +0       0       0       0       0       0       0
   136 ;;      Totals:         0       0       0       0       0       0       0       0       0       0       0       0       
      +0       0       0       0       0       0       0       0       0       0       0       0       0       0       0       
      +0       0       0       0       0       0       0
   137 ;;Total ram usage:        0 bytes
   138 ;; Hardware stack levels required when called:    1
   139 ;; This function calls:
   140 ;;		_ClockSetup
   141 ;;		_GpioSetup
   142 ;;		_SysTickSetup
   143 ;;		_SystemSleep
   144 ;;		_UserAppInitialize
   145 ;;		_UserAppRun
   146 ;; This function is called by:
   147 ;;		Startup code after reset
   148 ;; This function uses a non-reentrant model
   149 ;;
   150                           
   151                           	psect	text0
   152  01FF90                     __ptext0:
   153                           	callstack 0
   154  01FF90                     _main:
   155                           	callstack 127
   156  01FF90                     
   157                           ;main.c: 37:   G_u32SystemFlags |= (u32)0x80000000;
   158  01FF90  8E08               	bsf	(_G_u32SystemFlags+3)^(0+1280),7,c	;volatile
   159  01FF92                     
   160                           ;main.c: 40:   ClockSetup();
   161  01FF92  ECAB  F0FF         	call	_ClockSetup	;wreg free
   162  01FF96                     
   163                           ;main.c: 41:   SysTickSetup();
   164  01FF96  ECB7  F0FF         	call	_SysTickSetup	;wreg free
   165  01FF9A                     
   166                           ;main.c: 42:   GpioSetup();
   167  01FF9A  ECD9  F0FF         	call	_GpioSetup	;wreg free
   168  01FF9E                     
   169                           ;main.c: 47:   UserAppInitialize();
   170  01FF9E  ECAD  F0FF         	call	_UserAppInitialize	;wreg free
   171  01FFA2                     l783:
   172                           
   173                           ;main.c: 53:   {;main.c: 57:     UserAppRun();
   174  01FFA2  ECEB  F0FF         	call	_UserAppRun	;wreg free
   175  01FFA6                     
   176                           ;main.c: 62:     SystemSleep();
   177  01FFA6  ECAC  F0FF         	call	_SystemSleep	;wreg free
   178  01FFAA  EFD1  F0FF         	goto	l783
   179  01FFAE  EFFE  F0FF         	goto	start
   180  01FFB2                     __end_of_main:
   181                           	callstack 0
   182                           
   183 ;; *************** function _UserAppRun *****************
   184 ;; Defined at:
   185 ;;		line 95 in file "user_app.c"
   186 ;; Parameters:    Size  Location     Type
   187 ;;		None
   188 ;; Auto vars:     Size  Location     Type
   189 ;;		None
   190 ;; Return value:  Size  Location     Type
   191 ;;                  1    wreg      void 
   192 ;; Registers used:
   193 ;;		wreg, status,2, status,0
   194 ;; Tracked objects:
   195 ;;		On entry : 0/0
   196 ;;		On exit  : 0/0
   197 ;;		Unchanged: 0/0
   198 ;; Data sizes:     COMRAM   BANK5   BANK6   BANK7   BANK8   BANK9  BANK10  BANK11  BANK12  BANK13  BANK14  BANK15  BANK1
      +6  BANK17  BANK18  BANK19  BANK20  BANK21  BANK22  BANK23  BANK24  BANK25  BANK26  BANK27  BANK28  BANK29  BANK30  BANK3
      +1  BANK32  BANK33  BANK34  BANK35  BANK36  BANK37
   199 ;;      Params:         0       0       0       0       0       0       0       0       0       0       0       0       
      +0       0       0       0       0       0       0       0       0       0       0       0       0       0       0       
      +0       0       0       0       0       0       0
   200 ;;      Locals:         0       0       0       0       0       0       0       0       0       0       0       0       
      +0       0       0       0       0       0       0       0       0       0       0       0       0       0       0       
      +0       0       0       0       0       0       0
   201 ;;      Temps:          2       0       0       0       0       0       0       0       0       0       0       0       
      +0       0       0       0       0       0       0       0       0       0       0       0       0       0       0       
      +0       0       0       0       0       0       0
   202 ;;      Totals:         2       0       0       0       0       0       0       0       0       0       0       0       
      +0       0       0       0       0       0       0       0       0       0       0       0       0       0       0       
      +0       0       0       0       0       0       0
   203 ;;Total ram usage:        2 bytes
   204 ;; Hardware stack levels used:    1
   205 ;; This function calls:
   206 ;;		Nothing
   207 ;; This function is called by:
   208 ;;		_main
   209 ;; This function uses a non-reentrant model
   210 ;;
   211                           
   212                           	psect	text1
   213  01FFD6                     __ptext1:
   214                           	callstack 0
   215  01FFD6                     _UserAppRun:
   216                           	callstack 127
   217  01FFD6                     
   218                           ;user_app.c: 97:     static u32 Button_counter;;user_app.c: 99:     if (PORTB | 0x20 ==0
      +                          x20){
   219  01FFD6  50CF               	movf	207,w,c	;volatile
   220  01FFD8  6E12               	movwf	??_UserAppRun^(0+1280),c
   221  01FFDA  6A13               	clrf	(??_UserAppRun+1)^(0+1280),c
   222  01FFDC  0E01               	movlw	1
   223  01FFDE  1212               	iorwf	??_UserAppRun^(0+1280),f,c
   224  01FFE0  0E00               	movlw	0
   225  01FFE2  1213               	iorwf	(??_UserAppRun+1)^(0+1280),f,c
   226  01FFE4  5012               	movf	??_UserAppRun^(0+1280),w,c
   227  01FFE6  1013               	iorwf	(??_UserAppRun+1)^(0+1280),w,c
   228  01FFE8  B4D8               	btfsc	status,2,c
   229  01FFEA  EFF9  F0FF         	goto	u11
   230  01FFEE  EFFB  F0FF         	goto	u10
   231  01FFF2                     u11:
   232  01FFF2  EFFD  F0FF         	goto	l73
   233  01FFF6                     u10:
   234  01FFF6                     
   235                           ;user_app.c: 101:     LATA = LATA+0x01;
   236  01FFF6  28BE               	incf	190,w,c	;volatile
   237  01FFF8  6EBE               	movwf	190,c	;volatile
   238  01FFFA                     l73:
   239  01FFFA  0012               	return		;funcret
   240  01FFFC                     __end_of_UserAppRun:
   241                           	callstack 0
   242                           
   243 ;; *************** function _UserAppInitialize *****************
   244 ;; Defined at:
   245 ;;		line 76 in file "user_app.c"
   246 ;; Parameters:    Size  Location     Type
   247 ;;		None
   248 ;; Auto vars:     Size  Location     Type
   249 ;;		None
   250 ;; Return value:  Size  Location     Type
   251 ;;                  1    wreg      void 
   252 ;; Registers used:
   253 ;;		None
   254 ;; Tracked objects:
   255 ;;		On entry : 0/0
   256 ;;		On exit  : 0/0
   257 ;;		Unchanged: 0/0
   258 ;; Data sizes:     COMRAM   BANK5   BANK6   BANK7   BANK8   BANK9  BANK10  BANK11  BANK12  BANK13  BANK14  BANK15  BANK1
      +6  BANK17  BANK18  BANK19  BANK20  BANK21  BANK22  BANK23  BANK24  BANK25  BANK26  BANK27  BANK28  BANK29  BANK30  BANK3
      +1  BANK32  BANK33  BANK34  BANK35  BANK36  BANK37
   259 ;;      Params:         0       0       0       0       0       0       0       0       0       0       0       0       
      +0       0       0       0       0       0       0       0       0       0       0       0       0       0       0       
      +0       0       0       0       0       0       0
   260 ;;      Locals:         0       0       0       0       0       0       0       0       0       0       0       0       
      +0       0       0       0       0       0       0       0       0       0       0       0       0       0       0       
      +0       0       0       0       0       0       0
   261 ;;      Temps:          0       0       0       0       0       0       0       0       0       0       0       0       
      +0       0       0       0       0       0       0       0       0       0       0       0       0       0       0       
      +0       0       0       0       0       0       0
   262 ;;      Totals:         0       0       0       0       0       0       0       0       0       0       0       0       
      +0       0       0       0       0       0       0       0       0       0       0       0       0       0       0       
      +0       0       0       0       0       0       0
   263 ;;Total ram usage:        0 bytes
   264 ;; Hardware stack levels used:    1
   265 ;; This function calls:
   266 ;;		Nothing
   267 ;; This function is called by:
   268 ;;		_main
   269 ;; This function uses a non-reentrant model
   270 ;;
   271                           
   272                           	psect	text2
   273  01FF5A                     __ptext2:
   274                           	callstack 0
   275  01FF5A                     _UserAppInitialize:
   276                           	callstack 127
   277  01FF5A  0012               	return		;funcret
   278  01FF5C                     __end_of_UserAppInitialize:
   279                           	callstack 0
   280                           
   281 ;; *************** function _SystemSleep *****************
   282 ;; Defined at:
   283 ;;		line 137 in file "encm369_pic18.c"
   284 ;; Parameters:    Size  Location     Type
   285 ;;		None
   286 ;; Auto vars:     Size  Location     Type
   287 ;;		None
   288 ;; Return value:  Size  Location     Type
   289 ;;                  1    wreg      void 
   290 ;; Registers used:
   291 ;;		None
   292 ;; Tracked objects:
   293 ;;		On entry : 0/0
   294 ;;		On exit  : 0/0
   295 ;;		Unchanged: 0/0
   296 ;; Data sizes:     COMRAM   BANK5   BANK6   BANK7   BANK8   BANK9  BANK10  BANK11  BANK12  BANK13  BANK14  BANK15  BANK1
      +6  BANK17  BANK18  BANK19  BANK20  BANK21  BANK22  BANK23  BANK24  BANK25  BANK26  BANK27  BANK28  BANK29  BANK30  BANK3
      +1  BANK32  BANK33  BANK34  BANK35  BANK36  BANK37
   297 ;;      Params:         0       0       0       0       0       0       0       0       0       0       0       0       
      +0       0       0       0       0       0       0       0       0       0       0       0       0       0       0       
      +0       0       0       0       0       0       0
   298 ;;      Locals:         0       0       0       0       0       0       0       0       0       0       0       0       
      +0       0       0       0       0       0       0       0       0       0       0       0       0       0       0       
      +0       0       0       0       0       0       0
   299 ;;      Temps:          0       0       0       0       0       0       0       0       0       0       0       0       
      +0       0       0       0       0       0       0       0       0       0       0       0       0       0       0       
      +0       0       0       0       0       0       0
   300 ;;      Totals:         0       0       0       0       0       0       0       0       0       0       0       0       
      +0       0       0       0       0       0       0       0       0       0       0       0       0       0       0       
      +0       0       0       0       0       0       0
   301 ;;Total ram usage:        0 bytes
   302 ;; Hardware stack levels used:    1
   303 ;; This function calls:
   304 ;;		Nothing
   305 ;; This function is called by:
   306 ;;		_main
   307 ;; This function uses a non-reentrant model
   308 ;;
   309                           
   310                           	psect	text3
   311  01FF58                     __ptext3:
   312                           	callstack 0
   313  01FF58                     _SystemSleep:
   314                           	callstack 127
   315  01FF58  0012               	return		;funcret
   316  01FF5A                     __end_of_SystemSleep:
   317                           	callstack 0
   318                           
   319 ;; *************** function _SysTickSetup *****************
   320 ;; Defined at:
   321 ;;		line 115 in file "encm369_pic18.c"
   322 ;; Parameters:    Size  Location     Type
   323 ;;		None
   324 ;; Auto vars:     Size  Location     Type
   325 ;;		None
   326 ;; Return value:  Size  Location     Type
   327 ;;                  1    wreg      void 
   328 ;; Registers used:
   329 ;;		wreg, status,2
   330 ;; Tracked objects:
   331 ;;		On entry : 0/0
   332 ;;		On exit  : 0/0
   333 ;;		Unchanged: 0/0
   334 ;; Data sizes:     COMRAM   BANK5   BANK6   BANK7   BANK8   BANK9  BANK10  BANK11  BANK12  BANK13  BANK14  BANK15  BANK1
      +6  BANK17  BANK18  BANK19  BANK20  BANK21  BANK22  BANK23  BANK24  BANK25  BANK26  BANK27  BANK28  BANK29  BANK30  BANK3
      +1  BANK32  BANK33  BANK34  BANK35  BANK36  BANK37
   335 ;;      Params:         0       0       0       0       0       0       0       0       0       0       0       0       
      +0       0       0       0       0       0       0       0       0       0       0       0       0       0       0       
      +0       0       0       0       0       0       0
   336 ;;      Locals:         0       0       0       0       0       0       0       0       0       0       0       0       
      +0       0       0       0       0       0       0       0       0       0       0       0       0       0       0       
      +0       0       0       0       0       0       0
   337 ;;      Temps:          0       0       0       0       0       0       0       0       0       0       0       0       
      +0       0       0       0       0       0       0       0       0       0       0       0       0       0       0       
      +0       0       0       0       0       0       0
   338 ;;      Totals:         0       0       0       0       0       0       0       0       0       0       0       0       
      +0       0       0       0       0       0       0       0       0       0       0       0       0       0       0       
      +0       0       0       0       0       0       0
   339 ;;Total ram usage:        0 bytes
   340 ;; Hardware stack levels used:    1
   341 ;; This function calls:
   342 ;;		Nothing
   343 ;; This function is called by:
   344 ;;		_main
   345 ;; This function uses a non-reentrant model
   346 ;;
   347                           
   348                           	psect	text4
   349  01FF6E                     __ptext4:
   350                           	callstack 0
   351  01FF6E                     _SysTickSetup:
   352                           	callstack 127
   353  01FF6E                     
   354                           ;encm369_pic18.c: 117:   G_u32SystemTime1ms = 0;
   355  01FF6E  0E00               	movlw	0
   356  01FF70  6E0D               	movwf	_G_u32SystemTime1ms^(0+1280),c	;volatile
   357  01FF72  0E00               	movlw	0
   358  01FF74  6E0E               	movwf	(_G_u32SystemTime1ms+1)^(0+1280),c	;volatile
   359  01FF76  0E00               	movlw	0
   360  01FF78  6E0F               	movwf	(_G_u32SystemTime1ms+2)^(0+1280),c	;volatile
   361  01FF7A  0E00               	movlw	0
   362  01FF7C  6E10               	movwf	(_G_u32SystemTime1ms+3)^(0+1280),c	;volatile
   363                           
   364                           ;encm369_pic18.c: 118:   G_u32SystemTime1s = 0;
   365  01FF7E  0E00               	movlw	0
   366  01FF80  6E09               	movwf	_G_u32SystemTime1s^(0+1280),c	;volatile
   367  01FF82  0E00               	movlw	0
   368  01FF84  6E0A               	movwf	(_G_u32SystemTime1s+1)^(0+1280),c	;volatile
   369  01FF86  0E00               	movlw	0
   370  01FF88  6E0B               	movwf	(_G_u32SystemTime1s+2)^(0+1280),c	;volatile
   371  01FF8A  0E00               	movlw	0
   372  01FF8C  6E0C               	movwf	(_G_u32SystemTime1s+3)^(0+1280),c	;volatile
   373  01FF8E  0012               	return		;funcret
   374  01FF90                     __end_of_SysTickSetup:
   375                           	callstack 0
   376                           
   377 ;; *************** function _GpioSetup *****************
   378 ;; Defined at:
   379 ;;		line 89 in file "encm369_pic18.c"
   380 ;; Parameters:    Size  Location     Type
   381 ;;		None
   382 ;; Auto vars:     Size  Location     Type
   383 ;;		None
   384 ;; Return value:  Size  Location     Type
   385 ;;                  1    wreg      void 
   386 ;; Registers used:
   387 ;;		wreg, status,2
   388 ;; Tracked objects:
   389 ;;		On entry : 0/0
   390 ;;		On exit  : 0/0
   391 ;;		Unchanged: 0/0
   392 ;; Data sizes:     COMRAM   BANK5   BANK6   BANK7   BANK8   BANK9  BANK10  BANK11  BANK12  BANK13  BANK14  BANK15  BANK1
      +6  BANK17  BANK18  BANK19  BANK20  BANK21  BANK22  BANK23  BANK24  BANK25  BANK26  BANK27  BANK28  BANK29  BANK30  BANK3
      +1  BANK32  BANK33  BANK34  BANK35  BANK36  BANK37
   393 ;;      Params:         0       0       0       0       0       0       0       0       0       0       0       0       
      +0       0       0       0       0       0       0       0       0       0       0       0       0       0       0       
      +0       0       0       0       0       0       0
   394 ;;      Locals:         0       0       0       0       0       0       0       0       0       0       0       0       
      +0       0       0       0       0       0       0       0       0       0       0       0       0       0       0       
      +0       0       0       0       0       0       0
   395 ;;      Temps:          0       0       0       0       0       0       0       0       0       0       0       0       
      +0       0       0       0       0       0       0       0       0       0       0       0       0       0       0       
      +0       0       0       0       0       0       0
   396 ;;      Totals:         0       0       0       0       0       0       0       0       0       0       0       0       
      +0       0       0       0       0       0       0       0       0       0       0       0       0       0       0       
      +0       0       0       0       0       0       0
   397 ;;Total ram usage:        0 bytes
   398 ;; Hardware stack levels used:    1
   399 ;; This function calls:
   400 ;;		Nothing
   401 ;; This function is called by:
   402 ;;		_main
   403 ;; This function uses a non-reentrant model
   404 ;;
   405                           
   406                           	psect	text5
   407  01FFB2                     __ptext5:
   408                           	callstack 0
   409  01FFB2                     _GpioSetup:
   410                           	callstack 127
   411  01FFB2                     
   412                           ;encm369_pic18.c: 91: PORTA = 0x00;
   413  01FFB2  0E00               	movlw	0
   414  01FFB4  6ECE               	movwf	206,c	;volatile
   415                           
   416                           ;encm369_pic18.c: 92: LATA = 0x80;
   417  01FFB6  0E80               	movlw	128
   418  01FFB8  6EBE               	movwf	190,c	;volatile
   419                           
   420                           ;encm369_pic18.c: 93: ANSELA = 0x00;
   421  01FFBA  0E00               	movlw	0
   422  01FFBC  0104               	movlb	4	; () banked
   423  01FFBE  6F00               	movwf	0,b	;volatile
   424                           
   425                           ;encm369_pic18.c: 94: TRISA = 0x00;
   426  01FFC0  0E00               	movlw	0
   427  01FFC2  6EC6               	movwf	198,c	;volatile
   428                           
   429                           ;encm369_pic18.c: 96: PORTB = 0X00;
   430  01FFC4  0E00               	movlw	0
   431  01FFC6  6ECF               	movwf	207,c	;volatile
   432                           
   433                           ;encm369_pic18.c: 97: LATB = 0x00;
   434  01FFC8  0E00               	movlw	0
   435  01FFCA  6EBF               	movwf	191,c	;volatile
   436                           
   437                           ;encm369_pic18.c: 98: ANSELB = 0x00;
   438  01FFCC  0E00               	movlw	0
   439  01FFCE  6F08               	movwf	8,b	;volatile
   440                           
   441                           ;encm369_pic18.c: 99: TRISB = 0xF8;
   442  01FFD0  0EF8               	movlw	248
   443  01FFD2  6EC7               	movwf	199,c	;volatile
   444  01FFD4                     
   445                           ; BSR set to: 4
   446  01FFD4  0012               	return		;funcret
   447  01FFD6                     __end_of_GpioSetup:
   448                           	callstack 0
   449                           
   450 ;; *************** function _ClockSetup *****************
   451 ;; Defined at:
   452 ;;		line 70 in file "encm369_pic18.c"
   453 ;; Parameters:    Size  Location     Type
   454 ;;		None
   455 ;; Auto vars:     Size  Location     Type
   456 ;;		None
   457 ;; Return value:  Size  Location     Type
   458 ;;                  1    wreg      void 
   459 ;; Registers used:
   460 ;;		None
   461 ;; Tracked objects:
   462 ;;		On entry : 0/0
   463 ;;		On exit  : 0/0
   464 ;;		Unchanged: 0/0
   465 ;; Data sizes:     COMRAM   BANK5   BANK6   BANK7   BANK8   BANK9  BANK10  BANK11  BANK12  BANK13  BANK14  BANK15  BANK1
      +6  BANK17  BANK18  BANK19  BANK20  BANK21  BANK22  BANK23  BANK24  BANK25  BANK26  BANK27  BANK28  BANK29  BANK30  BANK3
      +1  BANK32  BANK33  BANK34  BANK35  BANK36  BANK37
   466 ;;      Params:         0       0       0       0       0       0       0       0       0       0       0       0       
      +0       0       0       0       0       0       0       0       0       0       0       0       0       0       0       
      +0       0       0       0       0       0       0
   467 ;;      Locals:         0       0       0       0       0       0       0       0       0       0       0       0       
      +0       0       0       0       0       0       0       0       0       0       0       0       0       0       0       
      +0       0       0       0       0       0       0
   468 ;;      Temps:          0       0       0       0       0       0       0       0       0       0       0       0       
      +0       0       0       0       0       0       0       0       0       0       0       0       0       0       0       
      +0       0       0       0       0       0       0
   469 ;;      Totals:         0       0       0       0       0       0       0       0       0       0       0       0       
      +0       0       0       0       0       0       0       0       0       0       0       0       0       0       0       
      +0       0       0       0       0       0       0
   470 ;;Total ram usage:        0 bytes
   471 ;; Hardware stack levels used:    1
   472 ;; This function calls:
   473 ;;		Nothing
   474 ;; This function is called by:
   475 ;;		_main
   476 ;; This function uses a non-reentrant model
   477 ;;
   478                           
   479                           	psect	text6
   480  01FF56                     __ptext6:
   481                           	callstack 0
   482  01FF56                     _ClockSetup:
   483                           	callstack 127
   484  01FF56  0012               	return		;funcret
   485  01FF58                     __end_of_ClockSetup:
   486                           	callstack 0
   487  0000                     
   488                           	psect	rparam
   489  0000                     
   490                           	psect	idloc
   491                           
   492                           ;Config register IDLOC0 @ 0x200000
   493                           ;	unspecified, using default values
   494  200000                     	org	2097152
   495  200000  0FFF               	dw	4095
   496                           
   497                           ;Config register IDLOC1 @ 0x200002
   498                           ;	unspecified, using default values
   499  200002                     	org	2097154
   500  200002  0FFF               	dw	4095
   501                           
   502                           ;Config register IDLOC2 @ 0x200004
   503                           ;	unspecified, using default values
   504  200004                     	org	2097156
   505  200004  0FFF               	dw	4095
   506                           
   507                           ;Config register IDLOC3 @ 0x200006
   508                           ;	unspecified, using default values
   509  200006                     	org	2097158
   510  200006  0FFF               	dw	4095
   511                           
   512                           ;Config register IDLOC4 @ 0x200008
   513                           ;	unspecified, using default values
   514  200008                     	org	2097160
   515  200008  0FFF               	dw	4095
   516                           
   517                           ;Config register IDLOC5 @ 0x20000A
   518                           ;	unspecified, using default values
   519  20000A                     	org	2097162
   520  20000A  0FFF               	dw	4095
   521                           
   522                           ;Config register IDLOC6 @ 0x20000C
   523                           ;	unspecified, using default values
   524  20000C                     	org	2097164
   525  20000C  0FFF               	dw	4095
   526                           
   527                           ;Config register IDLOC7 @ 0x20000E
   528                           ;	unspecified, using default values
   529  20000E                     	org	2097166
   530  20000E  0FFF               	dw	4095
   531                           
   532                           ;Config register IDLOC8 @ 0x200010
   533                           ;	unspecified, using default values
   534  200010                     	org	2097168
   535  200010  0FFF               	dw	4095
   536                           
   537                           ;Config register IDLOC9 @ 0x200012
   538                           ;	unspecified, using default values
   539  200012                     	org	2097170
   540  200012  0FFF               	dw	4095
   541                           
   542                           ;Config register IDLOC10 @ 0x200014
   543                           ;	unspecified, using default values
   544  200014                     	org	2097172
   545  200014  0FFF               	dw	4095
   546                           
   547                           ;Config register IDLOC11 @ 0x200016
   548                           ;	unspecified, using default values
   549  200016                     	org	2097174
   550  200016  0FFF               	dw	4095
   551                           
   552                           ;Config register IDLOC12 @ 0x200018
   553                           ;	unspecified, using default values
   554  200018                     	org	2097176
   555  200018  0FFF               	dw	4095
   556                           
   557                           ;Config register IDLOC13 @ 0x20001A
   558                           ;	unspecified, using default values
   559  20001A                     	org	2097178
   560  20001A  0FFF               	dw	4095
   561                           
   562                           ;Config register IDLOC14 @ 0x20001C
   563                           ;	unspecified, using default values
   564  20001C                     	org	2097180
   565  20001C  0FFF               	dw	4095
   566                           
   567                           ;Config register IDLOC15 @ 0x20001E
   568                           ;	unspecified, using default values
   569  20001E                     	org	2097182
   570  20001E  0FFF               	dw	4095
   571                           
   572                           	psect	config
   573                           
   574                           ;Config register CONFIG1 @ 0x300000
   575                           ;	External Oscillator Selection
   576                           ;	FEXTOSC = OFF, Oscillator not enabled
   577                           ;	Reset Oscillator Selection
   578                           ;	RSTOSC = HFINTOSC_64MHZ, HFINTOSC with HFFRQ = 64 MHz and CDIV = 1:1
   579  300000                     	org	3145728
   580  300000  8C                 	db	140
   581                           
   582                           ;Config register CONFIG2 @ 0x300001
   583                           ;	Clock out Enable bit
   584                           ;	CLKOUTEN = ON, CLKOUT function is enabled
   585                           ;	PRLOCKED One-Way Set Enable bit
   586                           ;	PR1WAY = ON, PRLOCKED bit can be cleared and set only once
   587                           ;	Clock Switch Enable bit
   588                           ;	CSWEN = ON, Writing to NOSC and NDIV is allowed
   589                           ;	Fail-Safe Clock Monitor Enable bit
   590                           ;	FCMEN = ON, Fail-Safe Clock Monitor enabled
   591  300001                     	org	3145729
   592  300001  FE                 	db	254
   593                           
   594                           ;Config register CONFIG3 @ 0x300002
   595                           ;	MCLR Enable bit
   596                           ;	MCLRE = EXTMCLR, If LVP = 0, MCLR pin is MCLR; If LVP = 1, RE3 pin function is MCLR
   597                           ;	Power-up timer selection bits
   598                           ;	PWRTS = PWRT_OFF, PWRT is disabled
   599                           ;	Multi-vector enable bit
   600                           ;	MVECEN = ON, Multi-vector enabled, Vector table used for interrupts
   601                           ;	IVTLOCK bit One-way set enable bit
   602                           ;	IVT1WAY = ON, IVTLOCKED bit can be cleared and set only once
   603                           ;	Low Power BOR Enable bit
   604                           ;	LPBOREN = OFF, Low-Power BOR disabled
   605                           ;	Brown-out Reset Enable bits
   606                           ;	BOREN = SBORDIS, Brown-out Reset enabled , SBOREN bit is ignored
   607  300002                     	org	3145730
   608  300002  FF                 	db	255
   609                           
   610                           ;Config register CONFIG4 @ 0x300003
   611                           ;	Brown-out Reset Voltage Selection bits
   612                           ;	BORV = VBOR_2P85, Brown-out Reset Voltage (VBOR) set to 2.8V
   613                           ;	ZCD Disable bit
   614                           ;	ZCD = OFF, ZCD module is disabled. ZCD can be enabled by setting the ZCDSEN bit of ZCD
      +                          CON
   615                           ;	PPSLOCK bit One-Way Set Enable bit
   616                           ;	PPS1WAY = ON, PPSLOCKED bit can be cleared and set only once; PPS registers remain loc
      +                          ked after one clear/set cycle
   617                           ;	Stack Full/Underflow Reset Enable bit
   618                           ;	STVREN = ON, Stack full/underflow will cause Reset
   619                           ;	Low Voltage Programming Enable bit
   620                           ;	LVP = ON, Low voltage programming enabled. MCLR/VPP pin function is MCLR. MCLRE config
      +                          uration bit is ignored
   621                           ;	Extended Instruction Set Enable bit
   622                           ;	XINST = OFF, Extended Instruction Set and Indexed Addressing Mode disabled
   623  300003                     	org	3145731
   624  300003  FC                 	db	252
   625                           
   626                           ;Config register CONFIG5 @ 0x300004
   627                           ;	WDT Period selection bits
   628                           ;	WDTCPS = WDTCPS_31, Divider ratio 1:65536; software control of WDTPS
   629                           ;	WDT operating mode
   630                           ;	WDTE = OFF, WDT Disabled; SWDTEN is ignored
   631  300004                     	org	3145732
   632  300004  9F                 	db	159
   633                           
   634                           ;Config register CONFIG6 @ 0x300005
   635                           ;	WDT Window Select bits
   636                           ;	WDTCWS = WDTCWS_7, window always open (100%); software control; keyed access not requi
      +                          red
   637                           ;	WDT input clock selector
   638                           ;	WDTCCS = SC, Software Control
   639  300005                     	org	3145733
   640  300005  FF                 	db	255
   641                           
   642                           ;Config register CONFIG7 @ 0x300006
   643                           ;	Boot Block Size selection bits
   644                           ;	BBSIZE = BBSIZE_512, Boot Block size is 512 words
   645                           ;	Boot Block enable bit
   646                           ;	BBEN = OFF, Boot block disabled
   647                           ;	Storage Area Flash enable bit
   648                           ;	SAFEN = OFF, SAF disabled
   649                           ;	Background Debugger
   650                           ;	DEBUG = OFF, Background Debugger disabled
   651  300006                     	org	3145734
   652  300006  FF                 	db	255
   653                           
   654                           ;Config register CONFIG8 @ 0x300007
   655                           ;	Boot Block Write Protection bit
   656                           ;	WRTB = OFF, Boot Block not Write protected
   657                           ;	Configuration Register Write Protection bit
   658                           ;	WRTC = OFF, Configuration registers not Write protected
   659                           ;	Data EEPROM Write Protection bit
   660                           ;	WRTD = OFF, Data EEPROM not Write protected
   661                           ;	SAF Write protection bit
   662                           ;	WRTSAF = OFF, SAF not Write Protected
   663                           ;	Application Block write protection bit
   664                           ;	WRTAPP = OFF, Application Block not write protected
   665  300007                     	org	3145735
   666  300007  FF                 	db	255
   667                           
   668                           ; Padding undefined space
   669  300008                     	org	3145736
   670  300008  FF                 	db	255
   671                           
   672                           ;Config register CONFIG10 @ 0x300009
   673                           ;	PFM and Data EEPROM Code Protection bit
   674                           ;	CP = OFF, PFM and Data EEPROM code protection disabled
   675  300009                     	org	3145737
   676  300009  FF                 	db	255
   677                           tosu	equ	0x4FF
   678                           tosh	equ	0x4FE
   679                           tosl	equ	0x4FD
   680                           stkptr	equ	0x4FC
   681                           pclatu	equ	0x4FB
   682                           pclath	equ	0x4FA
   683                           pcl	equ	0x4F9
   684                           tblptru	equ	0x4F8
   685                           tblptrh	equ	0x4F7
   686                           tblptrl	equ	0x4F6
   687                           tablat	equ	0x4F5
   688                           prodh	equ	0x4F4
   689                           prodl	equ	0x4F3
   690                           indf0	equ	0x4EF
   691                           postinc0	equ	0x4EE
   692                           postdec0	equ	0x4ED
   693                           preinc0	equ	0x4EC
   694                           plusw0	equ	0x4EB
   695                           fsr0h	equ	0x4EA
   696                           fsr0l	equ	0x4E9
   697                           wreg	equ	0x4E8
   698                           indf1	equ	0x4E7
   699                           postinc1	equ	0x4E6
   700                           postdec1	equ	0x4E5
   701                           preinc1	equ	0x4E4
   702                           plusw1	equ	0x4E3
   703                           fsr1h	equ	0x4E2
   704                           fsr1l	equ	0x4E1
   705                           bsr	equ	0x4E0
   706                           indf2	equ	0x4DF
   707                           postinc2	equ	0x4DE
   708                           postdec2	equ	0x4DD
   709                           preinc2	equ	0x4DC
   710                           plusw2	equ	0x4DB
   711                           fsr2h	equ	0x4DA
   712                           fsr2l	equ	0x4D9
   713                           status	equ	0x4D8

Data Sizes:
    Strings     0
    Constant    0
    Data        0
    BSS         17
    Persistent  0
    Stack       0

Auto Spaces:
    Space          Size  Autos    Used
    COMRAM           95      2      19
    BANK5           160      0       0
    BANK6           256      0       0
    BANK7           256      0       0
    BANK8           256      0       0
    BANK9           256      0       0
    BANK10          256      0       0
    BANK11          256      0       0
    BANK12          256      0       0
    BANK13          256      0       0
    BANK14          256      0       0
    BANK15          256      0       0
    BANK16          256      0       0
    BANK17          256      0       0
    BANK18          256      0       0
    BANK19          256      0       0
    BANK20          256      0       0
    BANK21          256      0       0
    BANK22          256      0       0
    BANK23          256      0       0
    BANK24          256      0       0
    BANK25          256      0       0
    BANK26          256      0       0
    BANK27          256      0       0
    BANK28          256      0       0
    BANK29          256      0       0
    BANK30          256      0       0
    BANK31          256      0       0
    BANK32          256      0       0
    BANK33          256      0       0
    BANK34          256      0       0
    BANK35          256      0       0
    BANK36          256      0       0
    BANK37          256      0       0

Pointer List with Targets:

    None.

Critical Paths under _main in COMRAM

    _main->_UserAppRun

Critical Paths under _main in BANK5

    None.

Critical Paths under _main in BANK6

    None.

Critical Paths under _main in BANK7

    None.

Critical Paths under _main in BANK8

    None.

Critical Paths under _main in BANK9

    None.

Critical Paths under _main in BANK10

    None.

Critical Paths under _main in BANK11

    None.

Critical Paths under _main in BANK12

    None.

Critical Paths under _main in BANK13

    None.

Critical Paths under _main in BANK14

    None.

Critical Paths under _main in BANK15

    None.

Critical Paths under _main in BANK16

    None.

Critical Paths under _main in BANK17

    None.

Critical Paths under _main in BANK18

    None.

Critical Paths under _main in BANK19

    None.

Critical Paths under _main in BANK20

    None.

Critical Paths under _main in BANK21

    None.

Critical Paths under _main in BANK22

    None.

Critical Paths under _main in BANK23

    None.

Critical Paths under _main in BANK24

    None.

Critical Paths under _main in BANK25

    None.

Critical Paths under _main in BANK26

    None.

Critical Paths under _main in BANK27

    None.

Critical Paths under _main in BANK28

    None.

Critical Paths under _main in BANK29

    None.

Critical Paths under _main in BANK30

    None.

Critical Paths under _main in BANK31

    None.

Critical Paths under _main in BANK32

    None.

Critical Paths under _main in BANK33

    None.

Critical Paths under _main in BANK34

    None.

Critical Paths under _main in BANK35

    None.

Critical Paths under _main in BANK36

    None.

Critical Paths under _main in BANK37

    None.

Call Graph Tables:

 ---------------------------------------------------------------------------------
 (Depth) Function   	        Calls       Base Space   Used Autos Params    Refs
 ---------------------------------------------------------------------------------
 (0) _main                                                 0     0      0       0
                         _ClockSetup
                          _GpioSetup
                       _SysTickSetup
                        _SystemSleep
                  _UserAppInitialize
                         _UserAppRun
 ---------------------------------------------------------------------------------
 (1) _UserAppRun                                           2     2      0       0
                                              0 COMRAM     2     2      0
 ---------------------------------------------------------------------------------
 (1) _UserAppInitialize                                    0     0      0       0
 ---------------------------------------------------------------------------------
 (1) _SystemSleep                                          0     0      0       0
 ---------------------------------------------------------------------------------
 (1) _SysTickSetup                                         0     0      0       0
 ---------------------------------------------------------------------------------
 (1) _GpioSetup                                            0     0      0       0
 ---------------------------------------------------------------------------------
 (1) _ClockSetup                                           0     0      0       0
 ---------------------------------------------------------------------------------
 Estimated maximum stack depth 1
 ---------------------------------------------------------------------------------

 Call Graph Graphs:

 _main (ROOT)
   _ClockSetup
   _GpioSetup
   _SysTickSetup
   _SystemSleep
   _UserAppInitialize
   _UserAppRun

 Address spaces:
Name               Size   Autos  Total    Cost      Usage
BIGRAM            20FF      0       0      71        0.0%
EEDATA             400      0       0       0        0.0%
BITBANK37          100      0       0      70        0.0%
BANK37             100      0       0      68        0.0%
BITBANK36          100      0       0      66        0.0%
BANK36             100      0       0      67        0.0%
BITBANK35          100      0       0      64        0.0%
BANK35             100      0       0      65        0.0%
BITBANK34          100      0       0      62        0.0%
BANK34             100      0       0      63        0.0%
BITBANK33          100      0       0      60        0.0%
BANK33             100      0       0      61        0.0%
BITBANK32          100      0       0      58        0.0%
BANK32             100      0       0      59        0.0%
BITBANK31          100      0       0      56        0.0%
BANK31             100      0       0      57        0.0%
BITBANK30          100      0       0      54        0.0%
BANK30             100      0       0      55        0.0%
BITBANK29          100      0       0      52        0.0%
BANK29             100      0       0      53        0.0%
BITBANK28          100      0       0      50        0.0%
BANK28             100      0       0      51        0.0%
BITBANK27          100      0       0      48        0.0%
BANK27             100      0       0      49        0.0%
BITBANK26          100      0       0      46        0.0%
BANK26             100      0       0      47        0.0%
BITBANK25          100      0       0      44        0.0%
BANK25             100      0       0      45        0.0%
BITBANK24          100      0       0      42        0.0%
BANK24             100      0       0      43        0.0%
BITBANK23          100      0       0      40        0.0%
BANK23             100      0       0      41        0.0%
BITBANK22          100      0       0      38        0.0%
BANK22             100      0       0      39        0.0%
BITBANK21          100      0       0      36        0.0%
BANK21             100      0       0      37        0.0%
BITBANK20          100      0       0      34        0.0%
BANK20             100      0       0      35        0.0%
BITBANK19          100      0       0      32        0.0%
BANK19             100      0       0      33        0.0%
BITBANK18          100      0       0      30        0.0%
BANK18             100      0       0      31        0.0%
BITBANK17          100      0       0      28        0.0%
BANK17             100      0       0      29        0.0%
BITBANK16          100      0       0      26        0.0%
BANK16             100      0       0      27        0.0%
BITBANK15          100      0       0      24        0.0%
BANK15             100      0       0      25        0.0%
BITBANK14          100      0       0      22        0.0%
BANK14             100      0       0      23        0.0%
BITBANK13          100      0       0      20        0.0%
BANK13             100      0       0      21        0.0%
BITBANK12          100      0       0      18        0.0%
BANK12             100      0       0      19        0.0%
BITBANK11          100      0       0      16        0.0%
BANK11             100      0       0      17        0.0%
BITBANK10          100      0       0      14        0.0%
BANK10             100      0       0      15        0.0%
BITBANK9           100      0       0      12        0.0%
BANK9              100      0       0      13        0.0%
BITBANK8           100      0       0      10        0.0%
BANK8              100      0       0      11        0.0%
BITBANK7           100      0       0       8        0.0%
BANK7              100      0       0       9        0.0%
BITBANK6           100      0       0       6        0.0%
BANK6              100      0       0       7        0.0%
BITBANK5            A0      0       0       4        0.0%
BANK5               A0      0       0       5        0.0%
BITCOMRAM           5F      0       0       0        0.0%
COMRAM              5F      2      13       1       20.0%
BITSFR_5             0      0       0     200        0.0%
SFR_5                0      0       0     200        0.0%
BITSFR_4             0      0       0     200        0.0%
SFR_4                0      0       0     200        0.0%
BITSFR_3             0      0       0     200        0.0%
SFR_3                0      0       0     200        0.0%
BITSFR_2             0      0       0     200        0.0%
SFR_2                0      0       0     200        0.0%
BITSFR_1             0      0       0     200        0.0%
SFR_1                0      0       0     200        0.0%
BITSFR               0      0       0     200        0.0%
SFR                  0      0       0     200        0.0%
STACK                0      0       0       2        0.0%
NULL                 0      0       0       0        0.0%
ABS                  0      0      13      69        0.0%
DATA                 0      0      13       3        0.0%
CODE                 0      0       0       0        0.0%


Microchip Technology PIC18 Macro Assembler V2.31 build 20201012212115 
Symbol Table                                                                                   Wed Feb 24 01:26:56 2021

     __size_of_SysTickSetup 0022                          l23 FF56                          l32 FF58  
                        l26 FFD4                          l29 FF8E                          l73 FFFA  
                        l67 FF5A                          u10 FFF6                          u11 FFF2  
                       l753 FFD6                         l771 FF6E                         l755 FFF6  
                       l749 FFB2                         l781 FF9E                         l773 FF90  
                       l783 FFA2                         l775 FF92                         l785 FFA6  
                       l777 FF96                         l779 FF9A                         wreg 0004E8  
                      _LATA 0004BE                        _LATB 0004BF                        _main FF90  
              _SysTickSetup FF6E                        start FFFC        __size_of_SystemSleep 0002  
              ___param_bank 000000                  _ClockSetup FF56                       ?_main 0512  
                     _PORTA 0004CE                       _PORTB 0004CF                       _TRISA 0004C6  
                     _TRISB 0004C7                       status 0004D8             __initialization FF5C  
              __end_of_main FFB2                      ??_main 0514               __activetblptr 000000  
                    _ANSELA 000400                      _ANSELB 000408          __size_of_GpioSetup 0024  
               ?_ClockSetup 0512                      clear_0 FF62                  _UserAppRun FFD6  
                __accesstop 0560     __end_of__initialization FF68               ___rparam_used 000001  
          _G_u8UserAppFlags 0511              __pcstackCOMRAM 0512           __end_of_GpioSetup FFD6  
       __size_of_ClockSetup 0002                 ?_UserAppRun 0512               ??_SystemSleep 0512  
                   __Hparam 0000                     __Lparam 0000                     __pcinit FF5C  
                   __ramtop 2600                     __ptext0 FF90                     __ptext1 FFD6  
                   __ptext2 FF5A                     __ptext3 FF58                     __ptext4 FF6E  
                   __ptext5 FFB2                     __ptext6 FF56        end_of_initialization FF68  
          _G_u32SystemFlags 0505                     postinc0 0004EE         __end_of_SystemSleep FF5A  
              ??_ClockSetup 0512         __size_of_UserAppRun 0026          __end_of_ClockSetup FF58  
                 _GpioSetup FFB2         start_initialization FF5C               ?_SysTickSetup 0512  
               _SystemSleep FF58                  ?_GpioSetup 0512                 __pbssCOMRAM 0501  
         _UserAppInitialize FF5A                ??_UserAppRun 0512          ?_UserAppInitialize 0512  
            ??_SysTickSetup 0512         ??_UserAppInitialize 0512          __end_of_UserAppRun FFFC  
 __end_of_UserAppInitialize FF5C                 ??_GpioSetup 0512                    __Hrparam 0000  
                  __Lrparam 0000    UserAppRun@Button_counter 0501        __end_of_SysTickSetup FF90  
__size_of_UserAppInitialize 0002               __size_of_main 0022                ?_SystemSleep 0512  
        _G_u32SystemTime1ms 050D           _G_u32SystemTime1s 0509  
