

Microchip MPLAB XC8 Assembler V2.31 build 20201012212115 
                                                                                               Thu Mar 04 00:45:13 2021

Microchip MPLAB XC8 C Compiler v2.31 (Free license) build 20201012212115 Og1 
     1                           	processor	18F27Q43
     2                           	fnconf	rparam,??,?,0
     3                           	pagewidth 120
     4                           	opt	flic
     5                           	psect	idataCOMRAM,global,class=CODE,delta=1,noexec
     6                           	psect	cinit,global,reloc=2,class=CODE,delta=1
     7                           	psect	bssCOMRAM,global,class=COMRAM,space=1,delta=1,lowdata,noexec
     8                           	psect	dataCOMRAM,global,class=COMRAM,space=1,delta=1,lowdata,noexec
     9                           	psect	cstackCOMRAM,global,class=COMRAM,space=1,delta=1,lowdata,noexec
    10                           	psect	text0,global,reloc=2,class=CODE,delta=1
    11                           	psect	text1,global,reloc=2,class=CODE,delta=1
    12                           	psect	text2,global,reloc=2,class=CODE,delta=1
    13                           	psect	text3,global,reloc=2,class=CODE,delta=1
    14                           	psect	text4,global,reloc=2,class=CODE,delta=1
    15                           	psect	text5,global,reloc=2,class=CODE,delta=1
    16                           	psect	text6,global,reloc=2,class=CODE,delta=1
    17                           	psect	text7,global,reloc=2,class=CODE,delta=1
    18                           	psect	intsave_regs,global,class=BIGRAM,space=1,delta=1,noexec
    19                           	psect	rparam,global,class=COMRAM,space=1,delta=1,noexec
    20                           	psect	idloc,global,abs,ovrld,class=IDLOC,space=5,delta=1,noexec
    21                           	psect	config,global,abs,ovrld,class=CONFIG,space=4,delta=1,noexec
    22  0000                     
    23                           ; Version 2.30
    24                           ; Generated 20/08/2020 GMT
    25                           ; 
    26                           ; Copyright © 2020, Microchip Technology Inc. and its subsidiaries ("Microchip")
    27                           ; All rights reserved.
    28                           ; 
    29                           ; This software is developed by Microchip Technology Inc. and its subsidiaries ("Microch
      +                          ip").
    30                           ; 
    31                           ; Redistribution and use in source and binary forms, with or without modification, are
    32                           ; permitted provided that the following conditions are met:
    33                           ; 
    34                           ;     1. Redistributions of source code must retain the above copyright notice, this lis
      +                          t of
    35                           ;        conditions and the following disclaimer.
    36                           ; 
    37                           ;     2. Redistributions in binary form must reproduce the above copyright notice, this 
      +                          list
    38                           ;        of conditions and the following disclaimer in the documentation and/or other
    39                           ;        materials provided with the distribution. Publication is not required when
    40                           ;        this file is used in an embedded application.
    41                           ; 
    42                           ;     3. Microchip's name may not be used to endorse or promote products derived from th
      +                          is
    43                           ;        software without specific prior written permission.
    44                           ; 
    45                           ; THIS SOFTWARE IS PROVIDED BY MICROCHIP "AS IS" AND ANY EXPRESS OR IMPLIED WARRANTIES,
    46                           ; INCLUDING, BUT NOT LIMITED TO, THE IMPLIED WARRANTIES OF MERCHANTABILITY AND FITNESS F
      +                          OR
    47                           ; PURPOSE ARE DISCLAIMED.  IN NO EVENT SHALL MICROCHIP BE LIABLE FOR ANY DIRECT, INDIREC
      +                          T,
    48                           ; INCIDENTAL, SPECIAL, EXEMPLARY, OR CONSEQUENTIAL DAMAGES (INCLUDING BUT NOT LIMITED TO
    49                           ; PROCUREMENT OF SUBSTITUTE GOODS OR SERVICES; LOSS OF USE, DATA OR PROFITS; OR BUSINESS
    50                           ; INTERRUPTION) HOWSOEVER CAUSED AND ON ANY THEORY OF LIABILITY, WHETHER IN CONTRACT, ST
      +                          RICT
    51                           ; LIABILITY, OR TORT (INCLUDING NEGLIGENCE OR OTHERWISE) ARISING IN ANY WAY OUT OF THE U
      +                          SE OF
    52                           ; THIS SOFTWARE, EVEN IF ADVISED OF THE POSSIBILITY OF SUCH DAMAGE.
    53                           ; 
    54                           ; 
    55                           ; Code-generator required, PIC18F27Q43 Definitions
    56                           ; 
    57                           ; SFR Addresses
    58  0000                     
    59                           	psect	idataCOMRAM
    60  01FEBA                     __pidataCOMRAM:
    61                           	callstack 0
    62                           
    63                           ;initializer for UserAppRun@F15925
    64  01FEBA  01                 	db	1
    65  01FEBB  02                 	db	2
    66  01FEBC  04                 	db	4
    67  01FEBD  08                 	db	8
    68  01FEBE  10                 	db	16
    69  01FEBF  20                 	db	32
    70  0000                     _T0CON1	set	795
    71  0000                     _TMR0L	set	792
    72  0000                     _TMR0H	set	793
    73  0000                     _T0CON0	set	794
    74  0000                     _ANSELA	set	1024
    75  0000                     _TRISA	set	1222
    76  0000                     _LATA	set	1214
    77  0000                     _PORTA	set	1230
    78  0000                     _PIR3	set	1201
    79                           
    80                           ; #config settings
    81                           
    82                           	psect	cinit
    83  01FF2C                     __pcinit:
    84                           	callstack 0
    85  01FF2C                     start_initialization:
    86                           	callstack 0
    87  01FF2C                     __initialization:
    88                           	callstack 0
    89                           
    90                           ; Initialize objects allocated to COMRAM (6 bytes)
    91                           ; load TBLPTR registers with __pidataCOMRAM
    92  01FF2C  0EBA               	movlw	low __pidataCOMRAM
    93  01FF2E  6EF6               	movwf	tblptrl,c
    94  01FF30  0EFE               	movlw	high __pidataCOMRAM
    95  01FF32  6EF7               	movwf	tblptrh,c
    96  01FF34  0E01               	movlw	low (__pidataCOMRAM shr (0+16))
    97  01FF36  6EF8               	movwf	tblptru,c
    98  01FF38  EE01  F111         	lfsr	0,__pdataCOMRAM
    99  01FF3C  EE10 F006          	lfsr	1,6
   100  01FF40                     copy_data0:
   101  01FF40  0009               	tblrd		*+
   102  01FF42  C4F5 F4EE          	movff	tablat,postinc0
   103  01FF46  50E5               	movf	postdec1,w,c
   104  01FF48  50E1               	movf	fsr1l,w,c
   105  01FF4A  E1FA               	bnz	copy_data0
   106                           
   107                           ; Clear objects allocated to COMRAM (16 bytes)
   108  01FF4C  EE01  F101         	lfsr	0,__pbssCOMRAM
   109  01FF50  0E10               	movlw	16
   110  01FF52                     clear_0:
   111  01FF52  6AEE               	clrf	postinc0,c
   112  01FF54  06E8               	decf	wreg,f,c
   113  01FF56  E1FD               	bnz	clear_0
   114  01FF58                     end_of_initialization:
   115                           	callstack 0
   116  01FF58                     __end_of__initialization:
   117                           	callstack 0
   118  01FF58  0100               	movlb	0
   119  01FF5A  EFAF  F0FF         	goto	_main	;jump to C main() function
   120                           
   121                           	psect	bssCOMRAM
   122  000501                     __pbssCOMRAM:
   123                           	callstack 0
   124  000501                     _G_u32SystemFlags:
   125                           	callstack 0
   126  000501                     	ds	4
   127  000505                     _G_u32SystemTime1s:
   128                           	callstack 0
   129  000505                     	ds	4
   130  000509                     _G_u32SystemTime1ms:
   131                           	callstack 0
   132  000509                     	ds	4
   133  00050D                     UserAppRun@u16Counter:
   134                           	callstack 0
   135  00050D                     	ds	2
   136  00050F                     UserAppRun@u8Index:
   137                           	callstack 0
   138  00050F                     	ds	1
   139  000510                     _G_u8UserAppFlags:
   140                           	callstack 0
   141  000510                     	ds	1
   142                           
   143                           	psect	dataCOMRAM
   144  000511                     __pdataCOMRAM:
   145                           	callstack 0
   146  000511                     UserAppRun@F15925:
   147                           	callstack 0
   148  000511                     	ds	6
   149                           
   150                           	psect	cstackCOMRAM
   151  000517                     __pcstackCOMRAM:
   152                           	callstack 0
   153  000517                     TimeXus@u16Microseconds_delay:
   154                           	callstack 0
   155  000517                     UserAppRun@au8Pattern:
   156                           	callstack 0
   157                           
   158                           ; 6 bytes @ 0x0
   159  000517                     	ds	2
   160  000519                     TimeXus@u16TimerValue:
   161                           	callstack 0
   162                           
   163                           ; 2 bytes @ 0x2
   164  000519                     	ds	4
   165  00051D                     
   166                           ; 1 bytes @ 0x6
   167 ;;
   168 ;;Main: autosize = 0, tempsize = 0, incstack = 0, save=0
   169 ;;
   170 ;; *************** function _main *****************
   171 ;; Defined at:
   172 ;;		line 35 in file "main.c"
   173 ;; Parameters:    Size  Location     Type
   174 ;;		None
   175 ;; Auto vars:     Size  Location     Type
   176 ;;		None
   177 ;; Return value:  Size  Location     Type
   178 ;;                  1    wreg      void 
   179 ;; Registers used:
   180 ;;		wreg, fsr1l, fsr1h, fsr2l, fsr2h, status,2, status,0, cstack
   181 ;; Tracked objects:
   182 ;;		On entry : 0/0
   183 ;;		On exit  : 0/0
   184 ;;		Unchanged: 0/0
   185 ;; Data sizes:     COMRAM   BANK5   BANK6   BANK7   BANK8   BANK9  BANK10  BANK11  BANK12  BANK13  BANK14  BANK15  BANK1
      +6  BANK17  BANK18  BANK19  BANK20  BANK21  BANK22  BANK23  BANK24  BANK25  BANK26  BANK27  BANK28  BANK29  BANK30  BANK3
      +1  BANK32  BANK33  BANK34  BANK35  BANK36  BANK37
   186 ;;      Params:         0       0       0       0       0       0       0       0       0       0       0       0       
      +0       0       0       0       0       0       0       0       0       0       0       0       0       0       0       
      +0       0       0       0       0       0       0
   187 ;;      Locals:         0       0       0       0       0       0       0       0       0       0       0       0       
      +0       0       0       0       0       0       0       0       0       0       0       0       0       0       0       
      +0       0       0       0       0       0       0
   188 ;;      Temps:          0       0       0       0       0       0       0       0       0       0       0       0       
      +0       0       0       0       0       0       0       0       0       0       0       0       0       0       0       
      +0       0       0       0       0       0       0
   189 ;;      Totals:         0       0       0       0       0       0       0       0       0       0       0       0       
      +0       0       0       0       0       0       0       0       0       0       0       0       0       0       0       
      +0       0       0       0       0       0       0
   190 ;;Total ram usage:        0 bytes
   191 ;; Hardware stack levels required when called:    1
   192 ;; This function calls:
   193 ;;		_ClockSetup
   194 ;;		_GpioSetup
   195 ;;		_SysTickSetup
   196 ;;		_SystemSleep
   197 ;;		_TimeXus
   198 ;;		_UserAppInitialize
   199 ;;		_UserAppRun
   200 ;; This function is called by:
   201 ;;		Startup code after reset
   202 ;; This function uses a non-reentrant model
   203 ;;
   204                           
   205                           	psect	text0
   206  01FF5E                     __ptext0:
   207                           	callstack 0
   208  01FF5E                     _main:
   209                           	callstack 127
   210  01FF5E                     
   211                           ;main.c: 37:   G_u32SystemFlags |= (u32)0x80000000;
   212  01FF5E  8E04               	bsf	(_G_u32SystemFlags+3)^(0+1280),7,c	;volatile
   213  01FF60                     
   214                           ;main.c: 40:   ClockSetup();
   215  01FF60  EC5B  F0FF         	call	_ClockSetup	;wreg free
   216  01FF64                     
   217                           ;main.c: 41:   SysTickSetup();
   218  01FF64  EC72  F0FF         	call	_SysTickSetup	;wreg free
   219  01FF68                     
   220                           ;main.c: 42:   GpioSetup();
   221  01FF68  EC68  F0FF         	call	_GpioSetup	;wreg free
   222  01FF6C                     
   223                           ;main.c: 47:   UserAppInitialize();
   224  01FF6C  EC60  F0FF         	call	_UserAppInitialize	;wreg free
   225  01FF70                     l838:
   226                           
   227                           ;main.c: 53:   {;main.c: 57:     UserAppRun();
   228  01FF70  ECCF  F0FF         	call	_UserAppRun	;wreg free
   229  01FF74                     
   230                           ;main.c: 61:     (LATA &=0X7F);
   231  01FF74  9EBE               	bcf	190,7,c	;volatile
   232  01FF76                     
   233                           ;main.c: 62:     SystemSleep();
   234  01FF76  EC5C  F0FF         	call	_SystemSleep	;wreg free
   235  01FF7A                     
   236                           ;main.c: 63:     TimeXus(0x03E8);
   237  01FF7A  0E03               	movlw	3
   238  01FF7C  6E18               	movwf	(TimeXus@u16Microseconds_delay+1)^(0+1280),c
   239  01FF7E  0EE8               	movlw	232
   240  01FF80  6E17               	movwf	TimeXus@u16Microseconds_delay^(0+1280),c
   241  01FF82  EC83  F0FF         	call	_TimeXus	;wreg free
   242  01FF86                     l65:
   243                           
   244                           ;main.c: 65:     while ((PIR3 & 0X80) !=0X80)
   245  01FF86  AEB1               	btfss	177,7,c	;volatile
   246  01FF88  EFC8  F0FF         	goto	u51
   247  01FF8C  EFCA  F0FF         	goto	u50
   248  01FF90                     u51:
   249  01FF90  EFC3  F0FF         	goto	l65
   250  01FF94                     u50:
   251  01FF94                     
   252                           ;main.c: 70:     (LATA != 0X80);
   253  01FF94  50BE               	movf	190,w,c	;volatile
   254  01FF96  EFB8  F0FF         	goto	l838
   255  01FF9A  EFFE  F0FF         	goto	start
   256  01FF9E                     __end_of_main:
   257                           	callstack 0
   258                           
   259 ;; *************** function _UserAppRun *****************
   260 ;; Defined at:
   261 ;;		line 100 in file "user_app.c"
   262 ;; Parameters:    Size  Location     Type
   263 ;;		None
   264 ;; Auto vars:     Size  Location     Type
   265 ;;  au8Pattern      6    0[COMRAM] unsigned char [6]
   266 ;; Return value:  Size  Location     Type
   267 ;;                  1    wreg      void 
   268 ;; Registers used:
   269 ;;		wreg, fsr1l, fsr1h, fsr2l, fsr2h, status,2, status,0
   270 ;; Tracked objects:
   271 ;;		On entry : 0/0
   272 ;;		On exit  : 0/0
   273 ;;		Unchanged: 0/0
   274 ;; Data sizes:     COMRAM   BANK5   BANK6   BANK7   BANK8   BANK9  BANK10  BANK11  BANK12  BANK13  BANK14  BANK15  BANK1
      +6  BANK17  BANK18  BANK19  BANK20  BANK21  BANK22  BANK23  BANK24  BANK25  BANK26  BANK27  BANK28  BANK29  BANK30  BANK3
      +1  BANK32  BANK33  BANK34  BANK35  BANK36  BANK37
   275 ;;      Params:         0       0       0       0       0       0       0       0       0       0       0       0       
      +0       0       0       0       0       0       0       0       0       0       0       0       0       0       0       
      +0       0       0       0       0       0       0
   276 ;;      Locals:         6       0       0       0       0       0       0       0       0       0       0       0       
      +0       0       0       0       0       0       0       0       0       0       0       0       0       0       0       
      +0       0       0       0       0       0       0
   277 ;;      Temps:          0       0       0       0       0       0       0       0       0       0       0       0       
      +0       0       0       0       0       0       0       0       0       0       0       0       0       0       0       
      +0       0       0       0       0       0       0
   278 ;;      Totals:         6       0       0       0       0       0       0       0       0       0       0       0       
      +0       0       0       0       0       0       0       0       0       0       0       0       0       0       0       
      +0       0       0       0       0       0       0
   279 ;;Total ram usage:        6 bytes
   280 ;; Hardware stack levels used:    1
   281 ;; This function calls:
   282 ;;		Nothing
   283 ;; This function is called by:
   284 ;;		_main
   285 ;; This function uses a non-reentrant model
   286 ;;
   287                           
   288                           	psect	text1
   289  01FF9E                     __ptext1:
   290                           	callstack 0
   291  01FF9E                     _UserAppRun:
   292                           	callstack 127
   293  01FF9E                     
   294                           ;user_app.c: 103:  static u16 u16Counter = 0x00;;user_app.c: 104:     static u8 u8Index 
      +                          = 0;;user_app.c: 105:     u8 au8Pattern[] = {0x01,0x02,0x04,0x8,0x10,0x20};
   295  01FF9E  EE21  F111         	lfsr	2,UserAppRun@F15925
   296  01FFA2  EE11  F117         	lfsr	1,UserAppRun@au8Pattern
   297  01FFA6  0E05               	movlw	5
   298  01FFA8                     u11:
   299  01FFA8  C4DB F4E3          	movff	plusw2,plusw1
   300  01FFAC  06E8               	decf	wreg,f,c
   301  01FFAE  E2FC               	bc	u11
   302  01FFB0                     
   303                           ;user_app.c: 106:     if(u16Counter == 0x1F4)
   304  01FFB0  0EF4               	movlw	244
   305  01FFB2  180D               	xorwf	UserAppRun@u16Counter^(0+1280),w,c
   306  01FFB4  E106               	bnz	u21
   307  01FFB6  040E               	decf	(UserAppRun@u16Counter+1)^(0+1280),w,c
   308  01FFB8  A4D8               	btfss	status,2,c
   309  01FFBA  EFE1  F0FF         	goto	u21
   310  01FFBE  EFE3  F0FF         	goto	u20
   311  01FFC2                     u21:
   312  01FFC2  EFFB  F0FF         	goto	l796
   313  01FFC6                     u20:
   314  01FFC6                     
   315                           ;user_app.c: 107:     {;user_app.c: 108:         u16Counter =0;
   316  01FFC6  0E00               	movlw	0
   317  01FFC8  6E0E               	movwf	(UserAppRun@u16Counter+1)^(0+1280),c
   318  01FFCA  0E00               	movlw	0
   319  01FFCC  6E0D               	movwf	UserAppRun@u16Counter^(0+1280),c
   320  01FFCE                     
   321                           ;user_app.c: 109:         LATA = au8Pattern[u8Index];
   322  01FFCE  0E17               	movlw	low UserAppRun@au8Pattern
   323  01FFD0  240F               	addwf	UserAppRun@u8Index^(0+1280),w,c
   324  01FFD2  6ED9               	movwf	fsr2l,c
   325  01FFD4  6ADA               	clrf	fsr2h,c
   326  01FFD6  0E05               	movlw	high UserAppRun@au8Pattern
   327  01FFD8  22DA               	addwfc	fsr2h,f,c
   328  01FFDA  50DF               	movf	indf2,w,c
   329  01FFDC  6EBE               	movwf	190,c	;volatile
   330  01FFDE                     
   331                           ;user_app.c: 110:         u8Index++;
   332  01FFDE  2A0F               	incf	UserAppRun@u8Index^(0+1280),f,c
   333  01FFE0                     
   334                           ;user_app.c: 111:         if(u8Index == 6)
   335  01FFE0  0E06               	movlw	6
   336  01FFE2  180F               	xorwf	UserAppRun@u8Index^(0+1280),w,c
   337  01FFE4  A4D8               	btfss	status,2,c
   338  01FFE6  EFF7  F0FF         	goto	u31
   339  01FFEA  EFF9  F0FF         	goto	u30
   340  01FFEE                     u31:
   341  01FFEE  EFFB  F0FF         	goto	l796
   342  01FFF2                     u30:
   343  01FFF2                     
   344                           ;user_app.c: 112:         {;user_app.c: 113:             u8Index = 0;
   345  01FFF2  0E00               	movlw	0
   346  01FFF4  6E0F               	movwf	UserAppRun@u8Index^(0+1280),c
   347  01FFF6                     l796:
   348                           
   349                           ;user_app.c: 116:     u16Counter++;
   350  01FFF6  4A0D               	infsnz	UserAppRun@u16Counter^(0+1280),f,c
   351  01FFF8  2A0E               	incf	(UserAppRun@u16Counter+1)^(0+1280),f,c
   352  01FFFA  0012               	return		;funcret
   353  01FFFC                     __end_of_UserAppRun:
   354                           	callstack 0
   355                           
   356 ;; *************** function _UserAppInitialize *****************
   357 ;; Defined at:
   358 ;;		line 76 in file "user_app.c"
   359 ;; Parameters:    Size  Location     Type
   360 ;;		None
   361 ;; Auto vars:     Size  Location     Type
   362 ;;		None
   363 ;; Return value:  Size  Location     Type
   364 ;;                  1    wreg      void 
   365 ;; Registers used:
   366 ;;		wreg, status,2
   367 ;; Tracked objects:
   368 ;;		On entry : 0/0
   369 ;;		On exit  : 0/0
   370 ;;		Unchanged: 0/0
   371 ;; Data sizes:     COMRAM   BANK5   BANK6   BANK7   BANK8   BANK9  BANK10  BANK11  BANK12  BANK13  BANK14  BANK15  BANK1
      +6  BANK17  BANK18  BANK19  BANK20  BANK21  BANK22  BANK23  BANK24  BANK25  BANK26  BANK27  BANK28  BANK29  BANK30  BANK3
      +1  BANK32  BANK33  BANK34  BANK35  BANK36  BANK37
   372 ;;      Params:         0       0       0       0       0       0       0       0       0       0       0       0       
      +0       0       0       0       0       0       0       0       0       0       0       0       0       0       0       
      +0       0       0       0       0       0       0
   373 ;;      Locals:         0       0       0       0       0       0       0       0       0       0       0       0       
      +0       0       0       0       0       0       0       0       0       0       0       0       0       0       0       
      +0       0       0       0       0       0       0
   374 ;;      Temps:          0       0       0       0       0       0       0       0       0       0       0       0       
      +0       0       0       0       0       0       0       0       0       0       0       0       0       0       0       
      +0       0       0       0       0       0       0
   375 ;;      Totals:         0       0       0       0       0       0       0       0       0       0       0       0       
      +0       0       0       0       0       0       0       0       0       0       0       0       0       0       0       
      +0       0       0       0       0       0       0
   376 ;;Total ram usage:        0 bytes
   377 ;; Hardware stack levels used:    1
   378 ;; This function calls:
   379 ;;		Nothing
   380 ;; This function is called by:
   381 ;;		_main
   382 ;; This function uses a non-reentrant model
   383 ;;
   384                           
   385                           	psect	text2
   386  01FEC0                     __ptext2:
   387                           	callstack 0
   388  01FEC0                     _UserAppInitialize:
   389                           	callstack 127
   390  01FEC0                     
   391                           ;user_app.c: 79:     LATA = 0x01;
   392  01FEC0  0E01               	movlw	1
   393  01FEC2  6EBE               	movwf	190,c	;volatile
   394                           
   395                           ;user_app.c: 82:     T0CON0= 0X90;
   396  01FEC4  0E90               	movlw	144
   397  01FEC6  0103               	movlb	3	; () banked
   398  01FEC8  6F1A               	movwf	26,b	;volatile
   399                           
   400                           ;user_app.c: 83:     T0CON1= 0x54;
   401  01FECA  0E54               	movlw	84
   402  01FECC  6F1B               	movwf	27,b	;volatile
   403  01FECE                     
   404                           ; BSR set to: 3
   405  01FECE  0012               	return		;funcret
   406  01FED0                     __end_of_UserAppInitialize:
   407                           	callstack 0
   408                           
   409 ;; *************** function _TimeXus *****************
   410 ;; Defined at:
   411 ;;		line 88 in file "encm369_pic18.c"
   412 ;; Parameters:    Size  Location     Type
   413 ;;  u16Microseco    2    0[COMRAM] unsigned short 
   414 ;; Auto vars:     Size  Location     Type
   415 ;;  u16TimerValu    2    2[COMRAM] unsigned short 
   416 ;; Return value:  Size  Location     Type
   417 ;;                  1    wreg      void 
   418 ;; Registers used:
   419 ;;		wreg, status,2, status,0
   420 ;; Tracked objects:
   421 ;;		On entry : 0/0
   422 ;;		On exit  : 0/0
   423 ;;		Unchanged: 0/0
   424 ;; Data sizes:     COMRAM   BANK5   BANK6   BANK7   BANK8   BANK9  BANK10  BANK11  BANK12  BANK13  BANK14  BANK15  BANK1
      +6  BANK17  BANK18  BANK19  BANK20  BANK21  BANK22  BANK23  BANK24  BANK25  BANK26  BANK27  BANK28  BANK29  BANK30  BANK3
      +1  BANK32  BANK33  BANK34  BANK35  BANK36  BANK37
   425 ;;      Params:         2       0       0       0       0       0       0       0       0       0       0       0       
      +0       0       0       0       0       0       0       0       0       0       0       0       0       0       0       
      +0       0       0       0       0       0       0
   426 ;;      Locals:         2       0       0       0       0       0       0       0       0       0       0       0       
      +0       0       0       0       0       0       0       0       0       0       0       0       0       0       0       
      +0       0       0       0       0       0       0
   427 ;;      Temps:          0       0       0       0       0       0       0       0       0       0       0       0       
      +0       0       0       0       0       0       0       0       0       0       0       0       0       0       0       
      +0       0       0       0       0       0       0
   428 ;;      Totals:         4       0       0       0       0       0       0       0       0       0       0       0       
      +0       0       0       0       0       0       0       0       0       0       0       0       0       0       0       
      +0       0       0       0       0       0       0
   429 ;;Total ram usage:        4 bytes
   430 ;; Hardware stack levels used:    1
   431 ;; This function calls:
   432 ;;		Nothing
   433 ;; This function is called by:
   434 ;;		_main
   435 ;; This function uses a non-reentrant model
   436 ;;
   437                           
   438                           	psect	text3
   439  01FF06                     __ptext3:
   440                           	callstack 0
   441  01FF06                     _TimeXus:
   442                           	callstack 127
   443  01FF06                     
   444                           ;encm369_pic18.c: 88: void TimeXus(u16 u16Microseconds_delay);encm369_pic18.c: 89: {;enc
      +                          m369_pic18.c: 91:     u16 u16TimerValue= 0xFFFF - u16Microseconds_delay;
   445  01FF06  1C17               	comf	TimeXus@u16Microseconds_delay^(0+1280),w,c
   446  01FF08  6E19               	movwf	TimeXus@u16TimerValue^(0+1280),c
   447  01FF0A  1C18               	comf	(TimeXus@u16Microseconds_delay+1)^(0+1280),w,c
   448  01FF0C  6E1A               	movwf	(TimeXus@u16TimerValue+1)^(0+1280),c
   449                           
   450                           ;encm369_pic18.c: 94:     T0CON0 = T0CON0 & 0x7F;
   451  01FF0E  0103               	movlb	3	; () banked
   452  01FF10  511A               	movf	26,w,b	;volatile
   453  01FF12  0B7F               	andlw	127
   454  01FF14  6F1A               	movwf	26,b	;volatile
   455  01FF16                     
   456                           ; BSR set to: 3
   457                           ;encm369_pic18.c: 96:     TMR0H = (u16TimerValue & 0xFF00)>>8;
   458  01FF16  501A               	movf	(TimeXus@u16TimerValue+1)^(0+1280),w,c
   459  01FF18  6F19               	movwf	25,b	;volatile
   460  01FF1A                     
   461                           ; BSR set to: 3
   462                           ;encm369_pic18.c: 97:     TMR0L= (u16TimerValue & 0x00FF);
   463  01FF1A  0061  F464  F318   	movff	TimeXus@u16TimerValue,792	;volatile
   464  01FF20                     
   465                           ; BSR set to: 3
   466                           ;encm369_pic18.c: 99:     PIR3 = PIR3 & 0x7F;
   467  01FF20  50B1               	movf	177,w,c	;volatile
   468  01FF22  0B7F               	andlw	127
   469  01FF24  6EB1               	movwf	177,c	;volatile
   470                           
   471                           ;encm369_pic18.c: 101:     T0CON0= 0x90;
   472  01FF26  0E90               	movlw	144
   473  01FF28  6F1A               	movwf	26,b	;volatile
   474  01FF2A                     
   475                           ; BSR set to: 3
   476  01FF2A  0012               	return		;funcret
   477  01FF2C                     __end_of_TimeXus:
   478                           	callstack 0
   479                           
   480 ;; *************** function _SystemSleep *****************
   481 ;; Defined at:
   482 ;;		line 162 in file "encm369_pic18.c"
   483 ;; Parameters:    Size  Location     Type
   484 ;;		None
   485 ;; Auto vars:     Size  Location     Type
   486 ;;		None
   487 ;; Return value:  Size  Location     Type
   488 ;;                  1    wreg      void 
   489 ;; Registers used:
   490 ;;		None
   491 ;; Tracked objects:
   492 ;;		On entry : 0/0
   493 ;;		On exit  : 0/0
   494 ;;		Unchanged: 0/0
   495 ;; Data sizes:     COMRAM   BANK5   BANK6   BANK7   BANK8   BANK9  BANK10  BANK11  BANK12  BANK13  BANK14  BANK15  BANK1
      +6  BANK17  BANK18  BANK19  BANK20  BANK21  BANK22  BANK23  BANK24  BANK25  BANK26  BANK27  BANK28  BANK29  BANK30  BANK3
      +1  BANK32  BANK33  BANK34  BANK35  BANK36  BANK37
   496 ;;      Params:         0       0       0       0       0       0       0       0       0       0       0       0       
      +0       0       0       0       0       0       0       0       0       0       0       0       0       0       0       
      +0       0       0       0       0       0       0
   497 ;;      Locals:         0       0       0       0       0       0       0       0       0       0       0       0       
      +0       0       0       0       0       0       0       0       0       0       0       0       0       0       0       
      +0       0       0       0       0       0       0
   498 ;;      Temps:          0       0       0       0       0       0       0       0       0       0       0       0       
      +0       0       0       0       0       0       0       0       0       0       0       0       0       0       0       
      +0       0       0       0       0       0       0
   499 ;;      Totals:         0       0       0       0       0       0       0       0       0       0       0       0       
      +0       0       0       0       0       0       0       0       0       0       0       0       0       0       0       
      +0       0       0       0       0       0       0
   500 ;;Total ram usage:        0 bytes
   501 ;; Hardware stack levels used:    1
   502 ;; This function calls:
   503 ;;		Nothing
   504 ;; This function is called by:
   505 ;;		_main
   506 ;; This function uses a non-reentrant model
   507 ;;
   508                           
   509                           	psect	text4
   510  01FEB8                     __ptext4:
   511                           	callstack 0
   512  01FEB8                     _SystemSleep:
   513                           	callstack 127
   514  01FEB8  0012               	return		;funcret
   515  01FEBA                     __end_of_SystemSleep:
   516                           	callstack 0
   517                           
   518 ;; *************** function _SysTickSetup *****************
   519 ;; Defined at:
   520 ;;		line 140 in file "encm369_pic18.c"
   521 ;; Parameters:    Size  Location     Type
   522 ;;		None
   523 ;; Auto vars:     Size  Location     Type
   524 ;;		None
   525 ;; Return value:  Size  Location     Type
   526 ;;                  1    wreg      void 
   527 ;; Registers used:
   528 ;;		wreg, status,2
   529 ;; Tracked objects:
   530 ;;		On entry : 0/0
   531 ;;		On exit  : 0/0
   532 ;;		Unchanged: 0/0
   533 ;; Data sizes:     COMRAM   BANK5   BANK6   BANK7   BANK8   BANK9  BANK10  BANK11  BANK12  BANK13  BANK14  BANK15  BANK1
      +6  BANK17  BANK18  BANK19  BANK20  BANK21  BANK22  BANK23  BANK24  BANK25  BANK26  BANK27  BANK28  BANK29  BANK30  BANK3
      +1  BANK32  BANK33  BANK34  BANK35  BANK36  BANK37
   534 ;;      Params:         0       0       0       0       0       0       0       0       0       0       0       0       
      +0       0       0       0       0       0       0       0       0       0       0       0       0       0       0       
      +0       0       0       0       0       0       0
   535 ;;      Locals:         0       0       0       0       0       0       0       0       0       0       0       0       
      +0       0       0       0       0       0       0       0       0       0       0       0       0       0       0       
      +0       0       0       0       0       0       0
   536 ;;      Temps:          0       0       0       0       0       0       0       0       0       0       0       0       
      +0       0       0       0       0       0       0       0       0       0       0       0       0       0       0       
      +0       0       0       0       0       0       0
   537 ;;      Totals:         0       0       0       0       0       0       0       0       0       0       0       0       
      +0       0       0       0       0       0       0       0       0       0       0       0       0       0       0       
      +0       0       0       0       0       0       0
   538 ;;Total ram usage:        0 bytes
   539 ;; Hardware stack levels used:    1
   540 ;; This function calls:
   541 ;;		Nothing
   542 ;; This function is called by:
   543 ;;		_main
   544 ;; This function uses a non-reentrant model
   545 ;;
   546                           
   547                           	psect	text5
   548  01FEE4                     __ptext5:
   549                           	callstack 0
   550  01FEE4                     _SysTickSetup:
   551                           	callstack 127
   552  01FEE4                     
   553                           ;encm369_pic18.c: 142:   G_u32SystemTime1ms = 0;
   554  01FEE4  0E00               	movlw	0
   555  01FEE6  6E09               	movwf	_G_u32SystemTime1ms^(0+1280),c	;volatile
   556  01FEE8  0E00               	movlw	0
   557  01FEEA  6E0A               	movwf	(_G_u32SystemTime1ms+1)^(0+1280),c	;volatile
   558  01FEEC  0E00               	movlw	0
   559  01FEEE  6E0B               	movwf	(_G_u32SystemTime1ms+2)^(0+1280),c	;volatile
   560  01FEF0  0E00               	movlw	0
   561  01FEF2  6E0C               	movwf	(_G_u32SystemTime1ms+3)^(0+1280),c	;volatile
   562                           
   563                           ;encm369_pic18.c: 143:   G_u32SystemTime1s = 0;
   564  01FEF4  0E00               	movlw	0
   565  01FEF6  6E05               	movwf	_G_u32SystemTime1s^(0+1280),c	;volatile
   566  01FEF8  0E00               	movlw	0
   567  01FEFA  6E06               	movwf	(_G_u32SystemTime1s+1)^(0+1280),c	;volatile
   568  01FEFC  0E00               	movlw	0
   569  01FEFE  6E07               	movwf	(_G_u32SystemTime1s+2)^(0+1280),c	;volatile
   570  01FF00  0E00               	movlw	0
   571  01FF02  6E08               	movwf	(_G_u32SystemTime1s+3)^(0+1280),c	;volatile
   572  01FF04  0012               	return		;funcret
   573  01FF06                     __end_of_SysTickSetup:
   574                           	callstack 0
   575                           
   576 ;; *************** function _GpioSetup *****************
   577 ;; Defined at:
   578 ;;		line 118 in file "encm369_pic18.c"
   579 ;; Parameters:    Size  Location     Type
   580 ;;		None
   581 ;; Auto vars:     Size  Location     Type
   582 ;;		None
   583 ;; Return value:  Size  Location     Type
   584 ;;                  1    wreg      void 
   585 ;; Registers used:
   586 ;;		wreg, status,2
   587 ;; Tracked objects:
   588 ;;		On entry : 0/0
   589 ;;		On exit  : 0/0
   590 ;;		Unchanged: 0/0
   591 ;; Data sizes:     COMRAM   BANK5   BANK6   BANK7   BANK8   BANK9  BANK10  BANK11  BANK12  BANK13  BANK14  BANK15  BANK1
      +6  BANK17  BANK18  BANK19  BANK20  BANK21  BANK22  BANK23  BANK24  BANK25  BANK26  BANK27  BANK28  BANK29  BANK30  BANK3
      +1  BANK32  BANK33  BANK34  BANK35  BANK36  BANK37
   592 ;;      Params:         0       0       0       0       0       0       0       0       0       0       0       0       
      +0       0       0       0       0       0       0       0       0       0       0       0       0       0       0       
      +0       0       0       0       0       0       0
   593 ;;      Locals:         0       0       0       0       0       0       0       0       0       0       0       0       
      +0       0       0       0       0       0       0       0       0       0       0       0       0       0       0       
      +0       0       0       0       0       0       0
   594 ;;      Temps:          0       0       0       0       0       0       0       0       0       0       0       0       
      +0       0       0       0       0       0       0       0       0       0       0       0       0       0       0       
      +0       0       0       0       0       0       0
   595 ;;      Totals:         0       0       0       0       0       0       0       0       0       0       0       0       
      +0       0       0       0       0       0       0       0       0       0       0       0       0       0       0       
      +0       0       0       0       0       0       0
   596 ;;Total ram usage:        0 bytes
   597 ;; Hardware stack levels used:    1
   598 ;; This function calls:
   599 ;;		Nothing
   600 ;; This function is called by:
   601 ;;		_main
   602 ;; This function uses a non-reentrant model
   603 ;;
   604                           
   605                           	psect	text6
   606  01FED0                     __ptext6:
   607                           	callstack 0
   608  01FED0                     _GpioSetup:
   609                           	callstack 127
   610  01FED0                     
   611                           ;encm369_pic18.c: 120: PORTA = 0x00;
   612  01FED0  0E00               	movlw	0
   613  01FED2  6ECE               	movwf	206,c	;volatile
   614                           
   615                           ;encm369_pic18.c: 121: LATA = 0x80;
   616  01FED4  0E80               	movlw	128
   617  01FED6  6EBE               	movwf	190,c	;volatile
   618                           
   619                           ;encm369_pic18.c: 122: ANSELA = 0x00;
   620  01FED8  0E00               	movlw	0
   621  01FEDA  0104               	movlb	4	; () banked
   622  01FEDC  6F00               	movwf	0,b	;volatile
   623                           
   624                           ;encm369_pic18.c: 123: TRISA = 0x00;
   625  01FEDE  0E00               	movlw	0
   626  01FEE0  6EC6               	movwf	198,c	;volatile
   627  01FEE2                     
   628                           ; BSR set to: 4
   629  01FEE2  0012               	return		;funcret
   630  01FEE4                     __end_of_GpioSetup:
   631                           	callstack 0
   632                           
   633 ;; *************** function _ClockSetup *****************
   634 ;; Defined at:
   635 ;;		line 70 in file "encm369_pic18.c"
   636 ;; Parameters:    Size  Location     Type
   637 ;;		None
   638 ;; Auto vars:     Size  Location     Type
   639 ;;		None
   640 ;; Return value:  Size  Location     Type
   641 ;;                  1    wreg      void 
   642 ;; Registers used:
   643 ;;		None
   644 ;; Tracked objects:
   645 ;;		On entry : 0/0
   646 ;;		On exit  : 0/0
   647 ;;		Unchanged: 0/0
   648 ;; Data sizes:     COMRAM   BANK5   BANK6   BANK7   BANK8   BANK9  BANK10  BANK11  BANK12  BANK13  BANK14  BANK15  BANK1
      +6  BANK17  BANK18  BANK19  BANK20  BANK21  BANK22  BANK23  BANK24  BANK25  BANK26  BANK27  BANK28  BANK29  BANK30  BANK3
      +1  BANK32  BANK33  BANK34  BANK35  BANK36  BANK37
   649 ;;      Params:         0       0       0       0       0       0       0       0       0       0       0       0       
      +0       0       0       0       0       0       0       0       0       0       0       0       0       0       0       
      +0       0       0       0       0       0       0
   650 ;;      Locals:         0       0       0       0       0       0       0       0       0       0       0       0       
      +0       0       0       0       0       0       0       0       0       0       0       0       0       0       0       
      +0       0       0       0       0       0       0
   651 ;;      Temps:          0       0       0       0       0       0       0       0       0       0       0       0       
      +0       0       0       0       0       0       0       0       0       0       0       0       0       0       0       
      +0       0       0       0       0       0       0
   652 ;;      Totals:         0       0       0       0       0       0       0       0       0       0       0       0       
      +0       0       0       0       0       0       0       0       0       0       0       0       0       0       0       
      +0       0       0       0       0       0       0
   653 ;;Total ram usage:        0 bytes
   654 ;; Hardware stack levels used:    1
   655 ;; This function calls:
   656 ;;		Nothing
   657 ;; This function is called by:
   658 ;;		_main
   659 ;; This function uses a non-reentrant model
   660 ;;
   661                           
   662                           	psect	text7
   663  01FEB6                     __ptext7:
   664                           	callstack 0
   665  01FEB6                     _ClockSetup:
   666                           	callstack 127
   667  01FEB6  0012               	return		;funcret
   668  01FEB8                     __end_of_ClockSetup:
   669                           	callstack 0
   670  0000                     
   671                           	psect	rparam
   672  0000                     
   673                           	psect	idloc
   674                           
   675                           ;Config register IDLOC0 @ 0x200000
   676                           ;	unspecified, using default values
   677  200000                     	org	2097152
   678  200000  0FFF               	dw	4095
   679                           
   680                           ;Config register IDLOC1 @ 0x200002
   681                           ;	unspecified, using default values
   682  200002                     	org	2097154
   683  200002  0FFF               	dw	4095
   684                           
   685                           ;Config register IDLOC2 @ 0x200004
   686                           ;	unspecified, using default values
   687  200004                     	org	2097156
   688  200004  0FFF               	dw	4095
   689                           
   690                           ;Config register IDLOC3 @ 0x200006
   691                           ;	unspecified, using default values
   692  200006                     	org	2097158
   693  200006  0FFF               	dw	4095
   694                           
   695                           ;Config register IDLOC4 @ 0x200008
   696                           ;	unspecified, using default values
   697  200008                     	org	2097160
   698  200008  0FFF               	dw	4095
   699                           
   700                           ;Config register IDLOC5 @ 0x20000A
   701                           ;	unspecified, using default values
   702  20000A                     	org	2097162
   703  20000A  0FFF               	dw	4095
   704                           
   705                           ;Config register IDLOC6 @ 0x20000C
   706                           ;	unspecified, using default values
   707  20000C                     	org	2097164
   708  20000C  0FFF               	dw	4095
   709                           
   710                           ;Config register IDLOC7 @ 0x20000E
   711                           ;	unspecified, using default values
   712  20000E                     	org	2097166
   713  20000E  0FFF               	dw	4095
   714                           
   715                           ;Config register IDLOC8 @ 0x200010
   716                           ;	unspecified, using default values
   717  200010                     	org	2097168
   718  200010  0FFF               	dw	4095
   719                           
   720                           ;Config register IDLOC9 @ 0x200012
   721                           ;	unspecified, using default values
   722  200012                     	org	2097170
   723  200012  0FFF               	dw	4095
   724                           
   725                           ;Config register IDLOC10 @ 0x200014
   726                           ;	unspecified, using default values
   727  200014                     	org	2097172
   728  200014  0FFF               	dw	4095
   729                           
   730                           ;Config register IDLOC11 @ 0x200016
   731                           ;	unspecified, using default values
   732  200016                     	org	2097174
   733  200016  0FFF               	dw	4095
   734                           
   735                           ;Config register IDLOC12 @ 0x200018
   736                           ;	unspecified, using default values
   737  200018                     	org	2097176
   738  200018  0FFF               	dw	4095
   739                           
   740                           ;Config register IDLOC13 @ 0x20001A
   741                           ;	unspecified, using default values
   742  20001A                     	org	2097178
   743  20001A  0FFF               	dw	4095
   744                           
   745                           ;Config register IDLOC14 @ 0x20001C
   746                           ;	unspecified, using default values
   747  20001C                     	org	2097180
   748  20001C  0FFF               	dw	4095
   749                           
   750                           ;Config register IDLOC15 @ 0x20001E
   751                           ;	unspecified, using default values
   752  20001E                     	org	2097182
   753  20001E  0FFF               	dw	4095
   754                           
   755                           	psect	config
   756                           
   757                           ;Config register CONFIG1 @ 0x300000
   758                           ;	External Oscillator Selection
   759                           ;	FEXTOSC = OFF, Oscillator not enabled
   760                           ;	Reset Oscillator Selection
   761                           ;	RSTOSC = HFINTOSC_64MHZ, HFINTOSC with HFFRQ = 64 MHz and CDIV = 1:1
   762  300000                     	org	3145728
   763  300000  8C                 	db	140
   764                           
   765                           ;Config register CONFIG2 @ 0x300001
   766                           ;	Clock out Enable bit
   767                           ;	CLKOUTEN = ON, CLKOUT function is enabled
   768                           ;	PRLOCKED One-Way Set Enable bit
   769                           ;	PR1WAY = ON, PRLOCKED bit can be cleared and set only once
   770                           ;	Clock Switch Enable bit
   771                           ;	CSWEN = ON, Writing to NOSC and NDIV is allowed
   772                           ;	Fail-Safe Clock Monitor Enable bit
   773                           ;	FCMEN = ON, Fail-Safe Clock Monitor enabled
   774  300001                     	org	3145729
   775  300001  FE                 	db	254
   776                           
   777                           ;Config register CONFIG3 @ 0x300002
   778                           ;	MCLR Enable bit
   779                           ;	MCLRE = EXTMCLR, If LVP = 0, MCLR pin is MCLR; If LVP = 1, RE3 pin function is MCLR
   780                           ;	Power-up timer selection bits
   781                           ;	PWRTS = PWRT_OFF, PWRT is disabled
   782                           ;	Multi-vector enable bit
   783                           ;	MVECEN = ON, Multi-vector enabled, Vector table used for interrupts
   784                           ;	IVTLOCK bit One-way set enable bit
   785                           ;	IVT1WAY = ON, IVTLOCKED bit can be cleared and set only once
   786                           ;	Low Power BOR Enable bit
   787                           ;	LPBOREN = OFF, Low-Power BOR disabled
   788                           ;	Brown-out Reset Enable bits
   789                           ;	BOREN = SBORDIS, Brown-out Reset enabled , SBOREN bit is ignored
   790  300002                     	org	3145730
   791  300002  FF                 	db	255
   792                           
   793                           ;Config register CONFIG4 @ 0x300003
   794                           ;	Brown-out Reset Voltage Selection bits
   795                           ;	BORV = VBOR_2P85, Brown-out Reset Voltage (VBOR) set to 2.8V
   796                           ;	ZCD Disable bit
   797                           ;	ZCD = OFF, ZCD module is disabled. ZCD can be enabled by setting the ZCDSEN bit of ZCD
      +                          CON
   798                           ;	PPSLOCK bit One-Way Set Enable bit
   799                           ;	PPS1WAY = ON, PPSLOCKED bit can be cleared and set only once; PPS registers remain loc
      +                          ked after one clear/set cycle
   800                           ;	Stack Full/Underflow Reset Enable bit
   801                           ;	STVREN = ON, Stack full/underflow will cause Reset
   802                           ;	Low Voltage Programming Enable bit
   803                           ;	LVP = ON, Low voltage programming enabled. MCLR/VPP pin function is MCLR. MCLRE config
      +                          uration bit is ignored
   804                           ;	Extended Instruction Set Enable bit
   805                           ;	XINST = OFF, Extended Instruction Set and Indexed Addressing Mode disabled
   806  300003                     	org	3145731
   807  300003  FC                 	db	252
   808                           
   809                           ;Config register CONFIG5 @ 0x300004
   810                           ;	WDT Period selection bits
   811                           ;	WDTCPS = WDTCPS_31, Divider ratio 1:65536; software control of WDTPS
   812                           ;	WDT operating mode
   813                           ;	WDTE = OFF, WDT Disabled; SWDTEN is ignored
   814  300004                     	org	3145732
   815  300004  9F                 	db	159
   816                           
   817                           ;Config register CONFIG6 @ 0x300005
   818                           ;	WDT Window Select bits
   819                           ;	WDTCWS = WDTCWS_7, window always open (100%); software control; keyed access not requi
      +                          red
   820                           ;	WDT input clock selector
   821                           ;	WDTCCS = SC, Software Control
   822  300005                     	org	3145733
   823  300005  FF                 	db	255
   824                           
   825                           ;Config register CONFIG7 @ 0x300006
   826                           ;	Boot Block Size selection bits
   827                           ;	BBSIZE = BBSIZE_512, Boot Block size is 512 words
   828                           ;	Boot Block enable bit
   829                           ;	BBEN = OFF, Boot block disabled
   830                           ;	Storage Area Flash enable bit
   831                           ;	SAFEN = OFF, SAF disabled
   832                           ;	Background Debugger
   833                           ;	DEBUG = OFF, Background Debugger disabled
   834  300006                     	org	3145734
   835  300006  FF                 	db	255
   836                           
   837                           ;Config register CONFIG8 @ 0x300007
   838                           ;	Boot Block Write Protection bit
   839                           ;	WRTB = OFF, Boot Block not Write protected
   840                           ;	Configuration Register Write Protection bit
   841                           ;	WRTC = OFF, Configuration registers not Write protected
   842                           ;	Data EEPROM Write Protection bit
   843                           ;	WRTD = OFF, Data EEPROM not Write protected
   844                           ;	SAF Write protection bit
   845                           ;	WRTSAF = OFF, SAF not Write Protected
   846                           ;	Application Block write protection bit
   847                           ;	WRTAPP = OFF, Application Block not write protected
   848  300007                     	org	3145735
   849  300007  FF                 	db	255
   850                           
   851                           ; Padding undefined space
   852  300008                     	org	3145736
   853  300008  FF                 	db	255
   854                           
   855                           ;Config register CONFIG10 @ 0x300009
   856                           ;	PFM and Data EEPROM Code Protection bit
   857                           ;	CP = OFF, PFM and Data EEPROM code protection disabled
   858  300009                     	org	3145737
   859  300009  FF                 	db	255
   860                           tosu	equ	0x4FF
   861                           tosh	equ	0x4FE
   862                           tosl	equ	0x4FD
   863                           stkptr	equ	0x4FC
   864                           pclatu	equ	0x4FB
   865                           pclath	equ	0x4FA
   866                           pcl	equ	0x4F9
   867                           tblptru	equ	0x4F8
   868                           tblptrh	equ	0x4F7
   869                           tblptrl	equ	0x4F6
   870                           tablat	equ	0x4F5
   871                           prodh	equ	0x4F4
   872                           prodl	equ	0x4F3
   873                           indf0	equ	0x4EF
   874                           postinc0	equ	0x4EE
   875                           postdec0	equ	0x4ED
   876                           preinc0	equ	0x4EC
   877                           plusw0	equ	0x4EB
   878                           fsr0h	equ	0x4EA
   879                           fsr0l	equ	0x4E9
   880                           wreg	equ	0x4E8
   881                           indf1	equ	0x4E7
   882                           postinc1	equ	0x4E6
   883                           postdec1	equ	0x4E5
   884                           preinc1	equ	0x4E4
   885                           plusw1	equ	0x4E3
   886                           fsr1h	equ	0x4E2
   887                           fsr1l	equ	0x4E1
   888                           bsr	equ	0x4E0
   889                           indf2	equ	0x4DF
   890                           postinc2	equ	0x4DE
   891                           postdec2	equ	0x4DD
   892                           preinc2	equ	0x4DC
   893                           plusw2	equ	0x4DB
   894                           fsr2h	equ	0x4DA
   895                           fsr2l	equ	0x4D9
   896                           status	equ	0x4D8

Data Sizes:
    Strings     0
    Constant    0
    Data        6
    BSS         16
    Persistent  0
    Stack       0

Auto Spaces:
    Space          Size  Autos    Used
    COMRAM           95      6      28
    BANK5           160      0       0
    BANK6           256      0       0
    BANK7           256      0       0
    BANK8           256      0       0
    BANK9           256      0       0
    BANK10          256      0       0
    BANK11          256      0       0
    BANK12          256      0       0
    BANK13          256      0       0
    BANK14          256      0       0
    BANK15          256      0       0
    BANK16          256      0       0
    BANK17          256      0       0
    BANK18          256      0       0
    BANK19          256      0       0
    BANK20          256      0       0
    BANK21          256      0       0
    BANK22          256      0       0
    BANK23          256      0       0
    BANK24          256      0       0
    BANK25          256      0       0
    BANK26          256      0       0
    BANK27          256      0       0
    BANK28          256      0       0
    BANK29          256      0       0
    BANK30          256      0       0
    BANK31          256      0       0
    BANK32          256      0       0
    BANK33          256      0       0
    BANK34          256      0       0
    BANK35          256      0       0
    BANK36          256      0       0
    BANK37          256      0       0

Pointer List with Targets:

    None.

Critical Paths under _main in COMRAM

    _main->_UserAppRun

Critical Paths under _main in BANK5

    None.

Critical Paths under _main in BANK6

    None.

Critical Paths under _main in BANK7

    None.

Critical Paths under _main in BANK8

    None.

Critical Paths under _main in BANK9

    None.

Critical Paths under _main in BANK10

    None.

Critical Paths under _main in BANK11

    None.

Critical Paths under _main in BANK12

    None.

Critical Paths under _main in BANK13

    None.

Critical Paths under _main in BANK14

    None.

Critical Paths under _main in BANK15

    None.

Critical Paths under _main in BANK16

    None.

Critical Paths under _main in BANK17

    None.

Critical Paths under _main in BANK18

    None.

Critical Paths under _main in BANK19

    None.

Critical Paths under _main in BANK20

    None.

Critical Paths under _main in BANK21

    None.

Critical Paths under _main in BANK22

    None.

Critical Paths under _main in BANK23

    None.

Critical Paths under _main in BANK24

    None.

Critical Paths under _main in BANK25

    None.

Critical Paths under _main in BANK26

    None.

Critical Paths under _main in BANK27

    None.

Critical Paths under _main in BANK28

    None.

Critical Paths under _main in BANK29

    None.

Critical Paths under _main in BANK30

    None.

Critical Paths under _main in BANK31

    None.

Critical Paths under _main in BANK32

    None.

Critical Paths under _main in BANK33

    None.

Critical Paths under _main in BANK34

    None.

Critical Paths under _main in BANK35

    None.

Critical Paths under _main in BANK36

    None.

Critical Paths under _main in BANK37

    None.

Call Graph Tables:

 ---------------------------------------------------------------------------------
 (Depth) Function   	        Calls       Base Space   Used Autos Params    Refs
 ---------------------------------------------------------------------------------
 (0) _main                                                 0     0      0     158
                         _ClockSetup
                          _GpioSetup
                       _SysTickSetup
                        _SystemSleep
                            _TimeXus
                  _UserAppInitialize
                         _UserAppRun
 ---------------------------------------------------------------------------------
 (1) _UserAppRun                                           6     6      0      15
                                              0 COMRAM     6     6      0
 ---------------------------------------------------------------------------------
 (1) _UserAppInitialize                                    0     0      0       0
 ---------------------------------------------------------------------------------
 (1) _TimeXus                                              4     2      2     143
                                              0 COMRAM     4     2      2
 ---------------------------------------------------------------------------------
 (1) _SystemSleep                                          0     0      0       0
 ---------------------------------------------------------------------------------
 (1) _SysTickSetup                                         0     0      0       0
 ---------------------------------------------------------------------------------
 (1) _GpioSetup                                            0     0      0       0
 ---------------------------------------------------------------------------------
 (1) _ClockSetup                                           0     0      0       0
 ---------------------------------------------------------------------------------
 Estimated maximum stack depth 1
 ---------------------------------------------------------------------------------

 Call Graph Graphs:

 _main (ROOT)
   _ClockSetup
   _GpioSetup
   _SysTickSetup
   _SystemSleep
   _TimeXus
   _UserAppInitialize
   _UserAppRun

 Address spaces:
Name               Size   Autos  Total    Cost      Usage
BIGRAM            20FF      0       0      71        0.0%
EEDATA             400      0       0       0        0.0%
BITBANK37          100      0       0      70        0.0%
BANK37             100      0       0      68        0.0%
BITBANK36          100      0       0      66        0.0%
BANK36             100      0       0      67        0.0%
BITBANK35          100      0       0      64        0.0%
BANK35             100      0       0      65        0.0%
BITBANK34          100      0       0      62        0.0%
BANK34             100      0       0      63        0.0%
BITBANK33          100      0       0      60        0.0%
BANK33             100      0       0      61        0.0%
BITBANK32          100      0       0      58        0.0%
BANK32             100      0       0      59        0.0%
BITBANK31          100      0       0      56        0.0%
BANK31             100      0       0      57        0.0%
BITBANK30          100      0       0      54        0.0%
BANK30             100      0       0      55        0.0%
BITBANK29          100      0       0      52        0.0%
BANK29             100      0       0      53        0.0%
BITBANK28          100      0       0      50        0.0%
BANK28             100      0       0      51        0.0%
BITBANK27          100      0       0      48        0.0%
BANK27             100      0       0      49        0.0%
BITBANK26          100      0       0      46        0.0%
BANK26             100      0       0      47        0.0%
BITBANK25          100      0       0      44        0.0%
BANK25             100      0       0      45        0.0%
BITBANK24          100      0       0      42        0.0%
BANK24             100      0       0      43        0.0%
BITBANK23          100      0       0      40        0.0%
BANK23             100      0       0      41        0.0%
BITBANK22          100      0       0      38        0.0%
BANK22             100      0       0      39        0.0%
BITBANK21          100      0       0      36        0.0%
BANK21             100      0       0      37        0.0%
BITBANK20          100      0       0      34        0.0%
BANK20             100      0       0      35        0.0%
BITBANK19          100      0       0      32        0.0%
BANK19             100      0       0      33        0.0%
BITBANK18          100      0       0      30        0.0%
BANK18             100      0       0      31        0.0%
BITBANK17          100      0       0      28        0.0%
BANK17             100      0       0      29        0.0%
BITBANK16          100      0       0      26        0.0%
BANK16             100      0       0      27        0.0%
BITBANK15          100      0       0      24        0.0%
BANK15             100      0       0      25        0.0%
BITBANK14          100      0       0      22        0.0%
BANK14             100      0       0      23        0.0%
BITBANK13          100      0       0      20        0.0%
BANK13             100      0       0      21        0.0%
BITBANK12          100      0       0      18        0.0%
BANK12             100      0       0      19        0.0%
BITBANK11          100      0       0      16        0.0%
BANK11             100      0       0      17        0.0%
BITBANK10          100      0       0      14        0.0%
BANK10             100      0       0      15        0.0%
BITBANK9           100      0       0      12        0.0%
BANK9              100      0       0      13        0.0%
BITBANK8           100      0       0      10        0.0%
BANK8              100      0       0      11        0.0%
BITBANK7           100      0       0       8        0.0%
BANK7              100      0       0       9        0.0%
BITBANK6           100      0       0       6        0.0%
BANK6              100      0       0       7        0.0%
BITBANK5            A0      0       0       4        0.0%
BANK5               A0      0       0       5        0.0%
BITCOMRAM           5F      0       0       0        0.0%
COMRAM              5F      6      1C       1       29.5%
BITSFR_5             0      0       0     200        0.0%
SFR_5                0      0       0     200        0.0%
BITSFR_4             0      0       0     200        0.0%
SFR_4                0      0       0     200        0.0%
BITSFR_3             0      0       0     200        0.0%
SFR_3                0      0       0     200        0.0%
BITSFR_2             0      0       0     200        0.0%
SFR_2                0      0       0     200        0.0%
BITSFR_1             0      0       0     200        0.0%
SFR_1                0      0       0     200        0.0%
BITSFR               0      0       0     200        0.0%
SFR                  0      0       0     200        0.0%
STACK                0      0       0       2        0.0%
NULL                 0      0       0       0        0.0%
ABS                  0      0      1C      69        0.0%
DATA                 0      0      1C       3        0.0%
CODE                 0      0       0       0        0.0%


Microchip Technology PIC18 Macro Assembler V2.31 build 20201012212115 
Symbol Table                                                                                   Thu Mar 04 00:45:13 2021

       __size_of_SysTickSetup 0022                            l23 FEB6                            l32 FF04  
                          l26 FF2A                            l35 FEB8                            l29 FEE2  
                          l81 FECE                            l65 FF86                            l92 FFFA  
                          u11 FFA8                            u20 FFC6                            u21 FFC2  
                          u30 FFF2                            u31 FFEE                            u50 FF94  
                          u51 FF90                           l820 FF16                           l822 FF1A  
                         l830 FF60                           l824 FF20                           l840 FF74  
                         l832 FF64                           l826 FEE4                           l818 FF06  
                         l842 FF76                           l834 FF68                           l780 FEC0  
                         l844 FF7A                           l836 FF6C                           l828 FF5E  
                         l790 FFDE                           l782 FF9E                           l846 FF94  
                         l838 FF70                           l776 FED0                           l792 FFE0  
                         l784 FFB0                           l794 FFF2                           l786 FFC6  
                         l788 FFCE                           l796 FFF6                           wreg 0004E8  
                        _LATA 0004BE                          _PIR3 0004B1                          _main FF5E  
                _SysTickSetup FEE4                          indf2 0004DF                          fsr1l 0004E1  
                        fsr2l 0004D9                          start FFFC          __size_of_SystemSleep 0002  
                ___param_bank 000000                    _ClockSetup FEB6               __end_of_TimeXus FF2C  
                       ?_main 0517                         _TMR0H 000319                         _TMR0L 000318  
                       _PORTA 0004CE                         _TRISA 0004C6                         tablat 0004F5  
                       plusw1 0004E3                         plusw2 0004DB                         status 0004D8  
             __initialization FF2C                  __end_of_main FF9E                        ??_main 051D  
               __activetblptr 000000                        _ANSELA 000400                        _T0CON0 00031A  
                      _T0CON1 00031B            __size_of_GpioSetup 0014                     ??_TimeXus 0519  
                 ?_ClockSetup 0517                        clear_0 FF52                  __pdataCOMRAM 0511  
                      tblptrh 0004F7                        tblptrl 0004F6                        tblptru 0004F8  
                  _UserAppRun FF9E                    __accesstop 0560       __end_of__initialization FF58  
               ___rparam_used 000001              _G_u8UserAppFlags 0510                __pcstackCOMRAM 0517  
           __end_of_GpioSetup FEE4           __size_of_ClockSetup 0002                   ?_UserAppRun 0517  
               ??_SystemSleep 0517                       __Hparam 0000                       __Lparam 0000  
                     _TimeXus FF06                       __pcinit FF2C                       __ramtop 2600  
                     __ptext0 FF5E                       __ptext1 FF9E                       __ptext2 FEC0  
                     __ptext3 FF06                       __ptext4 FEB8                       __ptext5 FEE4  
                     __ptext6 FED0                       __ptext7 FEB6          end_of_initialization FF58  
TimeXus@u16Microseconds_delay 0517              _G_u32SystemFlags 0501                       postdec1 0004E5  
                     postinc0 0004EE           __end_of_SystemSleep FEBA                  ??_ClockSetup 0517  
         __size_of_UserAppRun 005E          UserAppRun@u16Counter 050D            __end_of_ClockSetup FEB8  
               __pidataCOMRAM FEBA                     _GpioSetup FED0           start_initialization FF2C  
               ?_SysTickSetup 0517                   _SystemSleep FEB8                    ?_GpioSetup 0517  
                 __pbssCOMRAM 0501             _UserAppInitialize FEC0                  ??_UserAppRun 0517  
        UserAppRun@au8Pattern 0517            ?_UserAppInitialize 0517                ??_SysTickSetup 0517  
         ??_UserAppInitialize 0517                      ?_TimeXus 0517            __end_of_UserAppRun FFFC  
   __end_of_UserAppInitialize FED0             UserAppRun@u8Index 050F                   ??_GpioSetup 0517  
                   copy_data0 FF40                      __Hrparam 0000                      __Lrparam 0000  
            __size_of_TimeXus 0026              UserAppRun@F15925 0511          __end_of_SysTickSetup FF06  
  __size_of_UserAppInitialize 0010                 __size_of_main 0040                  ?_SystemSleep 0517  
        TimeXus@u16TimerValue 0519            _G_u32SystemTime1ms 0509             _G_u32SystemTime1s 0505  
