

Microchip MPLAB XC8 Assembler V2.31 build 20201012212115 
                                                                                               Tue Mar 02 16:16:07 2021

Microchip MPLAB XC8 C Compiler v2.31 (Free license) build 20201012212115 Og1 
     1                           	processor	18F27Q43
     2                           	fnconf	rparam,??,?,0
     3                           	pagewidth 120
     4                           	opt	flic
     5                           	psect	cinit,global,reloc=2,class=CODE,delta=1
     6                           	psect	bssCOMRAM,global,class=COMRAM,space=1,delta=1,lowdata,noexec
     7                           	psect	cstackCOMRAM,global,class=COMRAM,space=1,delta=1,lowdata,noexec
     8                           	psect	text0,global,reloc=2,class=CODE,delta=1
     9                           	psect	text1,global,reloc=2,class=CODE,delta=1
    10                           	psect	text2,global,reloc=2,class=CODE,delta=1
    11                           	psect	text3,global,reloc=2,class=CODE,delta=1
    12                           	psect	text4,global,reloc=2,class=CODE,delta=1
    13                           	psect	text5,global,reloc=2,class=CODE,delta=1
    14                           	psect	text6,global,reloc=2,class=CODE,delta=1
    15                           	psect	intsave_regs,global,class=BIGRAM,space=1,delta=1,noexec
    16                           	psect	rparam,global,class=COMRAM,space=1,delta=1,noexec
    17                           	psect	idloc,global,abs,ovrld,class=IDLOC,space=5,delta=1,noexec
    18                           	psect	config,global,abs,ovrld,class=CONFIG,space=4,delta=1,noexec
    19  0000                     
    20                           ; Version 2.30
    21                           ; Generated 20/08/2020 GMT
    22                           ; 
    23                           ; Copyright © 2020, Microchip Technology Inc. and its subsidiaries ("Microchip")
    24                           ; All rights reserved.
    25                           ; 
    26                           ; This software is developed by Microchip Technology Inc. and its subsidiaries ("Microch
      +                          ip").
    27                           ; 
    28                           ; Redistribution and use in source and binary forms, with or without modification, are
    29                           ; permitted provided that the following conditions are met:
    30                           ; 
    31                           ;     1. Redistributions of source code must retain the above copyright notice, this lis
      +                          t of
    32                           ;        conditions and the following disclaimer.
    33                           ; 
    34                           ;     2. Redistributions in binary form must reproduce the above copyright notice, this 
      +                          list
    35                           ;        of conditions and the following disclaimer in the documentation and/or other
    36                           ;        materials provided with the distribution. Publication is not required when
    37                           ;        this file is used in an embedded application.
    38                           ; 
    39                           ;     3. Microchip's name may not be used to endorse or promote products derived from th
      +                          is
    40                           ;        software without specific prior written permission.
    41                           ; 
    42                           ; THIS SOFTWARE IS PROVIDED BY MICROCHIP "AS IS" AND ANY EXPRESS OR IMPLIED WARRANTIES,
    43                           ; INCLUDING, BUT NOT LIMITED TO, THE IMPLIED WARRANTIES OF MERCHANTABILITY AND FITNESS F
      +                          OR
    44                           ; PURPOSE ARE DISCLAIMED.  IN NO EVENT SHALL MICROCHIP BE LIABLE FOR ANY DIRECT, INDIREC
      +                          T,
    45                           ; INCIDENTAL, SPECIAL, EXEMPLARY, OR CONSEQUENTIAL DAMAGES (INCLUDING BUT NOT LIMITED TO
    46                           ; PROCUREMENT OF SUBSTITUTE GOODS OR SERVICES; LOSS OF USE, DATA OR PROFITS; OR BUSINESS
    47                           ; INTERRUPTION) HOWSOEVER CAUSED AND ON ANY THEORY OF LIABILITY, WHETHER IN CONTRACT, ST
      +                          RICT
    48                           ; LIABILITY, OR TORT (INCLUDING NEGLIGENCE OR OTHERWISE) ARISING IN ANY WAY OUT OF THE U
      +                          SE OF
    49                           ; THIS SOFTWARE, EVEN IF ADVISED OF THE POSSIBILITY OF SUCH DAMAGE.
    50                           ; 
    51                           ; 
    52                           ; Code-generator required, PIC18F27Q43 Definitions
    53                           ; 
    54                           ; SFR Addresses
    55  0000                     _ANSELA	set	1024
    56  0000                     _TRISA	set	1222
    57  0000                     _LATA	set	1214
    58  0000                     _PORTA	set	1230
    59                           
    60                           ; #config settings
    61                           
    62                           	psect	cinit
    63  01FF58                     __pcinit:
    64                           	callstack 0
    65  01FF58                     start_initialization:
    66                           	callstack 0
    67  01FF58                     __initialization:
    68                           	callstack 0
    69                           
    70                           ; Clear objects allocated to COMRAM (13 bytes)
    71  01FF58  EE01  F101         	lfsr	0,__pbssCOMRAM
    72  01FF5C  0E0D               	movlw	13
    73  01FF5E                     clear_0:
    74  01FF5E  6AEE               	clrf	postinc0,c
    75  01FF60  06E8               	decf	wreg,f,c
    76  01FF62  E1FD               	bnz	clear_0
    77  01FF64                     end_of_initialization:
    78                           	callstack 0
    79  01FF64                     __end_of__initialization:
    80                           	callstack 0
    81  01FF64  0100               	movlb	0
    82  01FF66  EFD0  F0FF         	goto	_main	;jump to C main() function
    83                           
    84                           	psect	bssCOMRAM
    85  000501                     __pbssCOMRAM:
    86                           	callstack 0
    87  000501                     _G_u32SystemFlags:
    88                           	callstack 0
    89  000501                     	ds	4
    90  000505                     _G_u32SystemTime1s:
    91                           	callstack 0
    92  000505                     	ds	4
    93  000509                     _G_u32SystemTime1ms:
    94                           	callstack 0
    95  000509                     	ds	4
    96  00050D                     _G_u8UserAppFlags:
    97                           	callstack 0
    98  00050D                     	ds	1
    99                           
   100                           	psect	cstackCOMRAM
   101  00050E                     __pcstackCOMRAM:
   102                           	callstack 0
   103  00050E                     UserAppRun@u32Counter:
   104                           	callstack 0
   105                           
   106                           ; 4 bytes @ 0x0
   107  00050E                     	ds	4
   108  000512                     
   109                           ; 1 bytes @ 0x4
   110 ;;
   111 ;;Main: autosize = 0, tempsize = 0, incstack = 0, save=0
   112 ;;
   113 ;; *************** function _main *****************
   114 ;; Defined at:
   115 ;;		line 35 in file "../../../Users/Patricia Sharleen/Desktop/ENCM 369/PIC Activity 5/main.c"
   116 ;; Parameters:    Size  Location     Type
   117 ;;		None
   118 ;; Auto vars:     Size  Location     Type
   119 ;;		None
   120 ;; Return value:  Size  Location     Type
   121 ;;                  1    wreg      void 
   122 ;; Registers used:
   123 ;;		wreg, status,2, status,0, cstack
   124 ;; Tracked objects:
   125 ;;		On entry : 0/0
   126 ;;		On exit  : 0/0
   127 ;;		Unchanged: 0/0
   128 ;; Data sizes:     COMRAM   BANK5   BANK6   BANK7   BANK8   BANK9  BANK10  BANK11  BANK12  BANK13  BANK14  BANK15  BANK1
      +6  BANK17  BANK18  BANK19  BANK20  BANK21  BANK22  BANK23  BANK24  BANK25  BANK26  BANK27  BANK28  BANK29  BANK30  BANK3
      +1  BANK32  BANK33  BANK34  BANK35  BANK36  BANK37
   129 ;;      Params:         0       0       0       0       0       0       0       0       0       0       0       0       
      +0       0       0       0       0       0       0       0       0       0       0       0       0       0       0       
      +0       0       0       0       0       0       0
   130 ;;      Locals:         0       0       0       0       0       0       0       0       0       0       0       0       
      +0       0       0       0       0       0       0       0       0       0       0       0       0       0       0       
      +0       0       0       0       0       0       0
   131 ;;      Temps:          0       0       0       0       0       0       0       0       0       0       0       0       
      +0       0       0       0       0       0       0       0       0       0       0       0       0       0       0       
      +0       0       0       0       0       0       0
   132 ;;      Totals:         0       0       0       0       0       0       0       0       0       0       0       0       
      +0       0       0       0       0       0       0       0       0       0       0       0       0       0       0       
      +0       0       0       0       0       0       0
   133 ;;Total ram usage:        0 bytes
   134 ;; Hardware stack levels required when called:    1
   135 ;; This function calls:
   136 ;;		_ClockSetup
   137 ;;		_GpioSetup
   138 ;;		_SysTickSetup
   139 ;;		_SystemSleep
   140 ;;		_UserAppInitialize
   141 ;;		_UserAppRun
   142 ;; This function is called by:
   143 ;;		Startup code after reset
   144 ;; This function uses a non-reentrant model
   145 ;;
   146                           
   147                           	psect	text0
   148  01FFA0                     __ptext0:
   149                           	callstack 0
   150  01FFA0                     _main:
   151                           	callstack 127
   152  01FFA0                     
   153                           ;../../../Users/Patricia Sharleen/Desktop/ENCM 369/PIC Activity 5/main.c: 37:   G_u32Sys
      +                          temFlags |= (u32)0x80000000;
   154  01FFA0  8E04               	bsf	(_G_u32SystemFlags+3)^(0+1280),7,c	;volatile
   155  01FFA2                     
   156                           ;../../../Users/Patricia Sharleen/Desktop/ENCM 369/PIC Activity 5/main.c: 40:   ClockSet
      +                          up();
   157  01FFA2  ECA7  F0FF         	call	_ClockSetup	;wreg free
   158  01FFA6                     
   159                           ;../../../Users/Patricia Sharleen/Desktop/ENCM 369/PIC Activity 5/main.c: 41:   SysTickS
      +                          etup();
   160  01FFA6  ECBF  F0FF         	call	_SysTickSetup	;wreg free
   161  01FFAA                     
   162                           ;../../../Users/Patricia Sharleen/Desktop/ENCM 369/PIC Activity 5/main.c: 42:   GpioSetu
      +                          p();
   163  01FFAA  ECB5  F0FF         	call	_GpioSetup	;wreg free
   164  01FFAE                     
   165                           ;../../../Users/Patricia Sharleen/Desktop/ENCM 369/PIC Activity 5/main.c: 47:   UserAppI
      +                          nitialize();
   166  01FFAE  ECA9  F0FF         	call	_UserAppInitialize	;wreg free
   167  01FFB2                     l777:
   168                           
   169                           ;../../../Users/Patricia Sharleen/Desktop/ENCM 369/PIC Activity 5/main.c: 53:   {;../../
      +                          ../Users/Patricia Sharleen/Desktop/ENCM 369/PIC Activity 5/main.c: 57:     UserAppRun();
   170  01FFB2  ECE1  F0FF         	call	_UserAppRun	;wreg free
   171  01FFB6                     
   172                           ;../../../Users/Patricia Sharleen/Desktop/ENCM 369/PIC Activity 5/main.c: 62:     System
      +                          Sleep();
   173  01FFB6  ECA8  F0FF         	call	_SystemSleep	;wreg free
   174  01FFBA  EFD9  F0FF         	goto	l777
   175  01FFBE  EFFE  F0FF         	goto	start
   176  01FFC2                     __end_of_main:
   177                           	callstack 0
   178                           
   179 ;; *************** function _UserAppRun *****************
   180 ;; Defined at:
   181 ;;		line 100 in file "../../../Users/Patricia Sharleen/Desktop/ENCM 369/PIC Activity 5/user_app.c"
   182 ;; Parameters:    Size  Location     Type
   183 ;;		None
   184 ;; Auto vars:     Size  Location     Type
   185 ;;  u32Counter      4    0[COMRAM] unsigned long 
   186 ;; Return value:  Size  Location     Type
   187 ;;                  1    wreg      void 
   188 ;; Registers used:
   189 ;;		wreg, status,2, status,0
   190 ;; Tracked objects:
   191 ;;		On entry : 0/0
   192 ;;		On exit  : 0/0
   193 ;;		Unchanged: 0/0
   194 ;; Data sizes:     COMRAM   BANK5   BANK6   BANK7   BANK8   BANK9  BANK10  BANK11  BANK12  BANK13  BANK14  BANK15  BANK1
      +6  BANK17  BANK18  BANK19  BANK20  BANK21  BANK22  BANK23  BANK24  BANK25  BANK26  BANK27  BANK28  BANK29  BANK30  BANK3
      +1  BANK32  BANK33  BANK34  BANK35  BANK36  BANK37
   195 ;;      Params:         0       0       0       0       0       0       0       0       0       0       0       0       
      +0       0       0       0       0       0       0       0       0       0       0       0       0       0       0       
      +0       0       0       0       0       0       0
   196 ;;      Locals:         4       0       0       0       0       0       0       0       0       0       0       0       
      +0       0       0       0       0       0       0       0       0       0       0       0       0       0       0       
      +0       0       0       0       0       0       0
   197 ;;      Temps:          0       0       0       0       0       0       0       0       0       0       0       0       
      +0       0       0       0       0       0       0       0       0       0       0       0       0       0       0       
      +0       0       0       0       0       0       0
   198 ;;      Totals:         4       0       0       0       0       0       0       0       0       0       0       0       
      +0       0       0       0       0       0       0       0       0       0       0       0       0       0       0       
      +0       0       0       0       0       0       0
   199 ;;Total ram usage:        4 bytes
   200 ;; Hardware stack levels used:    1
   201 ;; This function calls:
   202 ;;		Nothing
   203 ;; This function is called by:
   204 ;;		_main
   205 ;; This function uses a non-reentrant model
   206 ;;
   207                           
   208                           	psect	text1
   209  01FFC2                     __ptext1:
   210                           	callstack 0
   211  01FFC2                     _UserAppRun:
   212                           	callstack 127
   213  01FFC2                     
   214                           ;../../../Users/Patricia Sharleen/Desktop/ENCM 369/PIC Activity 5/user_app.c: 102:     L
      +                          ATA = LATA+0x01;
   215  01FFC2  28BE               	incf	190,w,c	;volatile
   216  01FFC4  6EBE               	movwf	190,c	;volatile
   217  01FFC6                     
   218                           ;../../../Users/Patricia Sharleen/Desktop/ENCM 369/PIC Activity 5/user_app.c: 104:     u
      +                          32 u32Counter= 0x45dfb;
   219  01FFC6  0EFB               	movlw	251
   220  01FFC8  6E0E               	movwf	UserAppRun@u32Counter^(0+1280),c
   221  01FFCA  0E5D               	movlw	93
   222  01FFCC  6E0F               	movwf	(UserAppRun@u32Counter+1)^(0+1280),c
   223  01FFCE  0E04               	movlw	4
   224  01FFD0  6E10               	movwf	(UserAppRun@u32Counter+2)^(0+1280),c
   225  01FFD2  0E00               	movlw	0
   226  01FFD4  6E11               	movwf	(UserAppRun@u32Counter+3)^(0+1280),c
   227                           
   228                           ;../../../Users/Patricia Sharleen/Desktop/ENCM 369/PIC Activity 5/user_app.c: 106:     w
      +                          hile (u32Counter>0){
   229  01FFD6  EFF2  F0FF         	goto	l60
   230  01FFDA                     l749:
   231                           
   232                           ;../../../Users/Patricia Sharleen/Desktop/ENCM 369/PIC Activity 5/user_app.c: 107:      
      +                             u32Counter--;
   233  01FFDA  060E               	decf	UserAppRun@u32Counter^(0+1280),f,c
   234  01FFDC  0E00               	movlw	0
   235  01FFDE  5A0F               	subwfb	(UserAppRun@u32Counter+1)^(0+1280),f,c
   236  01FFE0  5A10               	subwfb	(UserAppRun@u32Counter+2)^(0+1280),f,c
   237  01FFE2  5A11               	subwfb	(UserAppRun@u32Counter+3)^(0+1280),f,c
   238  01FFE4                     l60:
   239                           
   240                           ;../../../Users/Patricia Sharleen/Desktop/ENCM 369/PIC Activity 5/user_app.c: 106:     w
      +                          hile (u32Counter>0){
   241  01FFE4  500E               	movf	UserAppRun@u32Counter^(0+1280),w,c
   242  01FFE6  100F               	iorwf	(UserAppRun@u32Counter+1)^(0+1280),w,c
   243  01FFE8  1010               	iorwf	(UserAppRun@u32Counter+2)^(0+1280),w,c
   244  01FFEA  1011               	iorwf	(UserAppRun@u32Counter+3)^(0+1280),w,c
   245  01FFEC  A4D8               	btfss	status,2,c
   246  01FFEE  EFFB  F0FF         	goto	u11
   247  01FFF2  EFFD  F0FF         	goto	u10
   248  01FFF6                     u11:
   249  01FFF6  EFED  F0FF         	goto	l749
   250  01FFFA                     u10:
   251  01FFFA  0012               	return		;funcret
   252  01FFFC                     __end_of_UserAppRun:
   253                           	callstack 0
   254                           
   255 ;; *************** function _UserAppInitialize *****************
   256 ;; Defined at:
   257 ;;		line 76 in file "../../../Users/Patricia Sharleen/Desktop/ENCM 369/PIC Activity 5/user_app.c"
   258 ;; Parameters:    Size  Location     Type
   259 ;;		None
   260 ;; Auto vars:     Size  Location     Type
   261 ;;		None
   262 ;; Return value:  Size  Location     Type
   263 ;;                  1    wreg      void 
   264 ;; Registers used:
   265 ;;		wreg, status,2
   266 ;; Tracked objects:
   267 ;;		On entry : 0/0
   268 ;;		On exit  : 0/0
   269 ;;		Unchanged: 0/0
   270 ;; Data sizes:     COMRAM   BANK5   BANK6   BANK7   BANK8   BANK9  BANK10  BANK11  BANK12  BANK13  BANK14  BANK15  BANK1
      +6  BANK17  BANK18  BANK19  BANK20  BANK21  BANK22  BANK23  BANK24  BANK25  BANK26  BANK27  BANK28  BANK29  BANK30  BANK3
      +1  BANK32  BANK33  BANK34  BANK35  BANK36  BANK37
   271 ;;      Params:         0       0       0       0       0       0       0       0       0       0       0       0       
      +0       0       0       0       0       0       0       0       0       0       0       0       0       0       0       
      +0       0       0       0       0       0       0
   272 ;;      Locals:         0       0       0       0       0       0       0       0       0       0       0       0       
      +0       0       0       0       0       0       0       0       0       0       0       0       0       0       0       
      +0       0       0       0       0       0       0
   273 ;;      Temps:          0       0       0       0       0       0       0       0       0       0       0       0       
      +0       0       0       0       0       0       0       0       0       0       0       0       0       0       0       
      +0       0       0       0       0       0       0
   274 ;;      Totals:         0       0       0       0       0       0       0       0       0       0       0       0       
      +0       0       0       0       0       0       0       0       0       0       0       0       0       0       0       
      +0       0       0       0       0       0       0
   275 ;;Total ram usage:        0 bytes
   276 ;; Hardware stack levels used:    1
   277 ;; This function calls:
   278 ;;		Nothing
   279 ;; This function is called by:
   280 ;;		_main
   281 ;; This function uses a non-reentrant model
   282 ;;
   283                           
   284                           	psect	text2
   285  01FF52                     __ptext2:
   286                           	callstack 0
   287  01FF52                     _UserAppInitialize:
   288                           	callstack 127
   289  01FF52                     
   290                           ;../../../Users/Patricia Sharleen/Desktop/ENCM 369/PIC Activity 5/user_app.c: 79:     LA
      +                          TA = 0x80;
   291  01FF52  0E80               	movlw	128
   292  01FF54  6EBE               	movwf	190,c	;volatile
   293  01FF56  0012               	return		;funcret
   294  01FF58                     __end_of_UserAppInitialize:
   295                           	callstack 0
   296                           
   297 ;; *************** function _SystemSleep *****************
   298 ;; Defined at:
   299 ;;		line 133 in file "../../../Users/Patricia Sharleen/Desktop/ENCM 369/PIC Activity 5/encm369_pic18.c"
   300 ;; Parameters:    Size  Location     Type
   301 ;;		None
   302 ;; Auto vars:     Size  Location     Type
   303 ;;		None
   304 ;; Return value:  Size  Location     Type
   305 ;;                  1    wreg      void 
   306 ;; Registers used:
   307 ;;		None
   308 ;; Tracked objects:
   309 ;;		On entry : 0/0
   310 ;;		On exit  : 0/0
   311 ;;		Unchanged: 0/0
   312 ;; Data sizes:     COMRAM   BANK5   BANK6   BANK7   BANK8   BANK9  BANK10  BANK11  BANK12  BANK13  BANK14  BANK15  BANK1
      +6  BANK17  BANK18  BANK19  BANK20  BANK21  BANK22  BANK23  BANK24  BANK25  BANK26  BANK27  BANK28  BANK29  BANK30  BANK3
      +1  BANK32  BANK33  BANK34  BANK35  BANK36  BANK37
   313 ;;      Params:         0       0       0       0       0       0       0       0       0       0       0       0       
      +0       0       0       0       0       0       0       0       0       0       0       0       0       0       0       
      +0       0       0       0       0       0       0
   314 ;;      Locals:         0       0       0       0       0       0       0       0       0       0       0       0       
      +0       0       0       0       0       0       0       0       0       0       0       0       0       0       0       
      +0       0       0       0       0       0       0
   315 ;;      Temps:          0       0       0       0       0       0       0       0       0       0       0       0       
      +0       0       0       0       0       0       0       0       0       0       0       0       0       0       0       
      +0       0       0       0       0       0       0
   316 ;;      Totals:         0       0       0       0       0       0       0       0       0       0       0       0       
      +0       0       0       0       0       0       0       0       0       0       0       0       0       0       0       
      +0       0       0       0       0       0       0
   317 ;;Total ram usage:        0 bytes
   318 ;; Hardware stack levels used:    1
   319 ;; This function calls:
   320 ;;		Nothing
   321 ;; This function is called by:
   322 ;;		_main
   323 ;; This function uses a non-reentrant model
   324 ;;
   325                           
   326                           	psect	text3
   327  01FF50                     __ptext3:
   328                           	callstack 0
   329  01FF50                     _SystemSleep:
   330                           	callstack 127
   331  01FF50  0012               	return		;funcret
   332  01FF52                     __end_of_SystemSleep:
   333                           	callstack 0
   334                           
   335 ;; *************** function _SysTickSetup *****************
   336 ;; Defined at:
   337 ;;		line 111 in file "../../../Users/Patricia Sharleen/Desktop/ENCM 369/PIC Activity 5/encm369_pic18.c"
   338 ;; Parameters:    Size  Location     Type
   339 ;;		None
   340 ;; Auto vars:     Size  Location     Type
   341 ;;		None
   342 ;; Return value:  Size  Location     Type
   343 ;;                  1    wreg      void 
   344 ;; Registers used:
   345 ;;		wreg, status,2
   346 ;; Tracked objects:
   347 ;;		On entry : 0/0
   348 ;;		On exit  : 0/0
   349 ;;		Unchanged: 0/0
   350 ;; Data sizes:     COMRAM   BANK5   BANK6   BANK7   BANK8   BANK9  BANK10  BANK11  BANK12  BANK13  BANK14  BANK15  BANK1
      +6  BANK17  BANK18  BANK19  BANK20  BANK21  BANK22  BANK23  BANK24  BANK25  BANK26  BANK27  BANK28  BANK29  BANK30  BANK3
      +1  BANK32  BANK33  BANK34  BANK35  BANK36  BANK37
   351 ;;      Params:         0       0       0       0       0       0       0       0       0       0       0       0       
      +0       0       0       0       0       0       0       0       0       0       0       0       0       0       0       
      +0       0       0       0       0       0       0
   352 ;;      Locals:         0       0       0       0       0       0       0       0       0       0       0       0       
      +0       0       0       0       0       0       0       0       0       0       0       0       0       0       0       
      +0       0       0       0       0       0       0
   353 ;;      Temps:          0       0       0       0       0       0       0       0       0       0       0       0       
      +0       0       0       0       0       0       0       0       0       0       0       0       0       0       0       
      +0       0       0       0       0       0       0
   354 ;;      Totals:         0       0       0       0       0       0       0       0       0       0       0       0       
      +0       0       0       0       0       0       0       0       0       0       0       0       0       0       0       
      +0       0       0       0       0       0       0
   355 ;;Total ram usage:        0 bytes
   356 ;; Hardware stack levels used:    1
   357 ;; This function calls:
   358 ;;		Nothing
   359 ;; This function is called by:
   360 ;;		_main
   361 ;; This function uses a non-reentrant model
   362 ;;
   363                           
   364                           	psect	text4
   365  01FF7E                     __ptext4:
   366                           	callstack 0
   367  01FF7E                     _SysTickSetup:
   368                           	callstack 127
   369  01FF7E                     
   370                           ;../../../Users/Patricia Sharleen/Desktop/ENCM 369/PIC Activity 5/encm369_pic18.c: 113: 
      +                            G_u32SystemTime1ms = 0;
   371  01FF7E  0E00               	movlw	0
   372  01FF80  6E09               	movwf	_G_u32SystemTime1ms^(0+1280),c	;volatile
   373  01FF82  0E00               	movlw	0
   374  01FF84  6E0A               	movwf	(_G_u32SystemTime1ms+1)^(0+1280),c	;volatile
   375  01FF86  0E00               	movlw	0
   376  01FF88  6E0B               	movwf	(_G_u32SystemTime1ms+2)^(0+1280),c	;volatile
   377  01FF8A  0E00               	movlw	0
   378  01FF8C  6E0C               	movwf	(_G_u32SystemTime1ms+3)^(0+1280),c	;volatile
   379                           
   380                           ;../../../Users/Patricia Sharleen/Desktop/ENCM 369/PIC Activity 5/encm369_pic18.c: 114: 
      +                            G_u32SystemTime1s = 0;
   381  01FF8E  0E00               	movlw	0
   382  01FF90  6E05               	movwf	_G_u32SystemTime1s^(0+1280),c	;volatile
   383  01FF92  0E00               	movlw	0
   384  01FF94  6E06               	movwf	(_G_u32SystemTime1s+1)^(0+1280),c	;volatile
   385  01FF96  0E00               	movlw	0
   386  01FF98  6E07               	movwf	(_G_u32SystemTime1s+2)^(0+1280),c	;volatile
   387  01FF9A  0E00               	movlw	0
   388  01FF9C  6E08               	movwf	(_G_u32SystemTime1s+3)^(0+1280),c	;volatile
   389  01FF9E  0012               	return		;funcret
   390  01FFA0                     __end_of_SysTickSetup:
   391                           	callstack 0
   392                           
   393 ;; *************** function _GpioSetup *****************
   394 ;; Defined at:
   395 ;;		line 89 in file "../../../Users/Patricia Sharleen/Desktop/ENCM 369/PIC Activity 5/encm369_pic18.c"
   396 ;; Parameters:    Size  Location     Type
   397 ;;		None
   398 ;; Auto vars:     Size  Location     Type
   399 ;;		None
   400 ;; Return value:  Size  Location     Type
   401 ;;                  1    wreg      void 
   402 ;; Registers used:
   403 ;;		wreg, status,2
   404 ;; Tracked objects:
   405 ;;		On entry : 0/0
   406 ;;		On exit  : 0/0
   407 ;;		Unchanged: 0/0
   408 ;; Data sizes:     COMRAM   BANK5   BANK6   BANK7   BANK8   BANK9  BANK10  BANK11  BANK12  BANK13  BANK14  BANK15  BANK1
      +6  BANK17  BANK18  BANK19  BANK20  BANK21  BANK22  BANK23  BANK24  BANK25  BANK26  BANK27  BANK28  BANK29  BANK30  BANK3
      +1  BANK32  BANK33  BANK34  BANK35  BANK36  BANK37
   409 ;;      Params:         0       0       0       0       0       0       0       0       0       0       0       0       
      +0       0       0       0       0       0       0       0       0       0       0       0       0       0       0       
      +0       0       0       0       0       0       0
   410 ;;      Locals:         0       0       0       0       0       0       0       0       0       0       0       0       
      +0       0       0       0       0       0       0       0       0       0       0       0       0       0       0       
      +0       0       0       0       0       0       0
   411 ;;      Temps:          0       0       0       0       0       0       0       0       0       0       0       0       
      +0       0       0       0       0       0       0       0       0       0       0       0       0       0       0       
      +0       0       0       0       0       0       0
   412 ;;      Totals:         0       0       0       0       0       0       0       0       0       0       0       0       
      +0       0       0       0       0       0       0       0       0       0       0       0       0       0       0       
      +0       0       0       0       0       0       0
   413 ;;Total ram usage:        0 bytes
   414 ;; Hardware stack levels used:    1
   415 ;; This function calls:
   416 ;;		Nothing
   417 ;; This function is called by:
   418 ;;		_main
   419 ;; This function uses a non-reentrant model
   420 ;;
   421                           
   422                           	psect	text5
   423  01FF6A                     __ptext5:
   424                           	callstack 0
   425  01FF6A                     _GpioSetup:
   426                           	callstack 127
   427  01FF6A                     
   428                           ;../../../Users/Patricia Sharleen/Desktop/ENCM 369/PIC Activity 5/encm369_pic18.c: 91: P
      +                          ORTA = 0x00;
   429  01FF6A  0E00               	movlw	0
   430  01FF6C  6ECE               	movwf	206,c	;volatile
   431                           
   432                           ;../../../Users/Patricia Sharleen/Desktop/ENCM 369/PIC Activity 5/encm369_pic18.c: 92: L
      +                          ATA = 0x80;
   433  01FF6E  0E80               	movlw	128
   434  01FF70  6EBE               	movwf	190,c	;volatile
   435                           
   436                           ;../../../Users/Patricia Sharleen/Desktop/ENCM 369/PIC Activity 5/encm369_pic18.c: 93: A
      +                          NSELA = 0x00;
   437  01FF72  0E00               	movlw	0
   438  01FF74  0104               	movlb	4	; () banked
   439  01FF76  6F00               	movwf	0,b	;volatile
   440                           
   441                           ;../../../Users/Patricia Sharleen/Desktop/ENCM 369/PIC Activity 5/encm369_pic18.c: 94: T
      +                          RISA = 0x00;
   442  01FF78  0E00               	movlw	0
   443  01FF7A  6EC6               	movwf	198,c	;volatile
   444  01FF7C                     
   445                           ; BSR set to: 4
   446  01FF7C  0012               	return		;funcret
   447  01FF7E                     __end_of_GpioSetup:
   448                           	callstack 0
   449                           
   450 ;; *************** function _ClockSetup *****************
   451 ;; Defined at:
   452 ;;		line 70 in file "../../../Users/Patricia Sharleen/Desktop/ENCM 369/PIC Activity 5/encm369_pic18.c"
   453 ;; Parameters:    Size  Location     Type
   454 ;;		None
   455 ;; Auto vars:     Size  Location     Type
   456 ;;		None
   457 ;; Return value:  Size  Location     Type
   458 ;;                  1    wreg      void 
   459 ;; Registers used:
   460 ;;		None
   461 ;; Tracked objects:
   462 ;;		On entry : 0/0
   463 ;;		On exit  : 0/0
   464 ;;		Unchanged: 0/0
   465 ;; Data sizes:     COMRAM   BANK5   BANK6   BANK7   BANK8   BANK9  BANK10  BANK11  BANK12  BANK13  BANK14  BANK15  BANK1
      +6  BANK17  BANK18  BANK19  BANK20  BANK21  BANK22  BANK23  BANK24  BANK25  BANK26  BANK27  BANK28  BANK29  BANK30  BANK3
      +1  BANK32  BANK33  BANK34  BANK35  BANK36  BANK37
   466 ;;      Params:         0       0       0       0       0       0       0       0       0       0       0       0       
      +0       0       0       0       0       0       0       0       0       0       0       0       0       0       0       
      +0       0       0       0       0       0       0
   467 ;;      Locals:         0       0       0       0       0       0       0       0       0       0       0       0       
      +0       0       0       0       0       0       0       0       0       0       0       0       0       0       0       
      +0       0       0       0       0       0       0
   468 ;;      Temps:          0       0       0       0       0       0       0       0       0       0       0       0       
      +0       0       0       0       0       0       0       0       0       0       0       0       0       0       0       
      +0       0       0       0       0       0       0
   469 ;;      Totals:         0       0       0       0       0       0       0       0       0       0       0       0       
      +0       0       0       0       0       0       0       0       0       0       0       0       0       0       0       
      +0       0       0       0       0       0       0
   470 ;;Total ram usage:        0 bytes
   471 ;; Hardware stack levels used:    1
   472 ;; This function calls:
   473 ;;		Nothing
   474 ;; This function is called by:
   475 ;;		_main
   476 ;; This function uses a non-reentrant model
   477 ;;
   478                           
   479                           	psect	text6
   480  01FF4E                     __ptext6:
   481                           	callstack 0
   482  01FF4E                     _ClockSetup:
   483                           	callstack 127
   484  01FF4E  0012               	return		;funcret
   485  01FF50                     __end_of_ClockSetup:
   486                           	callstack 0
   487  0000                     
   488                           	psect	rparam
   489  0000                     
   490                           	psect	idloc
   491                           
   492                           ;Config register IDLOC0 @ 0x200000
   493                           ;	unspecified, using default values
   494  200000                     	org	2097152
   495  200000  0FFF               	dw	4095
   496                           
   497                           ;Config register IDLOC1 @ 0x200002
   498                           ;	unspecified, using default values
   499  200002                     	org	2097154
   500  200002  0FFF               	dw	4095
   501                           
   502                           ;Config register IDLOC2 @ 0x200004
   503                           ;	unspecified, using default values
   504  200004                     	org	2097156
   505  200004  0FFF               	dw	4095
   506                           
   507                           ;Config register IDLOC3 @ 0x200006
   508                           ;	unspecified, using default values
   509  200006                     	org	2097158
   510  200006  0FFF               	dw	4095
   511                           
   512                           ;Config register IDLOC4 @ 0x200008
   513                           ;	unspecified, using default values
   514  200008                     	org	2097160
   515  200008  0FFF               	dw	4095
   516                           
   517                           ;Config register IDLOC5 @ 0x20000A
   518                           ;	unspecified, using default values
   519  20000A                     	org	2097162
   520  20000A  0FFF               	dw	4095
   521                           
   522                           ;Config register IDLOC6 @ 0x20000C
   523                           ;	unspecified, using default values
   524  20000C                     	org	2097164
   525  20000C  0FFF               	dw	4095
   526                           
   527                           ;Config register IDLOC7 @ 0x20000E
   528                           ;	unspecified, using default values
   529  20000E                     	org	2097166
   530  20000E  0FFF               	dw	4095
   531                           
   532                           ;Config register IDLOC8 @ 0x200010
   533                           ;	unspecified, using default values
   534  200010                     	org	2097168
   535  200010  0FFF               	dw	4095
   536                           
   537                           ;Config register IDLOC9 @ 0x200012
   538                           ;	unspecified, using default values
   539  200012                     	org	2097170
   540  200012  0FFF               	dw	4095
   541                           
   542                           ;Config register IDLOC10 @ 0x200014
   543                           ;	unspecified, using default values
   544  200014                     	org	2097172
   545  200014  0FFF               	dw	4095
   546                           
   547                           ;Config register IDLOC11 @ 0x200016
   548                           ;	unspecified, using default values
   549  200016                     	org	2097174
   550  200016  0FFF               	dw	4095
   551                           
   552                           ;Config register IDLOC12 @ 0x200018
   553                           ;	unspecified, using default values
   554  200018                     	org	2097176
   555  200018  0FFF               	dw	4095
   556                           
   557                           ;Config register IDLOC13 @ 0x20001A
   558                           ;	unspecified, using default values
   559  20001A                     	org	2097178
   560  20001A  0FFF               	dw	4095
   561                           
   562                           ;Config register IDLOC14 @ 0x20001C
   563                           ;	unspecified, using default values
   564  20001C                     	org	2097180
   565  20001C  0FFF               	dw	4095
   566                           
   567                           ;Config register IDLOC15 @ 0x20001E
   568                           ;	unspecified, using default values
   569  20001E                     	org	2097182
   570  20001E  0FFF               	dw	4095
   571                           
   572                           	psect	config
   573                           
   574                           ;Config register CONFIG1 @ 0x300000
   575                           ;	External Oscillator Selection
   576                           ;	FEXTOSC = OFF, Oscillator not enabled
   577                           ;	Reset Oscillator Selection
   578                           ;	RSTOSC = HFINTOSC_64MHZ, HFINTOSC with HFFRQ = 64 MHz and CDIV = 1:1
   579  300000                     	org	3145728
   580  300000  8C                 	db	140
   581                           
   582                           ;Config register CONFIG2 @ 0x300001
   583                           ;	Clock out Enable bit
   584                           ;	CLKOUTEN = ON, CLKOUT function is enabled
   585                           ;	PRLOCKED One-Way Set Enable bit
   586                           ;	PR1WAY = ON, PRLOCKED bit can be cleared and set only once
   587                           ;	Clock Switch Enable bit
   588                           ;	CSWEN = ON, Writing to NOSC and NDIV is allowed
   589                           ;	Fail-Safe Clock Monitor Enable bit
   590                           ;	FCMEN = ON, Fail-Safe Clock Monitor enabled
   591  300001                     	org	3145729
   592  300001  FE                 	db	254
   593                           
   594                           ;Config register CONFIG3 @ 0x300002
   595                           ;	MCLR Enable bit
   596                           ;	MCLRE = EXTMCLR, If LVP = 0, MCLR pin is MCLR; If LVP = 1, RE3 pin function is MCLR
   597                           ;	Power-up timer selection bits
   598                           ;	PWRTS = PWRT_OFF, PWRT is disabled
   599                           ;	Multi-vector enable bit
   600                           ;	MVECEN = ON, Multi-vector enabled, Vector table used for interrupts
   601                           ;	IVTLOCK bit One-way set enable bit
   602                           ;	IVT1WAY = ON, IVTLOCKED bit can be cleared and set only once
   603                           ;	Low Power BOR Enable bit
   604                           ;	LPBOREN = OFF, Low-Power BOR disabled
   605                           ;	Brown-out Reset Enable bits
   606                           ;	BOREN = SBORDIS, Brown-out Reset enabled , SBOREN bit is ignored
   607  300002                     	org	3145730
   608  300002  FF                 	db	255
   609                           
   610                           ;Config register CONFIG4 @ 0x300003
   611                           ;	Brown-out Reset Voltage Selection bits
   612                           ;	BORV = VBOR_2P85, Brown-out Reset Voltage (VBOR) set to 2.8V
   613                           ;	ZCD Disable bit
   614                           ;	ZCD = OFF, ZCD module is disabled. ZCD can be enabled by setting the ZCDSEN bit of ZCD
      +                          CON
   615                           ;	PPSLOCK bit One-Way Set Enable bit
   616                           ;	PPS1WAY = ON, PPSLOCKED bit can be cleared and set only once; PPS registers remain loc
      +                          ked after one clear/set cycle
   617                           ;	Stack Full/Underflow Reset Enable bit
   618                           ;	STVREN = ON, Stack full/underflow will cause Reset
   619                           ;	Low Voltage Programming Enable bit
   620                           ;	LVP = ON, Low voltage programming enabled. MCLR/VPP pin function is MCLR. MCLRE config
      +                          uration bit is ignored
   621                           ;	Extended Instruction Set Enable bit
   622                           ;	XINST = OFF, Extended Instruction Set and Indexed Addressing Mode disabled
   623  300003                     	org	3145731
   624  300003  FC                 	db	252
   625                           
   626                           ;Config register CONFIG5 @ 0x300004
   627                           ;	WDT Period selection bits
   628                           ;	WDTCPS = WDTCPS_31, Divider ratio 1:65536; software control of WDTPS
   629                           ;	WDT operating mode
   630                           ;	WDTE = OFF, WDT Disabled; SWDTEN is ignored
   631  300004                     	org	3145732
   632  300004  9F                 	db	159
   633                           
   634                           ;Config register CONFIG6 @ 0x300005
   635                           ;	WDT Window Select bits
   636                           ;	WDTCWS = WDTCWS_7, window always open (100%); software control; keyed access not requi
      +                          red
   637                           ;	WDT input clock selector
   638                           ;	WDTCCS = SC, Software Control
   639  300005                     	org	3145733
   640  300005  FF                 	db	255
   641                           
   642                           ;Config register CONFIG7 @ 0x300006
   643                           ;	Boot Block Size selection bits
   644                           ;	BBSIZE = BBSIZE_512, Boot Block size is 512 words
   645                           ;	Boot Block enable bit
   646                           ;	BBEN = OFF, Boot block disabled
   647                           ;	Storage Area Flash enable bit
   648                           ;	SAFEN = OFF, SAF disabled
   649                           ;	Background Debugger
   650                           ;	DEBUG = OFF, Background Debugger disabled
   651  300006                     	org	3145734
   652  300006  FF                 	db	255
   653                           
   654                           ;Config register CONFIG8 @ 0x300007
   655                           ;	Boot Block Write Protection bit
   656                           ;	WRTB = OFF, Boot Block not Write protected
   657                           ;	Configuration Register Write Protection bit
   658                           ;	WRTC = OFF, Configuration registers not Write protected
   659                           ;	Data EEPROM Write Protection bit
   660                           ;	WRTD = OFF, Data EEPROM not Write protected
   661                           ;	SAF Write protection bit
   662                           ;	WRTSAF = OFF, SAF not Write Protected
   663                           ;	Application Block write protection bit
   664                           ;	WRTAPP = OFF, Application Block not write protected
   665  300007                     	org	3145735
   666  300007  FF                 	db	255
   667                           
   668                           ; Padding undefined space
   669  300008                     	org	3145736
   670  300008  FF                 	db	255
   671                           
   672                           ;Config register CONFIG10 @ 0x300009
   673                           ;	PFM and Data EEPROM Code Protection bit
   674                           ;	CP = OFF, PFM and Data EEPROM code protection disabled
   675  300009                     	org	3145737
   676  300009  FF                 	db	255
   677                           tosu	equ	0x4FF
   678                           tosh	equ	0x4FE
   679                           tosl	equ	0x4FD
   680                           stkptr	equ	0x4FC
   681                           pclatu	equ	0x4FB
   682                           pclath	equ	0x4FA
   683                           pcl	equ	0x4F9
   684                           tblptru	equ	0x4F8
   685                           tblptrh	equ	0x4F7
   686                           tblptrl	equ	0x4F6
   687                           tablat	equ	0x4F5
   688                           prodh	equ	0x4F4
   689                           prodl	equ	0x4F3
   690                           indf0	equ	0x4EF
   691                           postinc0	equ	0x4EE
   692                           postdec0	equ	0x4ED
   693                           preinc0	equ	0x4EC
   694                           plusw0	equ	0x4EB
   695                           fsr0h	equ	0x4EA
   696                           fsr0l	equ	0x4E9
   697                           wreg	equ	0x4E8
   698                           indf1	equ	0x4E7
   699                           postinc1	equ	0x4E6
   700                           postdec1	equ	0x4E5
   701                           preinc1	equ	0x4E4
   702                           plusw1	equ	0x4E3
   703                           fsr1h	equ	0x4E2
   704                           fsr1l	equ	0x4E1
   705                           bsr	equ	0x4E0
   706                           indf2	equ	0x4DF
   707                           postinc2	equ	0x4DE
   708                           postdec2	equ	0x4DD
   709                           preinc2	equ	0x4DC
   710                           plusw2	equ	0x4DB
   711                           fsr2h	equ	0x4DA
   712                           fsr2l	equ	0x4D9
   713                           status	equ	0x4D8

Data Sizes:
    Strings     0
    Constant    0
    Data        0
    BSS         13
    Persistent  0
    Stack       0

Auto Spaces:
    Space          Size  Autos    Used
    COMRAM           95      4      17
    BANK5           160      0       0
    BANK6           256      0       0
    BANK7           256      0       0
    BANK8           256      0       0
    BANK9           256      0       0
    BANK10          256      0       0
    BANK11          256      0       0
    BANK12          256      0       0
    BANK13          256      0       0
    BANK14          256      0       0
    BANK15          256      0       0
    BANK16          256      0       0
    BANK17          256      0       0
    BANK18          256      0       0
    BANK19          256      0       0
    BANK20          256      0       0
    BANK21          256      0       0
    BANK22          256      0       0
    BANK23          256      0       0
    BANK24          256      0       0
    BANK25          256      0       0
    BANK26          256      0       0
    BANK27          256      0       0
    BANK28          256      0       0
    BANK29          256      0       0
    BANK30          256      0       0
    BANK31          256      0       0
    BANK32          256      0       0
    BANK33          256      0       0
    BANK34          256      0       0
    BANK35          256      0       0
    BANK36          256      0       0
    BANK37          256      0       0

Pointer List with Targets:

    None.

Critical Paths under _main in COMRAM

    _main->_UserAppRun

Critical Paths under _main in BANK5

    None.

Critical Paths under _main in BANK6

    None.

Critical Paths under _main in BANK7

    None.

Critical Paths under _main in BANK8

    None.

Critical Paths under _main in BANK9

    None.

Critical Paths under _main in BANK10

    None.

Critical Paths under _main in BANK11

    None.

Critical Paths under _main in BANK12

    None.

Critical Paths under _main in BANK13

    None.

Critical Paths under _main in BANK14

    None.

Critical Paths under _main in BANK15

    None.

Critical Paths under _main in BANK16

    None.

Critical Paths under _main in BANK17

    None.

Critical Paths under _main in BANK18

    None.

Critical Paths under _main in BANK19

    None.

Critical Paths under _main in BANK20

    None.

Critical Paths under _main in BANK21

    None.

Critical Paths under _main in BANK22

    None.

Critical Paths under _main in BANK23

    None.

Critical Paths under _main in BANK24

    None.

Critical Paths under _main in BANK25

    None.

Critical Paths under _main in BANK26

    None.

Critical Paths under _main in BANK27

    None.

Critical Paths under _main in BANK28

    None.

Critical Paths under _main in BANK29

    None.

Critical Paths under _main in BANK30

    None.

Critical Paths under _main in BANK31

    None.

Critical Paths under _main in BANK32

    None.

Critical Paths under _main in BANK33

    None.

Critical Paths under _main in BANK34

    None.

Critical Paths under _main in BANK35

    None.

Critical Paths under _main in BANK36

    None.

Critical Paths under _main in BANK37

    None.

Call Graph Tables:

 ---------------------------------------------------------------------------------
 (Depth) Function   	        Calls       Base Space   Used Autos Params    Refs
 ---------------------------------------------------------------------------------
 (0) _main                                                 0     0      0      15
                         _ClockSetup
                          _GpioSetup
                       _SysTickSetup
                        _SystemSleep
                  _UserAppInitialize
                         _UserAppRun
 ---------------------------------------------------------------------------------
 (1) _UserAppRun                                           4     4      0      15
                                              0 COMRAM     4     4      0
 ---------------------------------------------------------------------------------
 (1) _UserAppInitialize                                    0     0      0       0
 ---------------------------------------------------------------------------------
 (1) _SystemSleep                                          0     0      0       0
 ---------------------------------------------------------------------------------
 (1) _SysTickSetup                                         0     0      0       0
 ---------------------------------------------------------------------------------
 (1) _GpioSetup                                            0     0      0       0
 ---------------------------------------------------------------------------------
 (1) _ClockSetup                                           0     0      0       0
 ---------------------------------------------------------------------------------
 Estimated maximum stack depth 1
 ---------------------------------------------------------------------------------

 Call Graph Graphs:

 _main (ROOT)
   _ClockSetup
   _GpioSetup
   _SysTickSetup
   _SystemSleep
   _UserAppInitialize
   _UserAppRun

 Address spaces:
Name               Size   Autos  Total    Cost      Usage
BIGRAM            20FF      0       0      71        0.0%
EEDATA             400      0       0       0        0.0%
BITBANK37          100      0       0      70        0.0%
BANK37             100      0       0      68        0.0%
BITBANK36          100      0       0      66        0.0%
BANK36             100      0       0      67        0.0%
BITBANK35          100      0       0      64        0.0%
BANK35             100      0       0      65        0.0%
BITBANK34          100      0       0      62        0.0%
BANK34             100      0       0      63        0.0%
BITBANK33          100      0       0      60        0.0%
BANK33             100      0       0      61        0.0%
BITBANK32          100      0       0      58        0.0%
BANK32             100      0       0      59        0.0%
BITBANK31          100      0       0      56        0.0%
BANK31             100      0       0      57        0.0%
BITBANK30          100      0       0      54        0.0%
BANK30             100      0       0      55        0.0%
BITBANK29          100      0       0      52        0.0%
BANK29             100      0       0      53        0.0%
BITBANK28          100      0       0      50        0.0%
BANK28             100      0       0      51        0.0%
BITBANK27          100      0       0      48        0.0%
BANK27             100      0       0      49        0.0%
BITBANK26          100      0       0      46        0.0%
BANK26             100      0       0      47        0.0%
BITBANK25          100      0       0      44        0.0%
BANK25             100      0       0      45        0.0%
BITBANK24          100      0       0      42        0.0%
BANK24             100      0       0      43        0.0%
BITBANK23          100      0       0      40        0.0%
BANK23             100      0       0      41        0.0%
BITBANK22          100      0       0      38        0.0%
BANK22             100      0       0      39        0.0%
BITBANK21          100      0       0      36        0.0%
BANK21             100      0       0      37        0.0%
BITBANK20          100      0       0      34        0.0%
BANK20             100      0       0      35        0.0%
BITBANK19          100      0       0      32        0.0%
BANK19             100      0       0      33        0.0%
BITBANK18          100      0       0      30        0.0%
BANK18             100      0       0      31        0.0%
BITBANK17          100      0       0      28        0.0%
BANK17             100      0       0      29        0.0%
BITBANK16          100      0       0      26        0.0%
BANK16             100      0       0      27        0.0%
BITBANK15          100      0       0      24        0.0%
BANK15             100      0       0      25        0.0%
BITBANK14          100      0       0      22        0.0%
BANK14             100      0       0      23        0.0%
BITBANK13          100      0       0      20        0.0%
BANK13             100      0       0      21        0.0%
BITBANK12          100      0       0      18        0.0%
BANK12             100      0       0      19        0.0%
BITBANK11          100      0       0      16        0.0%
BANK11             100      0       0      17        0.0%
BITBANK10          100      0       0      14        0.0%
BANK10             100      0       0      15        0.0%
BITBANK9           100      0       0      12        0.0%
BANK9              100      0       0      13        0.0%
BITBANK8           100      0       0      10        0.0%
BANK8              100      0       0      11        0.0%
BITBANK7           100      0       0       8        0.0%
BANK7              100      0       0       9        0.0%
BITBANK6           100      0       0       6        0.0%
BANK6              100      0       0       7        0.0%
BITBANK5            A0      0       0       4        0.0%
BANK5               A0      0       0       5        0.0%
BITCOMRAM           5F      0       0       0        0.0%
COMRAM              5F      4      11       1       17.9%
BITSFR_5             0      0       0     200        0.0%
SFR_5                0      0       0     200        0.0%
BITSFR_4             0      0       0     200        0.0%
SFR_4                0      0       0     200        0.0%
BITSFR_3             0      0       0     200        0.0%
SFR_3                0      0       0     200        0.0%
BITSFR_2             0      0       0     200        0.0%
SFR_2                0      0       0     200        0.0%
BITSFR_1             0      0       0     200        0.0%
SFR_1                0      0       0     200        0.0%
BITSFR               0      0       0     200        0.0%
SFR                  0      0       0     200        0.0%
STACK                0      0       0       2        0.0%
NULL                 0      0       0       0        0.0%
ABS                  0      0      11      69        0.0%
DATA                 0      0      11       3        0.0%
CODE                 0      0       0       0        0.0%


Microchip Technology PIC18 Macro Assembler V2.31 build 20201012212115 
Symbol Table                                                                                   Tue Mar 02 16:16:07 2021

     __size_of_SysTickSetup 0022                          l21 FF9E                          l15 FF4E  
                        l24 FF50                          l18 FF7C                          l60 FFE4  
                        l63 FFFA                          l57 FF56                          u10 FFFA  
                        u11 FFF6                         l743 FF52                         l745 FFC2  
                       l739 FF6A                         l747 FFC6                         l771 FFA6  
                       l765 FF7E                         l749 FFDA                         l773 FFAA  
                       l775 FFAE                         l767 FFA0                         l777 FFB2  
                       l769 FFA2                         l779 FFB6                         wreg 0004E8  
                      _LATA 0004BE                        _main FFA0                _SysTickSetup FF7E  
                      start FFFC        __size_of_SystemSleep 0002                ___param_bank 000000  
                _ClockSetup FF4E                       ?_main 050E                       _PORTA 0004CE  
                     _TRISA 0004C6                       status 0004D8             __initialization FF58  
              __end_of_main FFC2                      ??_main 0512               __activetblptr 000000  
                    _ANSELA 000400          __size_of_GpioSetup 0014                 ?_ClockSetup 050E  
                    clear_0 FF5E                  _UserAppRun FFC2                  __accesstop 0560  
   __end_of__initialization FF64               ___rparam_used 000001            _G_u8UserAppFlags 050D  
            __pcstackCOMRAM 050E           __end_of_GpioSetup FF7E         __size_of_ClockSetup 0002  
               ?_UserAppRun 050E               ??_SystemSleep 050E                     __Hparam 0000  
                   __Lparam 0000                     __pcinit FF58                     __ramtop 2600  
                   __ptext0 FFA0                     __ptext1 FFC2                     __ptext2 FF52  
                   __ptext3 FF50                     __ptext4 FF7E                     __ptext5 FF6A  
                   __ptext6 FF4E        end_of_initialization FF64            _G_u32SystemFlags 0501  
                   postinc0 0004EE         __end_of_SystemSleep FF52                ??_ClockSetup 050E  
       __size_of_UserAppRun 003A        UserAppRun@u32Counter 050E          __end_of_ClockSetup FF50  
                 _GpioSetup FF6A         start_initialization FF58               ?_SysTickSetup 050E  
               _SystemSleep FF50                  ?_GpioSetup 050E                 __pbssCOMRAM 0501  
         _UserAppInitialize FF52                ??_UserAppRun 050E          ?_UserAppInitialize 050E  
            ??_SysTickSetup 050E         ??_UserAppInitialize 050E          __end_of_UserAppRun FFFC  
 __end_of_UserAppInitialize FF58                 ??_GpioSetup 050E                    __Hrparam 0000  
                  __Lrparam 0000        __end_of_SysTickSetup FFA0  __size_of_UserAppInitialize 0006  
             __size_of_main 0022                ?_SystemSleep 050E          _G_u32SystemTime1ms 0509  
         _G_u32SystemTime1s 0505  
